Looking for git in: git
Using git 2.17.1 from git
> git rev-parse --show-toplevel
> git rev-parse --git-dir
> git config --get commit.template
Open repository: /home/vlad/Work/umag-frontend
> git status -z -u
> git symbolic-ref --short HEAD
> git rev-parse master
> git rev-parse --symbolic-full-name master@{u}
> git rev-list --left-right master...refs/remotes/origin/master
> git for-each-ref --format %(refname) %(objectname) --sort -committerdate
> git remote --verbose
> git show :src/app/mainModule/components/login/login.component.ts
> git check-ignore -v -z --stdin
> git check-ignore -v -z --stdin
> git show :src/app/shared/config/rests.ts
> git check-ignore -v -z --stdin
> git show :src/app/mainModule/interceptors/token.interceptor.ts
> git check-ignore -v -z --stdin
> git show :src/app/shared/models/user/user.ts
> git check-ignore -v -z --stdin
> git show :src/app/mainModule/guards/deactivate/deactivate.class.ts
> git check-ignore -v -z --stdin
> git show :src/app/mainModule/components/login/login.component.ts
> git show :src/app/shared/config/rests.ts
> git show :src/app/mainModule/services/authentication.service.ts
> git check-ignore -v -z --stdin
> git show :src/app/shared/config/rests.ts
> git show :src/app/sharedModule/components/category-input-crud/category-input-crud.component.ts
> git check-ignore -v -z --stdin
> git show :src/app/mainModule/interceptors/token.interceptor.ts
> git show :src/app/shared/config/rests.ts
> git show :src/app/mainModule/interceptors/token.interceptor.ts
> git show :src/app/mainModule/services/authentication.service.ts
> git show :src/app/mainModule/services/user.service.ts
> git check-ignore -v -z --stdin
> git show :src/app/mainModule/services/authentication.service.ts
> git show :src/app/mainModule/interceptors/token.interceptor.ts
> git show :src/app/mainModule/services/authentication.service.ts
> git show :src/app/mainModule/services/storage.service.ts
> git check-ignore -v -z --stdin
> git show :src/app/mainModule/services/user.service.ts
> git show :src/app/modules/local/user/component/profile/profile.component.ts
> git check-ignore -v -z --stdin
> git show :src/app/shared/models/user/user.ts
> git show :src/app/mainModule/services/authentication.service.ts
> git show :src/app/mainModule/interceptors/token.interceptor.ts
> git show :src/app/mainModule/guards/auth/auth.guard.ts
> git check-ignore -v -z --stdin
> git show :src/app/mainModule/components/login/login.component.ts
> git show :src/app/mainModule/guards/auth/auth.guard.ts
> git show :src/app/mainModule/guards/login/login.guard.ts
> git check-ignore -v -z --stdin
> git show :src/app/mainModule/interceptors/token.interceptor.ts
> git status -z -u
> git symbolic-ref --short HEAD
> git rev-parse master
> git rev-parse --symbolic-full-name master@{u}
> git rev-list --left-right master...refs/remotes/origin/master
> git for-each-ref --format %(refname) %(objectname) --sort -committerdate
> git remote --verbose
