[32535][1561355138157][main][info]["Booting Postman 7.2.2, linux-4.15.0-29-generic on x64"]
[32535][1561355138159][main][info]["EventBus~initialize - Success"]
[32535][1561355138166][main][info]["UpdateHandler~init - Success"]
[32535][1561355138168][main][info]["RuntimeExecutionService~initialized: Success"]
[32535][1561355138169][main][info]["LinuxAutoUpdater~Cleanup - Initial cleanup successful"]
[32535][1561355138182][main][info]["PluginHost~bootHost: Booted - 1"]
[32535][1561355138282][main][info]["Bootstrap-models~bootstrap - Success"]
[32541][1561355138313][main][info]["Booting Postman 7.2.2, linux-4.15.0-29-generic on x64"]
[32541][1561355138317][main][info]["EventBus~initialize - Success"]
[32541][1561355138326][main][info]["UpdateHandler~init - Success"]
[32541][1561355138329][main][info]["RuntimeExecutionService~initialized: Success"]
[32541][1561355138331][main][info]["LinuxAutoUpdater~Cleanup - Initial cleanup successful"]
[32541][1561355138363][main][info]["PluginHost~bootHost: Booted - 1"]
[32541][1561355138385][main][info]["Quitting app"]
[32541][1561355138386][main][error]["WindowManager~getSharedWindow: Shared window is not available"]
[32541][1561355138391][main][info][null]
[32535][1561355138408][main][error]["main~makeSingleInstance: windowManager~focusRequesterWindow: Unable to restore the last closed requester window"]
[32535][1561355138414][main][warn]["WindowManager~newRequesterWindow - Bailing requester window creation as shared is not booted!"]
[32535][1561355138414][main][error]["main~makeSingleInstance: New Requester window instance not found"]
[32657][1561355140106][main][info]["Booting Postman 7.2.2, linux-4.15.0-29-generic on x64"]
[32657][1561355140109][main][info]["EventBus~initialize - Success"]
[32657][1561355140117][main][info]["UpdateHandler~init - Success"]
[32657][1561355140119][main][info]["RuntimeExecutionService~initialized: Success"]
[32657][1561355140120][main][info]["LinuxAutoUpdater~Cleanup - Initial cleanup successful"]
[32535][1561355140157][main][error]["main~makeSingleInstance: windowManager~focusRequesterWindow: Unable to restore the last closed requester window"]
[32535][1561355140158][main][warn]["WindowManager~newRequesterWindow - Bailing requester window creation as shared is not booted!"]
[32535][1561355140158][main][error]["main~makeSingleInstance: New Requester window instance not found"]
[32657][1561355140136][main][info]["PluginHost~bootHost: Booted - 1"]
[32657][1561355140156][main][info]["Quitting app"]
[32657][1561355140156][main][error]["WindowManager~getSharedWindow: Shared window is not available"]
[32657][1561355140162][main][info][null]
[32535][1561355140199][main][info]["Main~AppEvents - Received booted event for process shared"]
[32535][1561355141878][main][info]["UpdateHandler~app-update-events - Received event",{"name":"checkForElectronVersionUpdated","namespace":"appUpdate"}]
[32535][1561355141880][main][info]["Main~AppEvents - Received booted event for process requester"]
[32535][1561355143909][main][info]["WindowManager~closeHandler - Closed Window (id: 4 )"]
[32535][1561355143920][main][info]["Quitting app"]
[32535][1561355143921][main][info][null]
[17783][1563270922624][main][info]["Booting Postman 7.2.2, linux-4.15.0-54-generic on x64"]
[17783][1563270922627][main][info]["EventBus~initialize - Success"]
[17783][1563270922636][main][info]["UpdateHandler~init - Success"]
[17783][1563270922638][main][info]["RuntimeExecutionService~initialized: Success"]
[17783][1563270922639][main][info]["LinuxAutoUpdater~Cleanup - Initial cleanup successful"]
[17783][1563270922657][main][info]["PluginHost~bootHost: Booted - 1"]
[17783][1563270922823][main][info]["Bootstrap-models~bootstrap - Success"]
[17783][1563270924646][main][info]["Main~AppEvents - Received booted event for process shared"]
[17783][1563270926425][main][info]["UpdateHandler~app-update-events - Received event",{"name":"checkForElectronVersionUpdated","namespace":"appUpdate"}]
[17783][1563270926426][main][info]["Main~AppEvents - Received booted event for process requester"]
[17783][1563280072497][main][info]["WindowManager~closeHandler - Closed Window (id: 3 )"]
[17783][1563280072506][main][info]["Quitting app"]
[17783][1563280072508][main][info][null]
[13814][1563345865986][main][info]["Booting Postman 7.2.2, linux-4.15.0-54-generic on x64"]
[13814][1563345865988][main][info]["EventBus~initialize - Success"]
[13814][1563345865997][main][info]["UpdateHandler~init - Success"]
[13814][1563345865999][main][info]["RuntimeExecutionService~initialized: Success"]
[13814][1563345866001][main][info]["LinuxAutoUpdater~Cleanup - Initial cleanup successful"]
[13814][1563345866019][main][info]["PluginHost~bootHost: Booted - 1"]
[13814][1563345866180][main][info]["Bootstrap-models~bootstrap - Success"]
[13822][1563345866350][main][info]["Booting Postman 7.2.2, linux-4.15.0-54-generic on x64"]
[13822][1563345866352][main][info]["EventBus~initialize - Success"]
[13822][1563345866360][main][info]["UpdateHandler~init - Success"]
[13822][1563345866362][main][info]["RuntimeExecutionService~initialized: Success"]
[13822][1563345866364][main][info]["LinuxAutoUpdater~Cleanup - Initial cleanup successful"]
[13822][1563345866380][main][info]["PluginHost~bootHost: Booted - 1"]
[13822][1563345866400][main][info]["Quitting app"]
[13822][1563345866401][main][error]["WindowManager~getSharedWindow: Shared window is not available"]
[13822][1563345866404][main][info][null]
[13814][1563345866428][main][warn]["WindowManager~newRequesterWindow - Bailing requester window creation as shared is not booted!"]
[13814][1563345866429][main][error]["main~makeSingleInstance: windowManager~focusRequesterWindow: Unable to restore the last closed requester window"]
[13814][1563345866432][main][warn]["WindowManager~newRequesterWindow - Bailing requester window creation as shared is not booted!"]
[13814][1563345866433][main][error]["main~makeSingleInstance: New Requester window instance not found"]
[13814][1563345868080][main][info]["Main~AppEvents - Received booted event for process shared"]
[13814][1563345869768][main][info]["UpdateHandler~app-update-events - Received event",{"name":"checkForElectronVersionUpdated","namespace":"appUpdate"}]
[13814][1563345869770][main][info]["Main~AppEvents - Received booted event for process requester"]
[13814][1563368774121][main][info]["Quitting app"]
[13814][1563368774128][main][info][null]
[6085][1563856739850][main][info]["Booting Postman 7.2.2, linux-4.15.0-54-generic on x64"]
[6085][1563856739852][main][info]["EventBus~initialize - Success"]
[6085][1563856739861][main][info]["UpdateHandler~init - Success"]
[6085][1563856739863][main][info]["RuntimeExecutionService~initialized: Success"]
[6085][1563856739864][main][info]["LinuxAutoUpdater~Cleanup - Initial cleanup successful"]
[6085][1563856739876][main][info]["PluginHost~bootHost: Booted - 1"]
[6085][1563856740024][main][info]["Bootstrap-models~bootstrap - Success"]
[6085][1563856741762][main][info]["Main~AppEvents - Received booted event for process shared"]
[6085][1563856743444][main][info]["UpdateHandler~app-update-events - Received event",{"name":"checkForElectronVersionUpdated","namespace":"appUpdate"}]
[6085][1563856743446][main][info]["Main~AppEvents - Received booted event for process requester"]
[21333][1564724121454][main][info]["Booting Postman 7.2.2, linux-4.15.0-55-generic on x64"]
[21333][1564724121457][main][info]["EventBus~initialize - Success"]
[21333][1564724121466][main][info]["UpdateHandler~init - Success"]
[21333][1564724121468][main][info]["RuntimeExecutionService~initialized: Success"]
[21333][1564724121469][main][info]["LinuxAutoUpdater~Cleanup - Initial cleanup successful"]
[21333][1564724121487][main][info]["PluginHost~bootHost: Booted - 1"]
[21333][1564724121645][main][info]["Bootstrap-models~bootstrap - Success"]
[21333][1564724123405][main][info]["Main~AppEvents - Received booted event for process shared"]
[21333][1564724125127][main][info]["UpdateHandler~app-update-events - Received event",{"name":"checkForElectronVersionUpdated","namespace":"appUpdate"}]
[21333][1564724125129][main][info]["Main~AppEvents - Received booted event for process requester"]
[21333][1564724135968][main][info]["UpdateHandler~app-update-events - Received event",{"data":{"additionalParamsString":"installationId=8e9aea64-afd2-4068-8b76-bf341b6b5ebf&userId=0&syncEnabled=false&teamPlan=","appId":"8e9aea64-afd2-4068-8b76-bf341b6b5ebf","arch":"64","channel":"stable","downloadURL":"https://dl.pstmn.io/download/version/7.3.5/linux_64","downloadVersion":"7.3.5","platform":"LINUX","updateServerDomain":"https://dl.pstmn.io/","userAgent":"Mozilla/5.0 (X11; Linux x86_64) AppleWebKit/537.36 (KHTML, like Gecko) Postman/7.2.2 Chrome/59.0.3071.115 Electron/1.8.8 Safari/537.36","userId":"0","version":"7.2.2"},"name":"updateElectron","namespace":"appUpdate"}]
[21333][1564724135969][main][info]["LinuxUpdater~downloadUpdate - UpdateInfo received",{"additionalParamsString":"installationId=8e9aea64-afd2-4068-8b76-bf341b6b5ebf&userId=0&syncEnabled=false&teamPlan=","appId":"8e9aea64-afd2-4068-8b76-bf341b6b5ebf","arch":"64","channel":"stable","downloadURL":"https://dl.pstmn.io/download/version/7.3.5/linux_64","downloadVersion":"7.3.5","platform":"LINUX","updateServerDomain":"https://dl.pstmn.io/","userAgent":"Mozilla/5.0 (X11; Linux x86_64) AppleWebKit/537.36 (KHTML, like Gecko) Postman/7.2.2 Chrome/59.0.3071.115 Electron/1.8.8 Safari/537.36","userId":"0","version":"7.2.2"}]
[21333][1564724171034][main][info]["@postman/app-updater: Update updateDownloaded","","Postman","","https://dl.pstmn.io/download/version/7.3.5/linux_64","7.3.5"]
[21333][1564724171035][main][info]["UpdateHandler~app-update-events - Received event",{"name":"electronAppUpdateDownloaded","namespace":"appUpdate","data":{"name":"Postman","notes":"","date":"","URL":"https://dl.pstmn.io/download/version/7.3.5/linux_64","downloadVersion":"7.3.5"}}]
[21333][1564725371697][main][info]["WindowManager~closeHandler - Closed Window (id: 3 )"]
[21333][1564725371727][main][info]["Quitting app"]
[21333][1564725371728][main][info][null]
[21333][1564725371732][main][info]["Applying update and quit the app"]
[21333][1564725371732][main][info]["@postman/app-updater: quitting app to update"]
[21333][1564725371733][main][info]["LinuxAutoUpdater~quitAndInstall - Initiated"]
[21333][1564725371733][main][info]["LinuxAutoUpdater~quitAndInstall - Quitting for update"]
[19887][1564737741437][main][info]["Booting Postman 7.3.5, linux-4.15.0-55-generic on x64"]
[19887][1564737741440][main][info]["EventBus~initialize - Success"]
[19887][1564737741446][main][info]["UpdateHandler~init - Success"]
[19887][1564737741447][main][info]["RuntimeExecutionService~initialized: Success"]
[19887][1564737741466][main][info]["PluginHost~bootHost: Booted - 1"]
[19887][1564737741953][main][info]["window-manager~newSharedWindow: Shell loaded"]
[19887][1564737742168][main][info]["Bootstrap-models~bootstrap - Success"]
[19887][1564737742203][main][info]["LinuxAutoUpdater~Cleanup - Initial cleanup successful"]
[19887][1564737743364][main][info]["Main~AppEvents - Received booted event for process shared"]
[19887][1564737744787][main][info]["UpdateHandler~app-update-events - Received event",{"name":"checkForElectronVersionUpdated","namespace":"appUpdate"}]
[19887][1564737744788][main][info]["@postman/app-updater: version Updated","7.2.2","7.3.5"]
[19887][1564737744789][main][info]["UpdateHandler~app-update-events - Received event",{"name":"electronVersionUpdated","namespace":"appUpdate","data":{"lastKnownVersion":"7.2.2","currentVersion":"7.3.5"}}]
[19887][1564737744789][main][info]["Main~AppEvents - Received booted event for process requester"]
[19887][1565083345349][main][info]["UpdateHandler~app-update-events - Received event",{"data":{"additionalParamsString":"installationId=8e9aea64-afd2-4068-8b76-bf341b6b5ebf&userId=0&syncEnabled=false&teamPlan=","appId":"8e9aea64-afd2-4068-8b76-bf341b6b5ebf","arch":"64","channel":"stable","downloadURL":"https://dl.pstmn.io/download/version/7.3.6/linux_64","downloadVersion":"7.3.6","platform":"LINUX","updateServerDomain":"https://dl.pstmn.io/","userAgent":"Mozilla/5.0 (X11; Linux x86_64) AppleWebKit/537.36 (KHTML, like Gecko) Postman/7.3.5 Chrome/66.0.3359.181 Electron/3.1.8 Safari/537.36","userId":"0","version":"7.3.5"},"name":"updateElectron","namespace":"appUpdate"}]
[19887][1565083345351][main][info]["LinuxUpdater~downloadUpdate - UpdateInfo received",{"additionalParamsString":"installationId=8e9aea64-afd2-4068-8b76-bf341b6b5ebf&userId=0&syncEnabled=false&teamPlan=","appId":"8e9aea64-afd2-4068-8b76-bf341b6b5ebf","arch":"64","channel":"stable","downloadURL":"https://dl.pstmn.io/download/version/7.3.6/linux_64","downloadVersion":"7.3.6","platform":"LINUX","updateServerDomain":"https://dl.pstmn.io/","userAgent":"Mozilla/5.0 (X11; Linux x86_64) AppleWebKit/537.36 (KHTML, like Gecko) Postman/7.3.5 Chrome/66.0.3359.181 Electron/3.1.8 Safari/537.36","userId":"0","version":"7.3.5"}]
[19887][1565083380230][main][info]["@postman/app-updater: Update updateDownloaded","","Postman","","https://dl.pstmn.io/download/version/7.3.6/linux_64","7.3.6"]
[19887][1565083380230][main][info]["UpdateHandler~app-update-events - Received event",{"name":"electronAppUpdateDownloaded","namespace":"appUpdate","data":{"name":"Postman","notes":"","date":"","URL":"https://dl.pstmn.io/download/version/7.3.6/linux_64","downloadVersion":"7.3.6"}}]
[19887][1565755630591][main][info]["WindowManager~closeHandler - Closed Window (id: 3 )"]
[19887][1565755630649][main][info]["Quitting app"]
[19887][1565755630654][main][info][null]
[19887][1565755630657][main][info]["Applying update and quit the app"]
[19887][1565755630658][main][info]["@postman/app-updater: quitting app to update"]
[19887][1565755630658][main][info]["LinuxAutoUpdater~quitAndInstall - Initiated"]
[19887][1565755630659][main][info]["LinuxAutoUpdater~quitAndInstall - Quitting for update"]
[14481][1565760857745][main][info]["Booting Postman 7.3.6, linux-4.15.0-55-generic on x64"]
[14481][1565760857748][main][info]["EventBus~initialize - Success"]
[14481][1565760857755][main][info]["UpdateHandler~init - Success"]
[14481][1565760857757][main][info]["RuntimeExecutionService~initialized: Success"]
[14481][1565760857776][main][info]["PluginHost~bootHost: Booted - 1"]
[14481][1565760858366][main][info]["window-manager~newSharedWindow: Shell loaded"]
[14481][1565760858487][main][info]["LinuxAutoUpdater~Cleanup - Initial cleanup successful"]
[14481][1565760858488][main][info]["Bootstrap-models~bootstrap - Success"]
[14481][1565760859648][main][info]["Main~AppEvents - Received booted event for process shared"]
[14481][1565760861056][main][info]["UpdateHandler~app-update-events - Received event",{"name":"checkForElectronVersionUpdated","namespace":"appUpdate"}]
[14481][1565760861058][main][info]["Main~AppEvents - Received booted event for process requester"]
[14481][1565760861059][main][info]["@postman/app-updater: version Updated","7.3.5","7.3.6"]
[14481][1565760861060][main][info]["UpdateHandler~app-update-events - Received event",{"name":"electronVersionUpdated","namespace":"appUpdate","data":{"lastKnownVersion":"7.3.5","currentVersion":"7.3.6"}}]
[14481][1565760871746][main][info]["UpdateHandler~app-update-events - Received event",{"data":{"additionalParamsString":"installationId=8e9aea64-afd2-4068-8b76-bf341b6b5ebf&userId=0&syncEnabled=false&teamPlan=","appId":"8e9aea64-afd2-4068-8b76-bf341b6b5ebf","arch":"64","channel":"stable","downloadURL":"https://dl.pstmn.io/download/version/7.5.0/linux_64","downloadVersion":"7.5.0","platform":"LINUX","updateServerDomain":"https://dl.pstmn.io/","userAgent":"Mozilla/5.0 (X11; Linux x86_64) AppleWebKit/537.36 (KHTML, like Gecko) Postman/7.3.6 Chrome/66.0.3359.181 Electron/3.1.8 Safari/537.36","userId":"0","version":"7.3.6"},"name":"updateElectron","namespace":"appUpdate"}]
[14481][1565760871748][main][info]["LinuxUpdater~downloadUpdate - UpdateInfo received",{"additionalParamsString":"installationId=8e9aea64-afd2-4068-8b76-bf341b6b5ebf&userId=0&syncEnabled=false&teamPlan=","appId":"8e9aea64-afd2-4068-8b76-bf341b6b5ebf","arch":"64","channel":"stable","downloadURL":"https://dl.pstmn.io/download/version/7.5.0/linux_64","downloadVersion":"7.5.0","platform":"LINUX","updateServerDomain":"https://dl.pstmn.io/","userAgent":"Mozilla/5.0 (X11; Linux x86_64) AppleWebKit/537.36 (KHTML, like Gecko) Postman/7.3.6 Chrome/66.0.3359.181 Electron/3.1.8 Safari/537.36","userId":"0","version":"7.3.6"}]
[14481][1565760906491][main][info]["@postman/app-updater: Update updateDownloaded","","Postman","","https://dl.pstmn.io/download/version/7.5.0/linux_64","7.5.0"]
[14481][1565760906492][main][info]["UpdateHandler~app-update-events - Received event",{"name":"electronAppUpdateDownloaded","namespace":"appUpdate","data":{"name":"Postman","notes":"","date":"","URL":"https://dl.pstmn.io/download/version/7.5.0/linux_64","downloadVersion":"7.5.0"}}]
[14481][1565775821006][main][info]["Quitting app"]
[14481][1565775821019][main][info][null]
[14481][1565775821022][main][info]["Applying update and quit the app"]
[24758][1565842095379][main][info]["Booting Postman 7.5.0, linux-4.15.0-55-generic on x64"]
[24758][1565842095382][main][info]["EventBus~initialize - Success"]
[24758][1565842095389][main][info]["UpdateHandler~init - Success"]
[24758][1565842095391][main][info]["RuntimeExecutionService~initialized: Success"]
[24758][1565842095411][main][info]["PluginHost~bootHost: Booted - 1"]
[24758][1565842095927][main][info]["window-manager~newSharedWindow: Shell loaded"]
[24758][1565842096119][main][info]["Bootstrap-models~bootstrap - Success"]
[24758][1565842096147][main][info]["LinuxAutoUpdater~Cleanup - Initial cleanup successful"]
[24758][1565842097398][main][info]["Main~AppEvents - Received booted event for process shared"]
[24758][1565842098806][main][info]["UpdateHandler~app-update-events - Received event",{"name":"checkForElectronVersionUpdated","namespace":"appUpdate"}]
[24758][1565842098808][main][info]["@postman/app-updater: version Updated","7.3.6","7.5.0"]
[24758][1565842098808][main][info]["UpdateHandler~app-update-events - Received event",{"name":"electronVersionUpdated","namespace":"appUpdate","data":{"lastKnownVersion":"7.3.6","currentVersion":"7.5.0"}}]
[24758][1565842098815][main][info]["Main~AppEvents - Received booted event for process requester"]
[24758][1565843580320][main][info]["WindowManager~closeHandler - Closed Window (id: 3 )"]
[24758][1565843580331][main][info]["Quitting app"]
[24758][1565843580332][main][info][null]
[28067][1565844003982][main][info]["Booting Postman 7.5.0, linux-4.15.0-55-generic on x64"]
[28067][1565844003984][main][info]["EventBus~initialize - Success"]
[28067][1565844003990][main][info]["UpdateHandler~init - Success"]
[28067][1565844003991][main][info]["RuntimeExecutionService~initialized: Success"]
[28067][1565844003992][main][info]["LinuxAutoUpdater~Cleanup - Initial cleanup successful"]
[28067][1565844004010][main][info]["PluginHost~bootHost: Booted - 1"]
[28067][1565844004082][main][info]["Bootstrap-models~bootstrap - Success"]
[28067][1565844004300][main][info]["window-manager~newSharedWindow: Shell loaded"]
[28067][1565844005513][main][info]["Main~AppEvents - Received booted event for process shared"]
[28067][1565844006931][main][info]["UpdateHandler~app-update-events - Received event",{"name":"checkForElectronVersionUpdated","namespace":"appUpdate"}]
[28067][1565844006937][main][info]["Main~AppEvents - Received booted event for process requester"]
[10287][1565874056286][main][info]["Booting Postman 7.5.0, linux-4.15.0-58-generic on x64"]
[10287][1565874056287][main][info]["EventBus~initialize - Success"]
[10287][1565874056293][main][info]["UpdateHandler~init - Success"]
[10287][1565874056294][main][info]["RuntimeExecutionService~initialized: Success"]
[10287][1565874056295][main][info]["LinuxAutoUpdater~Cleanup - Initial cleanup successful"]
[10287][1565874056311][main][info]["PluginHost~bootHost: Booted - 1"]
[10287][1565874056480][main][info]["Bootstrap-models~bootstrap - Success"]
[10287][1565874056664][main][info]["window-manager~newSharedWindow: Shell loaded"]
[10287][1565874057490][main][warn]["WindowManager~newRequesterWindow - Bailing requester window creation as shared is not booted!"]
[10287][1565874057490][main][error]["main~makeSingleInstance: windowManager~focusRequesterWindow: Unable to restore the last closed requester window"]
[10287][1565874057493][main][warn]["WindowManager~newRequesterWindow - Bailing requester window creation as shared is not booted!"]
[10287][1565874057493][main][error]["main~makeSingleInstance: New Requester window instance not found"]
[10287][1565874057930][main][info]["Main~AppEvents - Received booted event for process shared"]
[10287][1565874059299][main][info]["UpdateHandler~app-update-events - Received event",{"name":"checkForElectronVersionUpdated","namespace":"appUpdate"}]
[10287][1565874059306][main][info]["Main~AppEvents - Received booted event for process requester"]
[20996][1565935907390][main][info]["Booting Postman 7.5.0, linux-4.15.0-58-generic on x64"]
[20996][1565935907393][main][info]["EventBus~initialize - Success"]
[20996][1565935907399][main][info]["UpdateHandler~init - Success"]
[20996][1565935907400][main][info]["RuntimeExecutionService~initialized: Success"]
[20996][1565935907401][main][info]["LinuxAutoUpdater~Cleanup - Initial cleanup successful"]
[20996][1565935907418][main][info]["PluginHost~bootHost: Booted - 1"]
[20996][1565935907688][main][info]["Bootstrap-models~bootstrap - Success"]
[20996][1565935907891][main][info]["window-manager~newSharedWindow: Shell loaded"]
[20996][1565935909181][main][info]["Main~AppEvents - Received booted event for process shared"]
[20996][1565935910566][main][info]["UpdateHandler~app-update-events - Received event",{"name":"checkForElectronVersionUpdated","namespace":"appUpdate"}]
[20996][1565935910572][main][info]["Main~AppEvents - Received booted event for process requester"]
[5726][1565946487592][main][info]["Booting Postman 7.5.0, linux-4.15.0-58-generic on x64"]
[5726][1565946487594][main][info]["EventBus~initialize - Success"]
[5726][1565946487599][main][info]["UpdateHandler~init - Success"]
[5726][1565946487601][main][info]["RuntimeExecutionService~initialized: Success"]
[5726][1565946487602][main][info]["LinuxAutoUpdater~Cleanup - Initial cleanup successful"]
[5726][1565946487618][main][info]["PluginHost~bootHost: Booted - 1"]
[5726][1565946487771][main][info]["Bootstrap-models~bootstrap - Success"]
[5726][1565946487959][main][info]["window-manager~newSharedWindow: Shell loaded"]
[5726][1565946489220][main][info]["Main~AppEvents - Received booted event for process shared"]
[5726][1565946490638][main][info]["UpdateHandler~app-update-events - Received event",{"name":"checkForElectronVersionUpdated","namespace":"appUpdate"}]
[5726][1565946490648][main][info]["Main~AppEvents - Received booted event for process requester"]
[5726][1565960342076][main][info]["Quitting app"]
[5726][1565960342080][main][info][null]
[14891][1566195751463][main][info]["Booting Postman 7.5.0, linux-4.15.0-58-generic on x64"]
[14891][1566195751466][main][info]["EventBus~initialize - Success"]
[14891][1566195751472][main][info]["UpdateHandler~init - Success"]
[14891][1566195751473][main][info]["RuntimeExecutionService~initialized: Success"]
[14891][1566195751475][main][info]["LinuxAutoUpdater~Cleanup - Initial cleanup successful"]
[14891][1566195751489][main][info]["PluginHost~bootHost: Booted - 1"]
[14891][1566195751650][main][info]["Bootstrap-models~bootstrap - Success"]
[14891][1566195751853][main][info]["window-manager~newSharedWindow: Shell loaded"]
[14891][1566195753133][main][info]["Main~AppEvents - Received booted event for process shared"]
[14891][1566195754568][main][info]["UpdateHandler~app-update-events - Received event",{"name":"checkForElectronVersionUpdated","namespace":"appUpdate"}]
[14891][1566195754574][main][info]["Main~AppEvents - Received booted event for process requester"]
[8451][1566274723713][main][info]["Booting Postman 7.5.0, linux-4.15.0-58-generic on x64"]
[8451][1566274723715][main][info]["EventBus~initialize - Success"]
[8451][1566274723720][main][info]["UpdateHandler~init - Success"]
[8451][1566274723722][main][info]["RuntimeExecutionService~initialized: Success"]
[8451][1566274723723][main][info]["LinuxAutoUpdater~Cleanup - Initial cleanup successful"]
[8451][1566274723739][main][info]["PluginHost~bootHost: Booted - 1"]
[8451][1566274723937][main][info]["Bootstrap-models~bootstrap - Success"]
[8451][1566274724136][main][info]["window-manager~newSharedWindow: Shell loaded"]
[8451][1566274725410][main][info]["Main~AppEvents - Received booted event for process shared"]
[8451][1566274726858][main][info]["UpdateHandler~app-update-events - Received event",{"name":"checkForElectronVersionUpdated","namespace":"appUpdate"}]
[8451][1566274726864][main][info]["Main~AppEvents - Received booted event for process requester"]
[8451][1566274739502][main][info]["WindowManager~closeHandler - Closed Window (id: 3 )"]
[8451][1566274739528][main][info]["Quitting app"]
[8451][1566274739532][main][info][null]
[12657][1566564253394][main][info]["Booting Postman 7.5.0, linux-4.15.0-58-generic on x64"]
[12657][1566564253396][main][info]["EventBus~initialize - Success"]
[12657][1566564253401][main][info]["UpdateHandler~init - Success"]
[12657][1566564253403][main][info]["RuntimeExecutionService~initialized: Success"]
[12657][1566564253404][main][info]["LinuxAutoUpdater~Cleanup - Initial cleanup successful"]
[12657][1566564253423][main][info]["PluginHost~bootHost: Booted - 1"]
[12657][1566564253580][main][info]["Bootstrap-models~bootstrap - Success"]
[12657][1566564253797][main][info]["window-manager~newSharedWindow: Shell loaded"]
[12657][1566564255054][main][info]["Main~AppEvents - Received booted event for process shared"]
[12657][1566564256457][main][info]["UpdateHandler~app-update-events - Received event",{"name":"checkForElectronVersionUpdated","namespace":"appUpdate"}]
[12657][1566564256463][main][info]["Main~AppEvents - Received booted event for process requester"]
[12657][1566988778666][main][info]["PluginHost~bootHost: Booted - 2"]
[6814][1567429444860][main][info]["Booting Postman 7.5.0, linux-4.15.0-58-generic on x64"]
[6814][1567429444862][main][info]["EventBus~initialize - Success"]
[6814][1567429444868][main][info]["UpdateHandler~init - Success"]
[6814][1567429444869][main][info]["RuntimeExecutionService~initialized: Success"]
[6814][1567429444870][main][info]["LinuxAutoUpdater~Cleanup - Initial cleanup successful"]
[6814][1567429444885][main][info]["PluginHost~bootHost: Booted - 1"]
[6814][1567429445045][main][info]["Bootstrap-models~bootstrap - Success"]
[6814][1567429445262][main][info]["window-manager~newSharedWindow: Shell loaded"]
[6814][1567429446484][main][info]["Main~AppEvents - Received booted event for process shared"]
[6814][1567429447864][main][info]["UpdateHandler~app-update-events - Received event",{"name":"checkForElectronVersionUpdated","namespace":"appUpdate"}]
[6814][1567429447870][main][info]["Main~AppEvents - Received booted event for process requester"]
[6814][1567429458533][main][info]["UpdateHandler~app-update-events - Received event",{"data":{"additionalParamsString":"installationId=8e9aea64-afd2-4068-8b76-bf341b6b5ebf&userId=0&syncEnabled=false&teamPlan=","appId":"8e9aea64-afd2-4068-8b76-bf341b6b5ebf","arch":"64","channel":"stable","downloadURL":"https://dl.pstmn.io/download/version/7.6.0/linux_64","downloadVersion":"7.6.0","platform":"LINUX","updateServerDomain":"https://dl.pstmn.io/","userAgent":"Mozilla/5.0 (X11; Linux x86_64) AppleWebKit/537.36 (KHTML, like Gecko) Postman/7.5.0 Chrome/66.0.3359.181 Electron/3.1.8 Safari/537.36","userId":"0","version":"7.5.0"},"name":"updateElectron","namespace":"appUpdate"}]
[6814][1567429458534][main][info]["LinuxUpdater~downloadUpdate - UpdateInfo received",{"additionalParamsString":"installationId=8e9aea64-afd2-4068-8b76-bf341b6b5ebf&userId=0&syncEnabled=false&teamPlan=","appId":"8e9aea64-afd2-4068-8b76-bf341b6b5ebf","arch":"64","channel":"stable","downloadURL":"https://dl.pstmn.io/download/version/7.6.0/linux_64","downloadVersion":"7.6.0","platform":"LINUX","updateServerDomain":"https://dl.pstmn.io/","userAgent":"Mozilla/5.0 (X11; Linux x86_64) AppleWebKit/537.36 (KHTML, like Gecko) Postman/7.5.0 Chrome/66.0.3359.181 Electron/3.1.8 Safari/537.36","userId":"0","version":"7.5.0"}]
[6814][1567429467862][main][info]["@postman/app-updater: Update updateDownloaded","","Postman","","https://dl.pstmn.io/download/version/7.6.0/linux_64","7.6.0"]
[6814][1567429467863][main][info]["UpdateHandler~app-update-events - Received event",{"name":"electronAppUpdateDownloaded","namespace":"appUpdate","data":{"name":"Postman","notes":"","date":"","URL":"https://dl.pstmn.io/download/version/7.6.0/linux_64","downloadVersion":"7.6.0"}}]
[10360][1568116324553][main][info]["Booting Postman 7.5.0, linux-4.15.0-60-generic on x64"]
[10360][1568116324555][main][info]["EventBus~initialize - Success"]
[10360][1568116324561][main][info]["UpdateHandler~init - Success"]
[10360][1568116324563][main][info]["RuntimeExecutionService~initialized: Success"]
[10360][1568116324579][main][info]["PluginHost~bootHost: Booted - 1"]
[10360][1568116325144][main][info]["window-manager~newSharedWindow: Shell loaded"]
[10360][1568116325268][main][info]["Bootstrap-models~bootstrap - Success"]
[10360][1568116325275][main][info]["LinuxAutoUpdater~Cleanup - Initial cleanup successful"]
[10360][1568116326501][main][info]["Main~AppEvents - Received booted event for process shared"]
[10360][1568116327896][main][info]["UpdateHandler~app-update-events - Received event",{"name":"checkForElectronVersionUpdated","namespace":"appUpdate"}]
[10360][1568116327903][main][info]["Main~AppEvents - Received booted event for process requester"]
[10360][1568116338609][main][info]["UpdateHandler~app-update-events - Received event",{"data":{"additionalParamsString":"installationId=8e9aea64-afd2-4068-8b76-bf341b6b5ebf&userId=0&syncEnabled=false&teamPlan=","appId":"8e9aea64-afd2-4068-8b76-bf341b6b5ebf","arch":"64","channel":"stable","downloadURL":"https://dl.pstmn.io/download/version/7.6.0/linux_64","downloadVersion":"7.6.0","platform":"LINUX","updateServerDomain":"https://dl.pstmn.io/","userAgent":"Mozilla/5.0 (X11; Linux x86_64) AppleWebKit/537.36 (KHTML, like Gecko) Postman/7.5.0 Chrome/66.0.3359.181 Electron/3.1.8 Safari/537.36","userId":"0","version":"7.5.0"},"name":"updateElectron","namespace":"appUpdate"}]
[10360][1568116338609][main][info]["LinuxUpdater~downloadUpdate - UpdateInfo received",{"additionalParamsString":"installationId=8e9aea64-afd2-4068-8b76-bf341b6b5ebf&userId=0&syncEnabled=false&teamPlan=","appId":"8e9aea64-afd2-4068-8b76-bf341b6b5ebf","arch":"64","channel":"stable","downloadURL":"https://dl.pstmn.io/download/version/7.6.0/linux_64","downloadVersion":"7.6.0","platform":"LINUX","updateServerDomain":"https://dl.pstmn.io/","userAgent":"Mozilla/5.0 (X11; Linux x86_64) AppleWebKit/537.36 (KHTML, like Gecko) Postman/7.5.0 Chrome/66.0.3359.181 Electron/3.1.8 Safari/537.36","userId":"0","version":"7.5.0"}]
[10360][1568116374020][main][info]["@postman/app-updater: Update updateDownloaded","","Postman","","https://dl.pstmn.io/download/version/7.6.0/linux_64","7.6.0"]
[10360][1568116374020][main][info]["UpdateHandler~app-update-events - Received event",{"name":"electronAppUpdateDownloaded","namespace":"appUpdate","data":{"name":"Postman","notes":"","date":"","URL":"https://dl.pstmn.io/download/version/7.6.0/linux_64","downloadVersion":"7.6.0"}}]
[10360][1568123347033][main][info]["Quitting app"]
[10360][1568123347035][main][info][null]
[10360][1568123347040][main][info]["Applying update and quit the app"]
[6535][1568266210275][main][info]["Booting Postman 7.6.0, linux-4.15.0-62-generic on x64"]
[6535][1568266210278][main][info]["EventBus~initialize - Success"]
[6535][1568266210287][main][info]["UpdateHandler~init - Success"]
[6535][1568266210289][main][info]["RuntimeExecutionService~initialized: Success"]
[6535][1568266210310][main][info]["PluginHost~bootHost: Booted - 1"]
[6535][1568266210838][main][info]["window-manager~newSharedWindow: Shell loaded"]
[6535][1568266211097][main][info]["Bootstrap-models~bootstrap - Success"]
[6535][1568266211158][main][info]["LinuxAutoUpdater~Cleanup - Initial cleanup successful"]
[6535][1568266212348][main][info]["Main~AppEvents - Received booted event for process shared"]
[6535][1568266213725][main][info]["UpdateHandler~app-update-events - Received event",{"name":"checkForElectronVersionUpdated","namespace":"appUpdate"}]
[6535][1568266213726][main][info]["@postman/app-updater: version Updated","7.5.0","7.6.0"]
[6535][1568266213726][main][info]["UpdateHandler~app-update-events - Received event",{"name":"electronVersionUpdated","namespace":"appUpdate","data":{"lastKnownVersion":"7.5.0","currentVersion":"7.6.0"}}]
[6535][1568266213732][main][info]["Main~AppEvents - Received booted event for process requester"]
[6535][1568271206167][main][info]["Quitting app"]
[6535][1568271206168][main][info][null]
[16288][1568869963863][main][info]["Booting Postman 7.6.0, linux-4.15.0-62-generic on x64"]
[16288][1568869963865][main][info]["EventBus~initialize - Success"]
[16288][1568869963871][main][info]["UpdateHandler~init - Success"]
[16288][1568869963873][main][info]["RuntimeExecutionService~initialized: Success"]
[16288][1568869963874][main][info]["LinuxAutoUpdater~Cleanup - Initial cleanup successful"]
[16288][1568869963887][main][info]["PluginHost~bootHost: Booted - 1"]
[16288][1568869964060][main][info]["Bootstrap-models~bootstrap - Success"]
[16288][1568869964215][main][info]["window-manager~newSharedWindow: Shell loaded"]
[16288][1568869965235][main][info]["Main~AppEvents - Received booted event for process shared"]
[16288][1568869966355][main][info]["UpdateHandler~app-update-events - Received event",{"name":"checkForElectronVersionUpdated","namespace":"appUpdate"}]
[16288][1568869966362][main][info]["Main~AppEvents - Received booted event for process requester"]
[16288][1568869977077][main][info]["UpdateHandler~app-update-events - Received event",{"data":{"additionalParamsString":"installationId=8e9aea64-afd2-4068-8b76-bf341b6b5ebf&userId=0&syncEnabled=false&teamPlan=","appId":"8e9aea64-afd2-4068-8b76-bf341b6b5ebf","arch":"64","channel":"stable","downloadURL":"https://dl.pstmn.io/download/version/7.7.2/linux_64","downloadVersion":"7.7.2","platform":"LINUX","updateServerDomain":"https://dl.pstmn.io/","userAgent":"Mozilla/5.0 (X11; Linux x86_64) AppleWebKit/537.36 (KHTML, like Gecko) Postman/7.6.0 Chrome/66.0.3359.181 Electron/3.1.8 Safari/537.36","userId":"0","version":"7.6.0"},"name":"updateElectron","namespace":"appUpdate"}]
[16288][1568869977078][main][info]["LinuxUpdater~downloadUpdate - UpdateInfo received",{"additionalParamsString":"installationId=8e9aea64-afd2-4068-8b76-bf341b6b5ebf&userId=0&syncEnabled=false&teamPlan=","appId":"8e9aea64-afd2-4068-8b76-bf341b6b5ebf","arch":"64","channel":"stable","downloadURL":"https://dl.pstmn.io/download/version/7.7.2/linux_64","downloadVersion":"7.7.2","platform":"LINUX","updateServerDomain":"https://dl.pstmn.io/","userAgent":"Mozilla/5.0 (X11; Linux x86_64) AppleWebKit/537.36 (KHTML, like Gecko) Postman/7.6.0 Chrome/66.0.3359.181 Electron/3.1.8 Safari/537.36","userId":"0","version":"7.6.0"}]
[16288][1568870011751][main][info]["@postman/app-updater: Update updateDownloaded","","Postman","","https://dl.pstmn.io/download/version/7.7.2/linux_64","7.7.2"]
[16288][1568870011752][main][info]["UpdateHandler~app-update-events - Received event",{"name":"electronAppUpdateDownloaded","namespace":"appUpdate","data":{"name":"Postman","notes":"","date":"","URL":"https://dl.pstmn.io/download/version/7.7.2/linux_64","downloadVersion":"7.7.2"}}]
[16288][1568956834322][main][info]["WindowManager~closeHandler - Closed Window (id: 3 )"]
[16288][1568956834354][main][info]["Quitting app"]
[16288][1568956834358][main][info][null]
[16288][1568956834366][main][info]["Applying update and quit the app"]
[16288][1568956834369][main][info]["@postman/app-updater: quitting app to update"]
[16288][1568956834370][main][info]["LinuxAutoUpdater~quitAndInstall - Initiated"]
[16288][1568956834371][main][info]["LinuxAutoUpdater~quitAndInstall - Quitting for update"]
[16221][1571208686239][main][info]["Booting Postman 7.7.2, linux-4.15.0-65-generic on x64"]
[16221][1571208686241][main][info]["EventBus~initialize - Success"]
[16221][1571208686247][main][info]["UpdateHandler~init - Success"]
[16221][1571208686249][main][info]["RuntimeExecutionService~initialized: Success"]
[16221][1571208686269][main][info]["PluginHost~bootHost: Booted - 1"]
[16221][1571208686847][main][info]["window-manager~newSharedWindow: Shell loaded"]
[16221][1571208686933][main][info]["Bootstrap-models~bootstrap - Success"]
[16221][1571208686942][main][info]["LinuxAutoUpdater~Cleanup - Initial cleanup successful"]
[16221][1571208687925][main][info]["Main~AppEvents - Received booted event for process shared"]
[16221][1571208689160][main][info]["UpdateHandler~app-update-events - Received event",{"name":"checkForElectronVersionUpdated","namespace":"appUpdate"}]
[16221][1571208689162][main][info]["@postman/app-updater: version Updated","7.6.0","7.7.2"]
[16221][1571208689162][main][info]["UpdateHandler~app-update-events - Received event",{"name":"electronVersionUpdated","namespace":"appUpdate","data":{"lastKnownVersion":"7.6.0","currentVersion":"7.7.2"}}]
[16221][1571208689167][main][info]["Main~AppEvents - Received booted event for process requester"]
[16221][1571208699860][main][info]["UpdateHandler~app-update-events - Received event",{"data":{"additionalParamsString":"installationId=8e9aea64-afd2-4068-8b76-bf341b6b5ebf&userId=0&syncEnabled=false&teamPlan=","appId":"8e9aea64-afd2-4068-8b76-bf341b6b5ebf","arch":"64","channel":"stable","downloadURL":"https://dl.pstmn.io/download/version/7.9.0/linux_64","downloadVersion":"7.9.0","platform":"LINUX","updateServerDomain":"https://dl.pstmn.io/","userAgent":"Mozilla/5.0 (X11; Linux x86_64) AppleWebKit/537.36 (KHTML, like Gecko) Postman/7.7.2 Chrome/66.0.3359.181 Electron/3.1.8 Safari/537.36","userId":"0","version":"7.7.2"},"name":"updateElectron","namespace":"appUpdate"}]
[16221][1571208699862][main][info]["LinuxUpdater~downloadUpdate - UpdateInfo received",{"additionalParamsString":"installationId=8e9aea64-afd2-4068-8b76-bf341b6b5ebf&userId=0&syncEnabled=false&teamPlan=","appId":"8e9aea64-afd2-4068-8b76-bf341b6b5ebf","arch":"64","channel":"stable","downloadURL":"https://dl.pstmn.io/download/version/7.9.0/linux_64","downloadVersion":"7.9.0","platform":"LINUX","updateServerDomain":"https://dl.pstmn.io/","userAgent":"Mozilla/5.0 (X11; Linux x86_64) AppleWebKit/537.36 (KHTML, like Gecko) Postman/7.7.2 Chrome/66.0.3359.181 Electron/3.1.8 Safari/537.36","userId":"0","version":"7.7.2"}]
[16221][1571208721498][main][info]["WindowManager~closeHandler - Closed Window (id: 3 )"]
[16221][1571208721526][main][info]["Quitting app"]
[16221][1571208721528][main][info][null]
