[32535][1561355138432][pluginHost][info]["Booting Plugin Host for Postman 7.2.2, linux-4.15.0-29-generic on x64"]
[32535][1561355138438][pluginHost][info]["PluginsHost: Booted"]
[32535][1561355138443][pluginHost][info]["not exist",{"errno":-2,"code":"ENOENT","syscall":"open","path":"/home/vlad/.config/Postman/plugins/postman.openApi/version.json","name":"Error","message":"ENOENT: no such file or directory, open '/home/vlad/.config/Postman/plugins/postman.openApi/version.json'","stack":"Error: ENOENT: no such file or directory, open '/home/vlad/.config/Postman/plugins/postman.openApi/version.json'"}]
[32535][1561355138444][pluginHost][info]["PluginInstallationService~installOrUpdatePlugins Installing plugin",{"version":"0.0.10","pluginId":"postman.openApi","isInstalled":false}]
[32535][1561355138444][pluginHost][info]["PluginInstallationService~installFromLocal",{"pluginZipPath":"/home/vlad/App/Postman/app/resources/app/plugins/postman.openApi.zip","pluginsDir":"/home/vlad/.config/Postman/plugins","currVersionDirPath":"/home/vlad/.config/Postman/plugins/postman.openApi/0.0.10","tempDir":"/tmp","result":{"pluginId":"postman.openApi","version":"0.0.10","status":null}}]
[32535][1561355138444][pluginHost][info]["PluginInstallationService~installFromLocal extracting"]
[32535][1561355138445][pluginHost][info]["not exist",{"errno":-2,"code":"ENOENT","syscall":"open","path":"/home/vlad/.config/Postman/plugins/postman.sample/version.json","name":"Error","message":"ENOENT: no such file or directory, open '/home/vlad/.config/Postman/plugins/postman.sample/version.json'","stack":"Error: ENOENT: no such file or directory, open '/home/vlad/.config/Postman/plugins/postman.sample/version.json'"}]
[32535][1561355138445][pluginHost][info]["PluginInstallationService~installOrUpdatePlugins Installing plugin",{"version":"0.0.1","pluginId":"postman.sample","isInstalled":false}]
[32535][1561355138445][pluginHost][info]["PluginInstallationService~installFromLocal",{"pluginZipPath":"/home/vlad/App/Postman/app/resources/app/plugins/postman.sample.zip","pluginsDir":"/home/vlad/.config/Postman/plugins","currVersionDirPath":"/home/vlad/.config/Postman/plugins/postman.sample/0.0.1","tempDir":"/tmp","result":{"pluginId":"postman.sample","version":"0.0.1","status":null}}]
[32535][1561355138445][pluginHost][info]["PluginInstallationService~installFromLocal extracting"]
[32535][1561355138580][pluginHost][info]["PluginInstallationService~installFromLocal extracted",{"pluginId":"postman.sample","version":"0.0.1","status":null}]
[32535][1561355138580][pluginHost][info]["PluginInstallationService~installFromLocal moving",{"extractedPluginPath":"/tmp/postman.sample"}]
[32535][1561355138582][pluginHost][info]["PluginInstallationService~installFromLocal updating version.json","{\"latest\":\"0.0.1\"}"]
[32535][1561355138587][pluginHost][info]["PluginInstallationService~installFromLocal Completed installing plugin",{"pluginId":"postman.sample","version":"0.0.1","status":"installed"}]
[32535][1561355138591][pluginHost][info]["PluginInstallationService~installFromLocal extracted",{"pluginId":"postman.openApi","version":"0.0.10","status":null}]
[32535][1561355138592][pluginHost][info]["PluginInstallationService~installFromLocal moving",{"extractedPluginPath":"/tmp/postman.openApi"}]
[32535][1561355138592][pluginHost][info]["PluginInstallationService~installFromLocal updating version.json","{\"latest\":\"0.0.10\"}"]
[32535][1561355138593][pluginHost][info]["PluginInstallationService~installFromLocal Completed installing plugin",{"pluginId":"postman.openApi","version":"0.0.10","status":"installed"}]
[32535][1561355138593][pluginHost][info]["PluginsHost~installOrUpdatePlugins: Synced all plugins",[{"pluginId":"postman.openApi","version":"0.0.10","status":"installed"},{"pluginId":"postman.sample","version":"0.0.1","status":"installed"}]]
[17783][1563270922948][pluginHost][info]["Booting Plugin Host for Postman 7.2.2, linux-4.15.0-54-generic on x64"]
[17783][1563270922954][pluginHost][info]["PluginsHost: Booted"]
[17783][1563270922959][pluginHost][info]["PluginInstallationService~_shouldReInstallPlugin",{"installedVersion":"0.0.10","currentVersion":"0.0.10"}]
[17783][1563270922960][pluginHost][info]["PluginInstallationService~_shouldReInstallPlugin",{"installedVersion":"0.0.1","currentVersion":"0.0.1"}]
[17783][1563270922960][pluginHost][info]["PluginsHost~installOrUpdatePlugins: Synced all plugins",[{"pluginId":"postman.openApi","version":"0.0.10","status":"skipped"},{"pluginId":"postman.sample","version":"0.0.1","status":"skipped"}]]
[13814][1563345866264][pluginHost][info]["Booting Plugin Host for Postman 7.2.2, linux-4.15.0-54-generic on x64"]
[13814][1563345866268][pluginHost][info]["PluginsHost: Booted"]
[13814][1563345866272][pluginHost][info]["PluginInstallationService~_shouldReInstallPlugin",{"installedVersion":"0.0.10","currentVersion":"0.0.10"}]
[13814][1563345866272][pluginHost][info]["PluginInstallationService~_shouldReInstallPlugin",{"installedVersion":"0.0.1","currentVersion":"0.0.1"}]
[13814][1563345866272][pluginHost][info]["PluginsHost~installOrUpdatePlugins: Synced all plugins",[{"pluginId":"postman.openApi","version":"0.0.10","status":"skipped"},{"pluginId":"postman.sample","version":"0.0.1","status":"skipped"}]]
[6085][1563856740120][pluginHost][info]["Booting Plugin Host for Postman 7.2.2, linux-4.15.0-54-generic on x64"]
[6085][1563856740124][pluginHost][info]["PluginsHost: Booted"]
[6085][1563856740128][pluginHost][info]["PluginInstallationService~_shouldReInstallPlugin",{"installedVersion":"0.0.10","currentVersion":"0.0.10"}]
[6085][1563856740129][pluginHost][info]["PluginInstallationService~_shouldReInstallPlugin",{"installedVersion":"0.0.1","currentVersion":"0.0.1"}]
[6085][1563856740129][pluginHost][info]["PluginsHost~installOrUpdatePlugins: Synced all plugins",[{"pluginId":"postman.openApi","version":"0.0.10","status":"skipped"},{"pluginId":"postman.sample","version":"0.0.1","status":"skipped"}]]
[21333][1564724121743][pluginHost][info]["Booting Plugin Host for Postman 7.2.2, linux-4.15.0-55-generic on x64"]
[21333][1564724121747][pluginHost][info]["PluginsHost: Booted"]
[21333][1564724121751][pluginHost][info]["PluginInstallationService~_shouldReInstallPlugin",{"installedVersion":"0.0.10","currentVersion":"0.0.10"}]
[21333][1564724121751][pluginHost][info]["PluginInstallationService~_shouldReInstallPlugin",{"installedVersion":"0.0.1","currentVersion":"0.0.1"}]
[21333][1564724121751][pluginHost][info]["PluginsHost~installOrUpdatePlugins: Synced all plugins",[{"pluginId":"postman.openApi","version":"0.0.10","status":"skipped"},{"pluginId":"postman.sample","version":"0.0.1","status":"skipped"}]]
[19887][1564737741736][pluginHost][info]["Booting Plugin Host for Postman 7.3.5, linux-4.15.0-55-generic on x64"]
[19887][1564737741740][pluginHost][info]["PluginsHost: Booted"]
[19887][1564737741746][pluginHost][info]["PluginInstallationService~_shouldReInstallPlugin",{"installedVersion":"0.0.1","currentVersion":"0.0.1"}]
[19887][1564737741747][pluginHost][info]["PluginInstallationService~_shouldReInstallPlugin",{"installedVersion":"0.0.10","currentVersion":"0.0.10"}]
[19887][1564737741747][pluginHost][info]["PluginsHost~installOrUpdatePlugins: Synced all plugins",[{"pluginId":"postman.openApi","version":"0.0.10","status":"skipped"},{"pluginId":"postman.sample","version":"0.0.1","status":"skipped"}]]
[14481][1565760858022][pluginHost][info]["Booting Plugin Host for Postman 7.3.6, linux-4.15.0-55-generic on x64"]
[14481][1565760858026][pluginHost][info]["PluginsHost: Booted"]
[14481][1565760858030][pluginHost][info]["PluginInstallationService~_shouldReInstallPlugin",{"installedVersion":"0.0.10","currentVersion":"0.0.10"}]
[14481][1565760858031][pluginHost][info]["PluginInstallationService~_shouldReInstallPlugin",{"installedVersion":"0.0.1","currentVersion":"0.0.1"}]
[14481][1565760858031][pluginHost][info]["PluginsHost~installOrUpdatePlugins: Synced all plugins",[{"pluginId":"postman.openApi","version":"0.0.10","status":"skipped"},{"pluginId":"postman.sample","version":"0.0.1","status":"skipped"}]]
[24758][1565842095678][pluginHost][info]["Booting Plugin Host for Postman 7.5.0, linux-4.15.0-55-generic on x64"]
[24758][1565842095683][pluginHost][info]["PluginsHost: Booted"]
[24758][1565842095688][pluginHost][info]["PluginInstallationService~_shouldReInstallPlugin",{"installedVersion":"0.0.10","currentVersion":"0.0.10"}]
[24758][1565842095688][pluginHost][info]["PluginInstallationService~_shouldReInstallPlugin",{"installedVersion":"0.0.1","currentVersion":"0.0.1"}]
[24758][1565842095688][pluginHost][info]["PluginsHost~installOrUpdatePlugins: Synced all plugins",[{"pluginId":"postman.openApi","version":"0.0.10","status":"skipped"},{"pluginId":"postman.sample","version":"0.0.1","status":"skipped"}]]
[28067][1565844004256][pluginHost][info]["Booting Plugin Host for Postman 7.5.0, linux-4.15.0-55-generic on x64"]
[28067][1565844004261][pluginHost][info]["PluginsHost: Booted"]
[28067][1565844004265][pluginHost][info]["PluginInstallationService~_shouldReInstallPlugin",{"installedVersion":"0.0.10","currentVersion":"0.0.10"}]
[28067][1565844004266][pluginHost][info]["PluginInstallationService~_shouldReInstallPlugin",{"installedVersion":"0.0.1","currentVersion":"0.0.1"}]
[28067][1565844004266][pluginHost][info]["PluginsHost~installOrUpdatePlugins: Synced all plugins",[{"pluginId":"postman.openApi","version":"0.0.10","status":"skipped"},{"pluginId":"postman.sample","version":"0.0.1","status":"skipped"}]]
[10287][1565874056553][pluginHost][info]["Booting Plugin Host for Postman 7.5.0, linux-4.15.0-58-generic on x64"]
[10287][1565874056556][pluginHost][info]["PluginsHost: Booted"]
[10287][1565874056560][pluginHost][info]["PluginInstallationService~_shouldReInstallPlugin",{"installedVersion":"0.0.10","currentVersion":"0.0.10"}]
[10287][1565874056560][pluginHost][info]["PluginInstallationService~_shouldReInstallPlugin",{"installedVersion":"0.0.1","currentVersion":"0.0.1"}]
[10287][1565874056560][pluginHost][info]["PluginsHost~installOrUpdatePlugins: Synced all plugins",[{"pluginId":"postman.openApi","version":"0.0.10","status":"skipped"},{"pluginId":"postman.sample","version":"0.0.1","status":"skipped"}]]
[20996][1565935907739][pluginHost][info]["Booting Plugin Host for Postman 7.5.0, linux-4.15.0-58-generic on x64"]
[20996][1565935907743][pluginHost][info]["PluginsHost: Booted"]
[20996][1565935907747][pluginHost][info]["PluginInstallationService~_shouldReInstallPlugin",{"installedVersion":"0.0.1","currentVersion":"0.0.1"}]
[20996][1565935907748][pluginHost][info]["PluginInstallationService~_shouldReInstallPlugin",{"installedVersion":"0.0.10","currentVersion":"0.0.10"}]
[20996][1565935907748][pluginHost][info]["PluginsHost~installOrUpdatePlugins: Synced all plugins",[{"pluginId":"postman.openApi","version":"0.0.10","status":"skipped"},{"pluginId":"postman.sample","version":"0.0.1","status":"skipped"}]]
[5726][1565946487860][pluginHost][info]["Booting Plugin Host for Postman 7.5.0, linux-4.15.0-58-generic on x64"]
[5726][1565946487864][pluginHost][info]["PluginsHost: Booted"]
[5726][1565946487868][pluginHost][info]["PluginInstallationService~_shouldReInstallPlugin",{"installedVersion":"0.0.1","currentVersion":"0.0.1"}]
[5726][1565946487869][pluginHost][info]["PluginInstallationService~_shouldReInstallPlugin",{"installedVersion":"0.0.10","currentVersion":"0.0.10"}]
[5726][1565946487869][pluginHost][info]["PluginsHost~installOrUpdatePlugins: Synced all plugins",[{"pluginId":"postman.openApi","version":"0.0.10","status":"skipped"},{"pluginId":"postman.sample","version":"0.0.1","status":"skipped"}]]
[14891][1566195751716][pluginHost][info]["Booting Plugin Host for Postman 7.5.0, linux-4.15.0-58-generic on x64"]
[14891][1566195751719][pluginHost][info]["PluginsHost: Booted"]
[14891][1566195751723][pluginHost][info]["PluginInstallationService~_shouldReInstallPlugin",{"installedVersion":"0.0.10","currentVersion":"0.0.10"}]
[14891][1566195751723][pluginHost][info]["PluginInstallationService~_shouldReInstallPlugin",{"installedVersion":"0.0.1","currentVersion":"0.0.1"}]
[14891][1566195751723][pluginHost][info]["PluginsHost~installOrUpdatePlugins: Synced all plugins",[{"pluginId":"postman.openApi","version":"0.0.10","status":"skipped"},{"pluginId":"postman.sample","version":"0.0.1","status":"skipped"}]]
[8451][1566274723981][pluginHost][info]["Booting Plugin Host for Postman 7.5.0, linux-4.15.0-58-generic on x64"]
[8451][1566274723984][pluginHost][info]["PluginsHost: Booted"]
[8451][1566274723989][pluginHost][info]["PluginInstallationService~_shouldReInstallPlugin",{"installedVersion":"0.0.10","currentVersion":"0.0.10"}]
[8451][1566274723989][pluginHost][info]["PluginInstallationService~_shouldReInstallPlugin",{"installedVersion":"0.0.1","currentVersion":"0.0.1"}]
[8451][1566274723989][pluginHost][info]["PluginsHost~installOrUpdatePlugins: Synced all plugins",[{"pluginId":"postman.openApi","version":"0.0.10","status":"skipped"},{"pluginId":"postman.sample","version":"0.0.1","status":"skipped"}]]
[12657][1566564253654][pluginHost][info]["Booting Plugin Host for Postman 7.5.0, linux-4.15.0-58-generic on x64"]
[12657][1566564253660][pluginHost][info]["PluginsHost: Booted"]
[12657][1566564253665][pluginHost][info]["PluginInstallationService~_shouldReInstallPlugin",{"installedVersion":"0.0.10","currentVersion":"0.0.10"}]
[12657][1566564253665][pluginHost][info]["PluginInstallationService~_shouldReInstallPlugin",{"installedVersion":"0.0.1","currentVersion":"0.0.1"}]
[12657][1566564253666][pluginHost][info]["PluginsHost~installOrUpdatePlugins: Synced all plugins",[{"pluginId":"postman.openApi","version":"0.0.10","status":"skipped"},{"pluginId":"postman.sample","version":"0.0.1","status":"skipped"}]]
[6814][1567429445126][pluginHost][info]["Booting Plugin Host for Postman 7.5.0, linux-4.15.0-58-generic on x64"]
[6814][1567429445129][pluginHost][info]["PluginsHost: Booted"]
[6814][1567429445133][pluginHost][info]["PluginInstallationService~_shouldReInstallPlugin",{"installedVersion":"0.0.10","currentVersion":"0.0.10"}]
[6814][1567429445133][pluginHost][info]["PluginInstallationService~_shouldReInstallPlugin",{"installedVersion":"0.0.1","currentVersion":"0.0.1"}]
[6814][1567429445133][pluginHost][info]["PluginsHost~installOrUpdatePlugins: Synced all plugins",[{"pluginId":"postman.openApi","version":"0.0.10","status":"skipped"},{"pluginId":"postman.sample","version":"0.0.1","status":"skipped"}]]
[10360][1568116324812][pluginHost][info]["Booting Plugin Host for Postman 7.5.0, linux-4.15.0-60-generic on x64"]
[10360][1568116324816][pluginHost][info]["PluginsHost: Booted"]
[10360][1568116324819][pluginHost][info]["PluginInstallationService~_shouldReInstallPlugin",{"installedVersion":"0.0.10","currentVersion":"0.0.10"}]
[10360][1568116324820][pluginHost][info]["PluginInstallationService~_shouldReInstallPlugin",{"installedVersion":"0.0.1","currentVersion":"0.0.1"}]
[10360][1568116324820][pluginHost][info]["PluginsHost~installOrUpdatePlugins: Synced all plugins",[{"pluginId":"postman.openApi","version":"0.0.10","status":"skipped"},{"pluginId":"postman.sample","version":"0.0.1","status":"skipped"}]]
[6535][1568266210636][pluginHost][info]["Booting Plugin Host for Postman 7.6.0, linux-4.15.0-62-generic on x64"]
[6535][1568266210640][pluginHost][info]["PluginsHost: Booted"]
[6535][1568266210649][pluginHost][info]["PluginInstallationService~_shouldReInstallPlugin",{"installedVersion":"0.0.1","currentVersion":"0.0.1"}]
[6535][1568266210649][pluginHost][info]["PluginInstallationService~_shouldReInstallPlugin",{"installedVersion":"0.0.10","currentVersion":"0.0.10"}]
[6535][1568266210649][pluginHost][info]["PluginsHost~installOrUpdatePlugins: Synced all plugins",[{"pluginId":"postman.openApi","version":"0.0.10","status":"skipped"},{"pluginId":"postman.sample","version":"0.0.1","status":"skipped"}]]
[16288][1568869964101][pluginHost][info]["Booting Plugin Host for Postman 7.6.0, linux-4.15.0-62-generic on x64"]
[16288][1568869964104][pluginHost][info]["PluginsHost: Booted"]
[16288][1568869964107][pluginHost][info]["PluginInstallationService~_shouldReInstallPlugin",{"installedVersion":"0.0.1","currentVersion":"0.0.1"}]
[16288][1568869964107][pluginHost][info]["PluginInstallationService~_shouldReInstallPlugin",{"installedVersion":"0.0.10","currentVersion":"0.0.10"}]
[16288][1568869964108][pluginHost][info]["PluginsHost~installOrUpdatePlugins: Synced all plugins",[{"pluginId":"postman.openApi","version":"0.0.10","status":"skipped"},{"pluginId":"postman.sample","version":"0.0.1","status":"skipped"}]]
[16221][1571208686488][pluginHost][info]["Booting Plugin Host for Postman 7.7.2, linux-4.15.0-65-generic on x64"]
[16221][1571208686491][pluginHost][info]["PluginsHost: Booted"]
[16221][1571208686495][pluginHost][info]["PluginInstallationService~_shouldReInstallPlugin",{"installedVersion":"0.0.10","currentVersion":"0.0.10"}]
[16221][1571208686495][pluginHost][info]["PluginInstallationService~_shouldReInstallPlugin",{"installedVersion":"0.0.1","currentVersion":"0.0.1"}]
[16221][1571208686495][pluginHost][info]["PluginsHost~installOrUpdatePlugins: Synced all plugins",[{"pluginId":"postman.openApi","version":"0.0.10","status":"skipped"},{"pluginId":"postman.sample","version":"0.0.1","status":"skipped"}]]
