[32535][1561355141745][requester][info]["EventBus~initialize - Success"]
[32535][1561355141747][requester][info]["Messaging~boot - Success"]
[32535][1561355141763][requester][info]["bootCrashReporter~ Success"]
[32535][1561355141764][requester][info]["Telemetry~boot - Success"]
[32535][1561355141765][requester][info]["bootConfigurations~initialize - Success"]
[32535][1561355141766][requester][info]["Settings~boot - Success"]
[32535][1561355141822][requester][info]["bootstrapModels - Success"]
[32535][1561355141822][requester][info]["WLModels~boot - Success"]
[32535][1561355141863][requester][info]["Session~boot - Success"]
[32535][1561355141865][requester][info]["IndependentServices~boot - Success"]
[32535][1561355141869][requester][info]["AppModels~boot - Success"]
[32535][1561355141870][requester][info]["RuntimeListeners~boot- Success"]
[32535][1561355141870][requester][info]["DBWatcher~boot - Success"]
[32535][1561355141871][requester][info]["ThemeManager~boot - Success"]
[32535][1561355141872][requester][info]["InAppMessaging~boot - Success"]
[32535][1561355141873][requester][info]["Store~boot - Success"]
[32535][1561355141874][requester][info]["Shortcuts~boot - Success"]
[32535][1561355141874][requester][info]["SyncProxy~boot - Success"]
[32535][1561355141879][requester][info]["Requester~boot - Success"]
[32535][1561355141879][requester][info]["booted - requester"]
[17783][1563270926301][requester][info]["EventBus~initialize - Success"]
[17783][1563270926304][requester][info]["Messaging~boot - Success"]
[17783][1563270926322][requester][info]["bootCrashReporter~ Success"]
[17783][1563270926323][requester][info]["Telemetry~boot - Success"]
[17783][1563270926324][requester][info]["bootConfigurations~initialize - Success"]
[17783][1563270926325][requester][info]["Settings~boot - Success"]
[17783][1563270926380][requester][info]["bootstrapModels - Success"]
[17783][1563270926381][requester][info]["WLModels~boot - Success"]
[17783][1563270926408][requester][info]["Session~boot - Success"]
[17783][1563270926410][requester][info]["IndependentServices~boot - Success"]
[17783][1563270926416][requester][info]["AppModels~boot - Success"]
[17783][1563270926416][requester][info]["RuntimeListeners~boot- Success"]
[17783][1563270926417][requester][info]["DBWatcher~boot - Success"]
[17783][1563270926418][requester][info]["ThemeManager~boot - Success"]
[17783][1563270926419][requester][info]["InAppMessaging~boot - Success"]
[17783][1563270926419][requester][info]["Store~boot - Success"]
[17783][1563270926420][requester][info]["Shortcuts~boot - Success"]
[17783][1563270926421][requester][info]["SyncProxy~boot - Success"]
[17783][1563270926426][requester][info]["Requester~boot - Success"]
[17783][1563270926426][requester][info]["booted - requester"]
[13814][1563345869641][requester][info]["EventBus~initialize - Success"]
[13814][1563345869643][requester][info]["Messaging~boot - Success"]
[13814][1563345869663][requester][info]["bootCrashReporter~ Success"]
[13814][1563345869664][requester][info]["Telemetry~boot - Success"]
[13814][1563345869666][requester][info]["bootConfigurations~initialize - Success"]
[13814][1563345869667][requester][info]["Settings~boot - Success"]
[13814][1563345869725][requester][info]["bootstrapModels - Success"]
[13814][1563345869725][requester][info]["WLModels~boot - Success"]
[13814][1563345869752][requester][info]["Session~boot - Success"]
[13814][1563345869754][requester][info]["IndependentServices~boot - Success"]
[13814][1563345869760][requester][info]["AppModels~boot - Success"]
[13814][1563345869760][requester][info]["RuntimeListeners~boot- Success"]
[13814][1563345869760][requester][info]["DBWatcher~boot - Success"]
[13814][1563345869762][requester][info]["ThemeManager~boot - Success"]
[13814][1563345869762][requester][info]["InAppMessaging~boot - Success"]
[13814][1563345869763][requester][info]["Store~boot - Success"]
[13814][1563345869764][requester][info]["Shortcuts~boot - Success"]
[13814][1563345869764][requester][info]["SyncProxy~boot - Success"]
[13814][1563345869769][requester][info]["Requester~boot - Success"]
[13814][1563345869769][requester][info]["booted - requester"]
[6085][1563856743319][requester][info]["EventBus~initialize - Success"]
[6085][1563856743321][requester][info]["Messaging~boot - Success"]
[6085][1563856743340][requester][info]["bootCrashReporter~ Success"]
[6085][1563856743341][requester][info]["Telemetry~boot - Success"]
[6085][1563856743342][requester][info]["bootConfigurations~initialize - Success"]
[6085][1563856743343][requester][info]["Settings~boot - Success"]
[6085][1563856743398][requester][info]["bootstrapModels - Success"]
[6085][1563856743399][requester][info]["WLModels~boot - Success"]
[6085][1563856743427][requester][info]["Session~boot - Success"]
[6085][1563856743429][requester][info]["IndependentServices~boot - Success"]
[6085][1563856743436][requester][info]["AppModels~boot - Success"]
[6085][1563856743436][requester][info]["RuntimeListeners~boot- Success"]
[6085][1563856743436][requester][info]["DBWatcher~boot - Success"]
[6085][1563856743437][requester][info]["ThemeManager~boot - Success"]
[6085][1563856743438][requester][info]["InAppMessaging~boot - Success"]
[6085][1563856743439][requester][info]["Store~boot - Success"]
[6085][1563856743440][requester][info]["Shortcuts~boot - Success"]
[6085][1563856743440][requester][info]["SyncProxy~boot - Success"]
[6085][1563856743445][requester][info]["Requester~boot - Success"]
[6085][1563856743445][requester][info]["booted - requester"]
[21333][1564724125003][requester][info]["EventBus~initialize - Success"]
[21333][1564724125006][requester][info]["Messaging~boot - Success"]
[21333][1564724125023][requester][info]["bootCrashReporter~ Success"]
[21333][1564724125024][requester][info]["Telemetry~boot - Success"]
[21333][1564724125025][requester][info]["bootConfigurations~initialize - Success"]
[21333][1564724125027][requester][info]["Settings~boot - Success"]
[21333][1564724125083][requester][info]["bootstrapModels - Success"]
[21333][1564724125083][requester][info]["WLModels~boot - Success"]
[21333][1564724125112][requester][info]["Session~boot - Success"]
[21333][1564724125114][requester][info]["IndependentServices~boot - Success"]
[21333][1564724125118][requester][info]["AppModels~boot - Success"]
[21333][1564724125118][requester][info]["RuntimeListeners~boot- Success"]
[21333][1564724125119][requester][info]["DBWatcher~boot - Success"]
[21333][1564724125120][requester][info]["ThemeManager~boot - Success"]
[21333][1564724125121][requester][info]["InAppMessaging~boot - Success"]
[21333][1564724125121][requester][info]["Store~boot - Success"]
[21333][1564724125122][requester][info]["Shortcuts~boot - Success"]
[21333][1564724125123][requester][info]["SyncProxy~boot - Success"]
[21333][1564724125128][requester][info]["Requester~boot - Success"]
[21333][1564724125129][requester][info]["booted - requester"]
[19887][1564737744678][requester][info]["EventBus~initialize - Success"]
[19887][1564737744680][requester][info]["Messaging~boot - Success"]
[19887][1564737744693][requester][info]["bootCrashReporter~ Success"]
[19887][1564737744695][requester][info]["Telemetry~boot - Success"]
[19887][1564737744695][requester][info]["bootConfigurations~initialize - Success"]
[19887][1564737744697][requester][info]["Settings~boot - Success"]
[19887][1564737744744][requester][info]["bootstrapModels - Success"]
[19887][1564737744745][requester][info]["WLModels~boot - Success"]
[19887][1564737744767][requester][info]["Session~boot - Success"]
[19887][1564737744769][requester][info]["IndependentServices~boot - Success"]
[19887][1564737744777][requester][info]["AppModels~boot - Success"]
[19887][1564737744778][requester][info]["RuntimeListeners~boot- Success"]
[19887][1564737744778][requester][info]["DBWatcher~boot - Success"]
[19887][1564737744779][requester][info]["ThemeManager~boot - Success"]
[19887][1564737744780][requester][info]["InAppMessaging~boot - Success"]
[19887][1564737744781][requester][info]["Store~boot - Success"]
[19887][1564737744781][requester][info]["Shortcuts~boot - Success"]
[19887][1564737744781][requester][info]["SyncProxy~boot - Success"]
[19887][1564737744789][requester][info]["Requester~boot - Success"]
[19887][1564737744789][requester][info]["booted - requester"]
[14481][1565760860942][requester][info]["EventBus~initialize - Success"]
[14481][1565760860943][requester][info]["Messaging~boot - Success"]
[14481][1565760860957][requester][info]["bootCrashReporter~ Success"]
[14481][1565760860957][requester][info]["Telemetry~boot - Success"]
[14481][1565760860959][requester][info]["bootConfigurations~initialize - Success"]
[14481][1565760860960][requester][info]["Settings~boot - Success"]
[14481][1565760861010][requester][info]["bootstrapModels - Success"]
[14481][1565760861011][requester][info]["WLModels~boot - Success"]
[14481][1565760861035][requester][info]["Session~boot - Success"]
[14481][1565760861038][requester][info]["IndependentServices~boot - Success"]
[14481][1565760861046][requester][info]["AppModels~boot - Success"]
[14481][1565760861046][requester][info]["RuntimeListeners~boot- Success"]
[14481][1565760861047][requester][info]["DBWatcher~boot - Success"]
[14481][1565760861049][requester][info]["ThemeManager~boot - Success"]
[14481][1565760861049][requester][info]["InAppMessaging~boot - Success"]
[14481][1565760861049][requester][info]["Store~boot - Success"]
[14481][1565760861050][requester][info]["Shortcuts~boot - Success"]
[14481][1565760861051][requester][info]["SyncProxy~boot - Success"]
[14481][1565760861058][requester][info]["Requester~boot - Success"]
[14481][1565760861058][requester][info]["booted - requester"]
[24758][1565842098697][requester][info]["EventBus~initialize - Success"]
[24758][1565842098700][requester][info]["Messaging~boot - Success"]
[24758][1565842098714][requester][info]["bootCrashReporter~ Success"]
[24758][1565842098715][requester][info]["Telemetry~boot - Success"]
[24758][1565842098716][requester][info]["bootConfigurations~initialize - Success"]
[24758][1565842098717][requester][info]["Settings~boot - Success"]
[24758][1565842098764][requester][info]["bootstrapModels - Success"]
[24758][1565842098764][requester][info]["WLModels~boot - Success"]
[24758][1565842098786][requester][info]["Session~boot - Success"]
[24758][1565842098789][requester][info]["IndependentServices~boot - Success"]
[24758][1565842098797][requester][info]["AppModels~boot - Success"]
[24758][1565842098797][requester][info]["RuntimeListeners~boot- Success"]
[24758][1565842098798][requester][info]["DBWatcher~boot - Success"]
[24758][1565842098800][requester][info]["ThemeManager~boot - Success"]
[24758][1565842098801][requester][info]["InAppMessaging~boot - Success"]
[24758][1565842098801][requester][info]["Store~boot - Success"]
[24758][1565842098801][requester][info]["Shortcuts~boot - Success"]
[24758][1565842098802][requester][info]["SyncProxy~boot - Success"]
[24758][1565842098811][requester][info]["Requester~boot - Success"]
[24758][1565842098811][requester][info]["booted - requester"]
[28067][1565844006818][requester][info]["EventBus~initialize - Success"]
[28067][1565844006821][requester][info]["Messaging~boot - Success"]
[28067][1565844006838][requester][info]["bootCrashReporter~ Success"]
[28067][1565844006839][requester][info]["Telemetry~boot - Success"]
[28067][1565844006840][requester][info]["bootConfigurations~initialize - Success"]
[28067][1565844006841][requester][info]["Settings~boot - Success"]
[28067][1565844006888][requester][info]["bootstrapModels - Success"]
[28067][1565844006888][requester][info]["WLModels~boot - Success"]
[28067][1565844006911][requester][info]["Session~boot - Success"]
[28067][1565844006914][requester][info]["IndependentServices~boot - Success"]
[28067][1565844006923][requester][info]["AppModels~boot - Success"]
[28067][1565844006923][requester][info]["RuntimeListeners~boot- Success"]
[28067][1565844006923][requester][info]["DBWatcher~boot - Success"]
[28067][1565844006925][requester][info]["ThemeManager~boot - Success"]
[28067][1565844006925][requester][info]["InAppMessaging~boot - Success"]
[28067][1565844006925][requester][info]["Store~boot - Success"]
[28067][1565844006926][requester][info]["Shortcuts~boot - Success"]
[28067][1565844006926][requester][info]["SyncProxy~boot - Success"]
[28067][1565844006935][requester][info]["Requester~boot - Success"]
[28067][1565844006935][requester][info]["booted - requester"]
[10287][1565874059187][requester][info]["EventBus~initialize - Success"]
[10287][1565874059191][requester][info]["Messaging~boot - Success"]
[10287][1565874059207][requester][info]["bootCrashReporter~ Success"]
[10287][1565874059209][requester][info]["Telemetry~boot - Success"]
[10287][1565874059210][requester][info]["bootConfigurations~initialize - Success"]
[10287][1565874059212][requester][info]["Settings~boot - Success"]
[10287][1565874059259][requester][info]["bootstrapModels - Success"]
[10287][1565874059259][requester][info]["WLModels~boot - Success"]
[10287][1565874059281][requester][info]["Session~boot - Success"]
[10287][1565874059283][requester][info]["IndependentServices~boot - Success"]
[10287][1565874059290][requester][info]["AppModels~boot - Success"]
[10287][1565874059291][requester][info]["RuntimeListeners~boot- Success"]
[10287][1565874059291][requester][info]["DBWatcher~boot - Success"]
[10287][1565874059293][requester][info]["ThemeManager~boot - Success"]
[10287][1565874059293][requester][info]["InAppMessaging~boot - Success"]
[10287][1565874059294][requester][info]["Store~boot - Success"]
[10287][1565874059295][requester][info]["Shortcuts~boot - Success"]
[10287][1565874059295][requester][info]["SyncProxy~boot - Success"]
[10287][1565874059304][requester][info]["Requester~boot - Success"]
[10287][1565874059304][requester][info]["booted - requester"]
[20996][1565935910457][requester][info]["EventBus~initialize - Success"]
[20996][1565935910458][requester][info]["Messaging~boot - Success"]
[20996][1565935910472][requester][info]["bootCrashReporter~ Success"]
[20996][1565935910473][requester][info]["Telemetry~boot - Success"]
[20996][1565935910474][requester][info]["bootConfigurations~initialize - Success"]
[20996][1565935910475][requester][info]["Settings~boot - Success"]
[20996][1565935910522][requester][info]["bootstrapModels - Success"]
[20996][1565935910522][requester][info]["WLModels~boot - Success"]
[20996][1565935910548][requester][info]["Session~boot - Success"]
[20996][1565935910550][requester][info]["IndependentServices~boot - Success"]
[20996][1565935910558][requester][info]["AppModels~boot - Success"]
[20996][1565935910558][requester][info]["RuntimeListeners~boot- Success"]
[20996][1565935910558][requester][info]["DBWatcher~boot - Success"]
[20996][1565935910559][requester][info]["ThemeManager~boot - Success"]
[20996][1565935910560][requester][info]["InAppMessaging~boot - Success"]
[20996][1565935910560][requester][info]["Store~boot - Success"]
[20996][1565935910561][requester][info]["Shortcuts~boot - Success"]
[20996][1565935910561][requester][info]["SyncProxy~boot - Success"]
[20996][1565935910569][requester][info]["Requester~boot - Success"]
[20996][1565935910570][requester][info]["booted - requester"]
[5726][1565946490529][requester][info]["EventBus~initialize - Success"]
[5726][1565946490530][requester][info]["Messaging~boot - Success"]
[5726][1565946490544][requester][info]["bootCrashReporter~ Success"]
[5726][1565946490545][requester][info]["Telemetry~boot - Success"]
[5726][1565946490546][requester][info]["bootConfigurations~initialize - Success"]
[5726][1565946490548][requester][info]["Settings~boot - Success"]
[5726][1565946490597][requester][info]["bootstrapModels - Success"]
[5726][1565946490597][requester][info]["WLModels~boot - Success"]
[5726][1565946490619][requester][info]["Session~boot - Success"]
[5726][1565946490621][requester][info]["IndependentServices~boot - Success"]
[5726][1565946490630][requester][info]["AppModels~boot - Success"]
[5726][1565946490630][requester][info]["RuntimeListeners~boot- Success"]
[5726][1565946490630][requester][info]["DBWatcher~boot - Success"]
[5726][1565946490631][requester][info]["ThemeManager~boot - Success"]
[5726][1565946490632][requester][info]["InAppMessaging~boot - Success"]
[5726][1565946490633][requester][info]["Store~boot - Success"]
[5726][1565946490634][requester][info]["Shortcuts~boot - Success"]
[5726][1565946490634][requester][info]["SyncProxy~boot - Success"]
[5726][1565946490645][requester][info]["Requester~boot - Success"]
[5726][1565946490645][requester][info]["booted - requester"]
[14891][1566195754458][requester][info]["EventBus~initialize - Success"]
[14891][1566195754459][requester][info]["Messaging~boot - Success"]
[14891][1566195754471][requester][info]["bootCrashReporter~ Success"]
[14891][1566195754473][requester][info]["Telemetry~boot - Success"]
[14891][1566195754474][requester][info]["bootConfigurations~initialize - Success"]
[14891][1566195754475][requester][info]["Settings~boot - Success"]
[14891][1566195754523][requester][info]["bootstrapModels - Success"]
[14891][1566195754523][requester][info]["WLModels~boot - Success"]
[14891][1566195754545][requester][info]["Session~boot - Success"]
[14891][1566195754548][requester][info]["IndependentServices~boot - Success"]
[14891][1566195754556][requester][info]["AppModels~boot - Success"]
[14891][1566195754557][requester][info]["RuntimeListeners~boot- Success"]
[14891][1566195754558][requester][info]["DBWatcher~boot - Success"]
[14891][1566195754559][requester][info]["ThemeManager~boot - Success"]
[14891][1566195754561][requester][info]["InAppMessaging~boot - Success"]
[14891][1566195754562][requester][info]["Store~boot - Success"]
[14891][1566195754563][requester][info]["Shortcuts~boot - Success"]
[14891][1566195754563][requester][info]["SyncProxy~boot - Success"]
[14891][1566195754571][requester][info]["Requester~boot - Success"]
[14891][1566195754572][requester][info]["booted - requester"]
[8451][1566274726750][requester][info]["EventBus~initialize - Success"]
[8451][1566274726751][requester][info]["Messaging~boot - Success"]
[8451][1566274726764][requester][info]["bootCrashReporter~ Success"]
[8451][1566274726765][requester][info]["Telemetry~boot - Success"]
[8451][1566274726765][requester][info]["bootConfigurations~initialize - Success"]
[8451][1566274726766][requester][info]["Settings~boot - Success"]
[8451][1566274726816][requester][info]["bootstrapModels - Success"]
[8451][1566274726816][requester][info]["WLModels~boot - Success"]
[8451][1566274726838][requester][info]["Session~boot - Success"]
[8451][1566274726840][requester][info]["IndependentServices~boot - Success"]
[8451][1566274726850][requester][info]["AppModels~boot - Success"]
[8451][1566274726850][requester][info]["RuntimeListeners~boot- Success"]
[8451][1566274726850][requester][info]["DBWatcher~boot - Success"]
[8451][1566274726852][requester][info]["ThemeManager~boot - Success"]
[8451][1566274726852][requester][info]["InAppMessaging~boot - Success"]
[8451][1566274726852][requester][info]["Store~boot - Success"]
[8451][1566274726854][requester][info]["Shortcuts~boot - Success"]
[8451][1566274726854][requester][info]["SyncProxy~boot - Success"]
[8451][1566274726862][requester][info]["Requester~boot - Success"]
[8451][1566274726862][requester][info]["booted - requester"]
[12657][1566564256341][requester][info]["EventBus~initialize - Success"]
[12657][1566564256344][requester][info]["Messaging~boot - Success"]
[12657][1566564256358][requester][info]["bootCrashReporter~ Success"]
[12657][1566564256359][requester][info]["Telemetry~boot - Success"]
[12657][1566564256361][requester][info]["bootConfigurations~initialize - Success"]
[12657][1566564256362][requester][info]["Settings~boot - Success"]
[12657][1566564256410][requester][info]["bootstrapModels - Success"]
[12657][1566564256410][requester][info]["WLModels~boot - Success"]
[12657][1566564256436][requester][info]["Session~boot - Success"]
[12657][1566564256439][requester][info]["IndependentServices~boot - Success"]
[12657][1566564256448][requester][info]["AppModels~boot - Success"]
[12657][1566564256448][requester][info]["RuntimeListeners~boot- Success"]
[12657][1566564256448][requester][info]["DBWatcher~boot - Success"]
[12657][1566564256450][requester][info]["ThemeManager~boot - Success"]
[12657][1566564256450][requester][info]["InAppMessaging~boot - Success"]
[12657][1566564256451][requester][info]["Store~boot - Success"]
[12657][1566564256452][requester][info]["Shortcuts~boot - Success"]
[12657][1566564256452][requester][info]["SyncProxy~boot - Success"]
[12657][1566564256461][requester][info]["Requester~boot - Success"]
[12657][1566564256461][requester][info]["booted - requester"]
[6814][1567429447751][requester][info]["EventBus~initialize - Success"]
[6814][1567429447753][requester][info]["Messaging~boot - Success"]
[6814][1567429447766][requester][info]["bootCrashReporter~ Success"]
[6814][1567429447768][requester][info]["Telemetry~boot - Success"]
[6814][1567429447769][requester][info]["bootConfigurations~initialize - Success"]
[6814][1567429447770][requester][info]["Settings~boot - Success"]
[6814][1567429447820][requester][info]["bootstrapModels - Success"]
[6814][1567429447820][requester][info]["WLModels~boot - Success"]
[6814][1567429447843][requester][info]["Session~boot - Success"]
[6814][1567429447845][requester][info]["IndependentServices~boot - Success"]
[6814][1567429447855][requester][info]["AppModels~boot - Success"]
[6814][1567429447855][requester][info]["RuntimeListeners~boot- Success"]
[6814][1567429447855][requester][info]["DBWatcher~boot - Success"]
[6814][1567429447857][requester][info]["ThemeManager~boot - Success"]
[6814][1567429447858][requester][info]["InAppMessaging~boot - Success"]
[6814][1567429447858][requester][info]["Store~boot - Success"]
[6814][1567429447859][requester][info]["Shortcuts~boot - Success"]
[6814][1567429447859][requester][info]["SyncProxy~boot - Success"]
[6814][1567429447868][requester][info]["Requester~boot - Success"]
[6814][1567429447868][requester][info]["booted - requester"]
[10360][1568116327783][requester][info]["EventBus~initialize - Success"]
[10360][1568116327785][requester][info]["Messaging~boot - Success"]
[10360][1568116327802][requester][info]["bootCrashReporter~ Success"]
[10360][1568116327803][requester][info]["Telemetry~boot - Success"]
[10360][1568116327806][requester][info]["bootConfigurations~initialize - Success"]
[10360][1568116327808][requester][info]["Settings~boot - Success"]
[10360][1568116327853][requester][info]["bootstrapModels - Success"]
[10360][1568116327853][requester][info]["WLModels~boot - Success"]
[10360][1568116327875][requester][info]["Session~boot - Success"]
[10360][1568116327878][requester][info]["IndependentServices~boot - Success"]
[10360][1568116327888][requester][info]["AppModels~boot - Success"]
[10360][1568116327888][requester][info]["RuntimeListeners~boot- Success"]
[10360][1568116327889][requester][info]["DBWatcher~boot - Success"]
[10360][1568116327890][requester][info]["ThemeManager~boot - Success"]
[10360][1568116327890][requester][info]["InAppMessaging~boot - Success"]
[10360][1568116327891][requester][info]["Store~boot - Success"]
[10360][1568116327892][requester][info]["Shortcuts~boot - Success"]
[10360][1568116327892][requester][info]["SyncProxy~boot - Success"]
[10360][1568116327900][requester][info]["Requester~boot - Success"]
[10360][1568116327901][requester][info]["booted - requester"]
[6535][1568266213630][requester][info]["EventBus~initialize - Success"]
[6535][1568266213632][requester][info]["Messaging~boot - Success"]
[6535][1568266213641][requester][info]["bootCrashReporter~ Success"]
[6535][1568266213643][requester][info]["Telemetry~boot - Success"]
[6535][1568266213643][requester][info]["bootConfigurations~initialize - Success"]
[6535][1568266213644][requester][info]["Settings~boot - Success"]
[6535][1568266213680][requester][info]["bootstrapModels - Success"]
[6535][1568266213680][requester][info]["WLModels~boot - Success"]
[6535][1568266213702][requester][info]["Session~boot - Success"]
[6535][1568266213705][requester][info]["IndependentServices~boot - Success"]
[6535][1568266213716][requester][info]["AppModels~boot - Success"]
[6535][1568266213716][requester][info]["RuntimeListeners~boot- Success"]
[6535][1568266213716][requester][info]["DBWatcher~boot - Success"]
[6535][1568266213718][requester][info]["ThemeManager~boot - Success"]
[6535][1568266213719][requester][info]["InAppMessaging~boot - Success"]
[6535][1568266213719][requester][info]["Store~boot - Success"]
[6535][1568266213720][requester][info]["Shortcuts~boot - Success"]
[6535][1568266213720][requester][info]["SyncProxy~boot - Success"]
[6535][1568266213730][requester][info]["Requester~boot - Success"]
[6535][1568266213730][requester][info]["booted - requester"]
[16288][1568869966262][requester][info]["EventBus~initialize - Success"]
[16288][1568869966263][requester][info]["Messaging~boot - Success"]
[16288][1568869966275][requester][info]["bootCrashReporter~ Success"]
[16288][1568869966276][requester][info]["Telemetry~boot - Success"]
[16288][1568869966276][requester][info]["bootConfigurations~initialize - Success"]
[16288][1568869966278][requester][info]["Settings~boot - Success"]
[16288][1568869966313][requester][info]["bootstrapModels - Success"]
[16288][1568869966313][requester][info]["WLModels~boot - Success"]
[16288][1568869966336][requester][info]["Session~boot - Success"]
[16288][1568869966337][requester][info]["IndependentServices~boot - Success"]
[16288][1568869966347][requester][info]["AppModels~boot - Success"]
[16288][1568869966347][requester][info]["RuntimeListeners~boot- Success"]
[16288][1568869966347][requester][info]["DBWatcher~boot - Success"]
[16288][1568869966348][requester][info]["ThemeManager~boot - Success"]
[16288][1568869966349][requester][info]["InAppMessaging~boot - Success"]
[16288][1568869966350][requester][info]["Store~boot - Success"]
[16288][1568869966350][requester][info]["Shortcuts~boot - Success"]
[16288][1568869966350][requester][info]["SyncProxy~boot - Success"]
[16288][1568869966360][requester][info]["Requester~boot - Success"]
[16288][1568869966360][requester][info]["booted - requester"]
[16221][1571208689052][requester][info]["EventBus~initialize - Success"]
[16221][1571208689053][requester][info]["Messaging~boot - Success"]
[16221][1571208689064][requester][info]["bootCrashReporter~ Success"]
[16221][1571208689065][requester][info]["Telemetry~boot - Success"]
[16221][1571208689065][requester][info]["bootConfigurations~initialize - Success"]
[16221][1571208689066][requester][info]["Settings~boot - Success"]
[16221][1571208689103][requester][info]["bootstrapModels - Success"]
[16221][1571208689103][requester][info]["WLModels~boot - Success"]
[16221][1571208689141][requester][info]["Session~boot - Success"]
[16221][1571208689142][requester][info]["IndependentServices~boot - Success"]
[16221][1571208689153][requester][info]["AppModels~boot - Success"]
[16221][1571208689153][requester][info]["RuntimeListeners~boot- Success"]
[16221][1571208689153][requester][info]["DBWatcher~boot - Success"]
[16221][1571208689155][requester][info]["ThemeManager~boot - Success"]
[16221][1571208689155][requester][info]["InAppMessaging~boot - Success"]
[16221][1571208689155][requester][info]["Store~boot - Success"]
[16221][1571208689157][requester][info]["Shortcuts~boot - Success"]
[16221][1571208689157][requester][info]["SyncProxy~boot - Success"]
[16221][1571208689164][requester][info]["Requester~boot - Success"]
[16221][1571208689164][requester][info]["booted - requester"]
[16221][1571208689324][requester][warn]["Failed to subscribe to workspace for all APIs",{"name":"Error","message":"","stack":"Error\n    at SafeSubscriber.realtimeRequest$.pipe.subscribe.event [as _next] (file:///home/vlad/App/Postman/app/resources/app/js/vendor-shared.js:398236:24)\n    at SafeSubscriber.__tryOrUnsub (file:///home/vlad/App/Postman/app/resources/app/js/vendor-shared.js:41938:16)\n    at SafeSubscriber.next (file:///home/vlad/App/Postman/app/resources/app/js/vendor-shared.js:41876:22)\n    at Subscriber._next (file:///home/vlad/App/Postman/app/resources/app/js/vendor-shared.js:41819:26)\n    at Subscriber.next (file:///home/vlad/App/Postman/app/resources/app/js/vendor-shared.js:41796:18)\n    at FilterSubscriber._next (file:///home/vlad/App/Postman/app/resources/app/js/vendor-shared.js:144037:30)\n    at FilterSubscriber.Subscriber.next (file:///home/vlad/App/Postman/app/resources/app/js/vendor-shared.js:41796:18)\n    at RefCountSubscriber.Subscriber._next (file:///home/vlad/App/Postman/app/resources/app/js/vendor-shared.js:41819:26)\n    at RefCountSubscriber.Subscriber.next (file:///home/vlad/App/Postman/app/resources/app/js/vendor-shared.js:41796:18)\n    at Subject.next (file:///home/vlad/App/Postman/app/resources/app/js/vendor-shared.js:76724:25)\n    at ConnectableSubscriber.Subscriber._next (file:///home/vlad/App/Postman/app/resources/app/js/vendor-shared.js:41819:26)\n    at ConnectableSubscriber.Subscriber.next (file:///home/vlad/App/Postman/app/resources/app/js/vendor-shared.js:41796:18)\n    at EventEmitter.realtimeRequestBus.subscribe.event (file:///home/vlad/App/Postman/app/resources/app/js/vendor-shared.js:398183:14)\n    at EventEmitter.emit (file:///home/vlad/App/Postman/app/resources/app/js/vendor-shared.js:48117:5)\n    at _dispatch (file:///home/vlad/App/Postman/app/resources/app/js/vendor-shared.js:142424:14)\n    at EventEmitter.<anonymous> (file:///home/vlad/App/Postman/app/resources/app/js/vendor-shared.js:142434:9)\n    at EventEmitter.emit (events.js:182:13)"}]
