[32535][1561355139943][shared][info]["EventBus~initialize - Success"]
[32535][1561355139945][shared][info]["Messaging~boot - Success"]
[32535][1561355139953][shared][info]["bootCrashReporter~ Success"]
[32535][1561355139954][shared][info]["Telemetry~boot - Success"]
[32535][1561355139955][shared][info]["bootConfigurations~initialize - Success"]
[32535][1561355139958][shared][info]["Settings~boot - Success"]
[32535][1561355139958][shared][info]["Migrations: Starting migrations"]
[32535][1561355139959][shared][info]["Migrations: Walking migration","0000_initial"]
[32535][1561355139959][shared][info]["Migrations: Walking migration","0001_add_archived_resources_table"]
[32535][1561355139959][shared][info]["Migrations: Walking migration","0002_add_variable_sessions_table"]
[32535][1561355139959][shared][info]["Migrations: Walking migration","0003_add_editor_tables"]
[32535][1561355139959][shared][info]["Migrations: Walking migration","0004_migrate_ws_session_data"]
[32535][1561355139959][shared][info]["Migrations: Walking migration","0005_cleanup_request_response_and_history_body"]
[32535][1561355139959][shared][info]["Migrations: Walking migration","0006_add_dbp_to_request_response_and_history"]
[32535][1561355139959][shared][info]["Migrations: Walking migration","0007_add_sync_client_buckets_by_order_id_table"]
[32535][1561355139959][shared][info]["Migrations: Walking migration","0008_migrate_to_sync_client_buckets_by_order_id"]
[32535][1561355139960][shared][info]["Migrations: Walking migration","0009_remove_sync_client_buckets_table"]
[32535][1561355139960][shared][info]["Migrations: Walking migration","0010_add_history_owner"]
[32535][1561355139960][shared][info]["Migrations: Walking migration","0011_add_history_response_table"]
[32535][1561355139960][shared][info]["Migrations: Walking migration","0012_add_user_data_table"]
[32535][1561355139960][shared][info]["Migrations: Walking migration","0013_sanitize_request_response_and_history_methods"]
[32535][1561355139960][shared][info]["Migrations: Walking migration","0014_sanitize_response_requestobject_rawmodedata"]
[32535][1561355139960][shared][info]["Migrations: Walking migration","0015_add_favorited_collections_table"]
[32535][1561355139960][shared][info]["Migrations: Walking migration","0016_add_permission_table"]
[32535][1561355139960][shared][info]["Migrations: Walking migration","0017_add_user_preferences_table"]
[32535][1561355139960][shared][info]["Migrations: Walking migration","0018_index_header_presets"]
[32535][1561355139960][shared][info]["Migrations: Walking migration","0019_migrate_favorite_collections_data"]
[32535][1561355139960][shared][info]["Migrations: Walking migration","0020_migrate_sync_client_revision"]
[32535][1561355139961][shared][info]["Migrations: Walking migration","0021_clear_permissions"]
[32535][1561355139961][shared][info]["Migrations: Walking migration","0022_add_workspace_header_presets"]
[32535][1561355139961][shared][info]["Migrations: Walking migration","0023_remove_collection_permissions_and_shared"]
[32535][1561355139961][shared][info]["Migrations: Starting migration","0000_initial"]
[32535][1561355139961][shared][info]["Migrations: Setting context before starting migration","0000_initial",{"0000_initial":"started"}]
[32535][1561355139961][shared][info]["Migrations: Applying migration","0000_initial"]
[32535][1561355139962][shared][info]["Migrations: Upgrading IndexedDB to version","0000_initial",1]
[32535][1561355139962][shared][info]["Migrations: Adding pending commit to queue","0000_initial"]
[32535][1561355139962][shared][info]["Migrations: Starting migration","0001_add_archived_resources_table"]
[32535][1561355139963][shared][info]["Migrations: Setting context before starting migration","0001_add_archived_resources_table",{"0000_initial":"started","0001_add_archived_resources_table":"started"}]
[32535][1561355139963][shared][info]["Migrations: Applying migration","0001_add_archived_resources_table"]
[32535][1561355139963][shared][info]["Migrations: Upgrading IndexedDB to version","0001_add_archived_resources_table",2]
[32535][1561355139963][shared][info]["Migrations: Adding pending commit to queue","0001_add_archived_resources_table"]
[32535][1561355139964][shared][info]["Migrations: Starting migration","0002_add_variable_sessions_table"]
[32535][1561355139964][shared][info]["Migrations: Setting context before starting migration","0002_add_variable_sessions_table",{"0000_initial":"started","0001_add_archived_resources_table":"started","0002_add_variable_sessions_table":"started"}]
[32535][1561355139964][shared][info]["Migrations: Applying migration","0002_add_variable_sessions_table"]
[32535][1561355139964][shared][info]["Migrations: Upgrading IndexedDB to version","0002_add_variable_sessions_table",3]
[32535][1561355139964][shared][info]["Migrations: Adding pending commit to queue","0002_add_variable_sessions_table"]
[32535][1561355139965][shared][info]["Migrations: Starting migration","0003_add_editor_tables"]
[32535][1561355139965][shared][info]["Migrations: Setting context before starting migration","0003_add_editor_tables",{"0000_initial":"started","0001_add_archived_resources_table":"started","0002_add_variable_sessions_table":"started","0003_add_editor_tables":"started"}]
[32535][1561355139965][shared][info]["Migrations: Applying migration","0003_add_editor_tables"]
[32535][1561355139965][shared][info]["Migrations: Upgrading IndexedDB to version","0003_add_editor_tables",4]
[32535][1561355139966][shared][info]["Migrations: Adding pending commit to queue","0003_add_editor_tables"]
[32535][1561355139966][shared][info]["Migrations: Starting migration","0004_migrate_ws_session_data"]
[32535][1561355139966][shared][info]["Migrations: Flushing pending migrations for","0004_migrate_ws_session_data"]
[32535][1561355139966][shared][info]["Migrations: Flushing pending commit for type","IndexeddbSchemaMigration"]
[32535][1561355139966][shared][info]["Migrations: Committing IndexedDB upgrade"]
[32535][1561355139978][shared][info]["Migrations: Updating status in migration context",{"0000_initial":"started","0001_add_archived_resources_table":"started","0002_add_variable_sessions_table":"started","0003_add_editor_tables":"started"}]
[32535][1561355139978][shared][info]["Migrations: Updated status in migration context",{"0000_initial":"finished","0001_add_archived_resources_table":"finished","0002_add_variable_sessions_table":"finished","0003_add_editor_tables":"finished"}]
[32535][1561355139978][shared][info]["Migrations: Setting context before starting migration","0004_migrate_ws_session_data",{"0000_initial":"finished","0001_add_archived_resources_table":"finished","0002_add_variable_sessions_table":"finished","0003_add_editor_tables":"finished","0004_migrate_ws_session_data":"started"}]
[32535][1561355139979][shared][info]["Migrations: Applying migration","0004_migrate_ws_session_data"]
[32535][1561355139979][shared][info]["Migrations: Processing IndexedDB data migration","0004_migrate_ws_session_data"]
[32535][1561355139980][shared][info]["Migration~Tabs: Starting migration"]
[32535][1561355139982][shared][info]["Migration~Tabs: Completed transformation"]
[32535][1561355139982][shared][info]["Migration~Tabs: Creating editors"]
[32535][1561355139983][shared][info]["Migration~Tabs: Creating editor models"]
[32535][1561355139984][shared][info]["Migrations: Saving migration context after completion","0004_migrate_ws_session_data",{"0000_initial":"finished","0001_add_archived_resources_table":"finished","0002_add_variable_sessions_table":"finished","0003_add_editor_tables":"finished","0004_migrate_ws_session_data":"started"}]
[32535][1561355139984][shared][info]["Migrations: Starting migration","0005_cleanup_request_response_and_history_body"]
[32535][1561355139984][shared][info]["Migrations: Flushing pending migrations for","0005_cleanup_request_response_and_history_body"]
[32535][1561355139984][shared][info]["Migrations: Updating status in migration context",{"0000_initial":"finished","0001_add_archived_resources_table":"finished","0002_add_variable_sessions_table":"finished","0003_add_editor_tables":"finished","0004_migrate_ws_session_data":"finished"}]
[32535][1561355139985][shared][info]["Migrations: Updated status in migration context",{"0000_initial":"finished","0001_add_archived_resources_table":"finished","0002_add_variable_sessions_table":"finished","0003_add_editor_tables":"finished","0004_migrate_ws_session_data":"finished"}]
[32535][1561355139985][shared][info]["Migrations: Setting context before starting migration","0005_cleanup_request_response_and_history_body",{"0000_initial":"finished","0001_add_archived_resources_table":"finished","0002_add_variable_sessions_table":"finished","0003_add_editor_tables":"finished","0004_migrate_ws_session_data":"finished","0005_cleanup_request_response_and_history_body":"started"}]
[32535][1561355139985][shared][info]["Migrations: Applying migration","0005_cleanup_request_response_and_history_body"]
[32535][1561355139985][shared][info]["Migrations: Processing IndexedDB data migration","0005_cleanup_request_response_and_history_body"]
[32535][1561355139988][shared][info]["Migrations: Saving migration context after completion","0005_cleanup_request_response_and_history_body",{"0000_initial":"finished","0001_add_archived_resources_table":"finished","0002_add_variable_sessions_table":"finished","0003_add_editor_tables":"finished","0004_migrate_ws_session_data":"finished","0005_cleanup_request_response_and_history_body":"started"}]
[32535][1561355139988][shared][info]["Migrations: Starting migration","0006_add_dbp_to_request_response_and_history"]
[32535][1561355139989][shared][info]["Migrations: Flushing pending migrations for","0006_add_dbp_to_request_response_and_history"]
[32535][1561355139989][shared][info]["Migrations: Updating status in migration context",{"0000_initial":"finished","0001_add_archived_resources_table":"finished","0002_add_variable_sessions_table":"finished","0003_add_editor_tables":"finished","0004_migrate_ws_session_data":"finished","0005_cleanup_request_response_and_history_body":"finished"}]
[32535][1561355139989][shared][info]["Migrations: Updated status in migration context",{"0000_initial":"finished","0001_add_archived_resources_table":"finished","0002_add_variable_sessions_table":"finished","0003_add_editor_tables":"finished","0004_migrate_ws_session_data":"finished","0005_cleanup_request_response_and_history_body":"finished"}]
[32535][1561355139989][shared][info]["Migrations: Setting context before starting migration","0006_add_dbp_to_request_response_and_history",{"0000_initial":"finished","0001_add_archived_resources_table":"finished","0002_add_variable_sessions_table":"finished","0003_add_editor_tables":"finished","0004_migrate_ws_session_data":"finished","0005_cleanup_request_response_and_history_body":"finished","0006_add_dbp_to_request_response_and_history":"started"}]
[32535][1561355139990][shared][info]["Migrations: Applying migration","0006_add_dbp_to_request_response_and_history"]
[32535][1561355139990][shared][info]["Migrations: Processing IndexedDB data migration","0006_add_dbp_to_request_response_and_history"]
[32535][1561355139992][shared][info]["Migrations: Saving migration context after completion","0006_add_dbp_to_request_response_and_history",{"0000_initial":"finished","0001_add_archived_resources_table":"finished","0002_add_variable_sessions_table":"finished","0003_add_editor_tables":"finished","0004_migrate_ws_session_data":"finished","0005_cleanup_request_response_and_history_body":"finished","0006_add_dbp_to_request_response_and_history":"started"}]
[32535][1561355139992][shared][info]["Migrations: Starting migration","0007_add_sync_client_buckets_by_order_id_table"]
[32535][1561355139992][shared][info]["Migrations: Setting context before starting migration","0007_add_sync_client_buckets_by_order_id_table",{"0000_initial":"finished","0001_add_archived_resources_table":"finished","0002_add_variable_sessions_table":"finished","0003_add_editor_tables":"finished","0004_migrate_ws_session_data":"finished","0005_cleanup_request_response_and_history_body":"finished","0006_add_dbp_to_request_response_and_history":"finished","0007_add_sync_client_buckets_by_order_id_table":"started"}]
[32535][1561355139992][shared][info]["Migrations: Applying migration","0007_add_sync_client_buckets_by_order_id_table"]
[32535][1561355139992][shared][info]["Migrations: Upgrading IndexedDB to version","0007_add_sync_client_buckets_by_order_id_table",5]
[32535][1561355139993][shared][info]["Migrations: Adding pending commit to queue","0007_add_sync_client_buckets_by_order_id_table"]
[32535][1561355139993][shared][info]["Migrations: Starting migration","0008_migrate_to_sync_client_buckets_by_order_id"]
[32535][1561355139993][shared][info]["Migrations: Flushing pending migrations for","0008_migrate_to_sync_client_buckets_by_order_id"]
[32535][1561355139993][shared][info]["Migrations: Flushing pending commit for type","IndexeddbSchemaMigration"]
[32535][1561355139993][shared][info]["Migrations: Committing IndexedDB upgrade"]
[32535][1561355139999][shared][info]["Migrations: Updating status in migration context",{"0000_initial":"finished","0001_add_archived_resources_table":"finished","0002_add_variable_sessions_table":"finished","0003_add_editor_tables":"finished","0004_migrate_ws_session_data":"finished","0005_cleanup_request_response_and_history_body":"finished","0006_add_dbp_to_request_response_and_history":"finished","0007_add_sync_client_buckets_by_order_id_table":"started"}]
[32535][1561355139999][shared][info]["Migrations: Updated status in migration context",{"0000_initial":"finished","0001_add_archived_resources_table":"finished","0002_add_variable_sessions_table":"finished","0003_add_editor_tables":"finished","0004_migrate_ws_session_data":"finished","0005_cleanup_request_response_and_history_body":"finished","0006_add_dbp_to_request_response_and_history":"finished","0007_add_sync_client_buckets_by_order_id_table":"finished"}]
[32535][1561355139999][shared][info]["Migrations: Setting context before starting migration","0008_migrate_to_sync_client_buckets_by_order_id",{"0000_initial":"finished","0001_add_archived_resources_table":"finished","0002_add_variable_sessions_table":"finished","0003_add_editor_tables":"finished","0004_migrate_ws_session_data":"finished","0005_cleanup_request_response_and_history_body":"finished","0006_add_dbp_to_request_response_and_history":"finished","0007_add_sync_client_buckets_by_order_id_table":"finished","0008_migrate_to_sync_client_buckets_by_order_id":"started"}]
[32535][1561355140000][shared][info]["Migrations: Applying migration","0008_migrate_to_sync_client_buckets_by_order_id"]
[32535][1561355140000][shared][info]["Migrations: Processing IndexedDB data migration","0008_migrate_to_sync_client_buckets_by_order_id"]
[32535][1561355140001][shared][info]["Migrations: Saving migration context after completion","0008_migrate_to_sync_client_buckets_by_order_id",{"0000_initial":"finished","0001_add_archived_resources_table":"finished","0002_add_variable_sessions_table":"finished","0003_add_editor_tables":"finished","0004_migrate_ws_session_data":"finished","0005_cleanup_request_response_and_history_body":"finished","0006_add_dbp_to_request_response_and_history":"finished","0007_add_sync_client_buckets_by_order_id_table":"finished","0008_migrate_to_sync_client_buckets_by_order_id":"started"}]
[32535][1561355140001][shared][info]["Migrations: Starting migration","0009_remove_sync_client_buckets_table"]
[32535][1561355140001][shared][info]["Migrations: Setting context before starting migration","0009_remove_sync_client_buckets_table",{"0000_initial":"finished","0001_add_archived_resources_table":"finished","0002_add_variable_sessions_table":"finished","0003_add_editor_tables":"finished","0004_migrate_ws_session_data":"finished","0005_cleanup_request_response_and_history_body":"finished","0006_add_dbp_to_request_response_and_history":"finished","0007_add_sync_client_buckets_by_order_id_table":"finished","0008_migrate_to_sync_client_buckets_by_order_id":"finished","0009_remove_sync_client_buckets_table":"started"}]
[32535][1561355140002][shared][info]["Migrations: Applying migration","0009_remove_sync_client_buckets_table"]
[32535][1561355140002][shared][info]["Migrations: Upgrading IndexedDB to version","0009_remove_sync_client_buckets_table",6]
[32535][1561355140002][shared][info]["Migrations: Adding pending commit to queue","0009_remove_sync_client_buckets_table"]
[32535][1561355140002][shared][info]["Migrations: Starting migration","0010_add_history_owner"]
[32535][1561355140002][shared][info]["Migrations: Flushing pending migrations for","0010_add_history_owner"]
[32535][1561355140003][shared][info]["Migrations: Flushing pending commit for type","IndexeddbSchemaMigration"]
[32535][1561355140003][shared][info]["Migrations: Committing IndexedDB upgrade"]
[32535][1561355140010][shared][info]["Migrations: Updating status in migration context",{"0000_initial":"finished","0001_add_archived_resources_table":"finished","0002_add_variable_sessions_table":"finished","0003_add_editor_tables":"finished","0004_migrate_ws_session_data":"finished","0005_cleanup_request_response_and_history_body":"finished","0006_add_dbp_to_request_response_and_history":"finished","0007_add_sync_client_buckets_by_order_id_table":"finished","0008_migrate_to_sync_client_buckets_by_order_id":"finished","0009_remove_sync_client_buckets_table":"started"}]
[32535][1561355140010][shared][info]["Migrations: Updated status in migration context",{"0000_initial":"finished","0001_add_archived_resources_table":"finished","0002_add_variable_sessions_table":"finished","0003_add_editor_tables":"finished","0004_migrate_ws_session_data":"finished","0005_cleanup_request_response_and_history_body":"finished","0006_add_dbp_to_request_response_and_history":"finished","0007_add_sync_client_buckets_by_order_id_table":"finished","0008_migrate_to_sync_client_buckets_by_order_id":"finished","0009_remove_sync_client_buckets_table":"finished"}]
[32535][1561355140011][shared][info]["Migrations: Setting context before starting migration","0010_add_history_owner",{"0000_initial":"finished","0001_add_archived_resources_table":"finished","0002_add_variable_sessions_table":"finished","0003_add_editor_tables":"finished","0004_migrate_ws_session_data":"finished","0005_cleanup_request_response_and_history_body":"finished","0006_add_dbp_to_request_response_and_history":"finished","0007_add_sync_client_buckets_by_order_id_table":"finished","0008_migrate_to_sync_client_buckets_by_order_id":"finished","0009_remove_sync_client_buckets_table":"finished","0010_add_history_owner":"started"}]
[32535][1561355140011][shared][info]["Migrations: Applying migration","0010_add_history_owner"]
[32535][1561355140011][shared][info]["Migrations: Processing IndexedDB data migration","0010_add_history_owner"]
[32535][1561355140015][shared][info]["Migrations: Saving migration context after completion","0010_add_history_owner",{"0000_initial":"finished","0001_add_archived_resources_table":"finished","0002_add_variable_sessions_table":"finished","0003_add_editor_tables":"finished","0004_migrate_ws_session_data":"finished","0005_cleanup_request_response_and_history_body":"finished","0006_add_dbp_to_request_response_and_history":"finished","0007_add_sync_client_buckets_by_order_id_table":"finished","0008_migrate_to_sync_client_buckets_by_order_id":"finished","0009_remove_sync_client_buckets_table":"finished","0010_add_history_owner":"started"}]
[32535][1561355140015][shared][info]["Migrations: Starting migration","0011_add_history_response_table"]
[32535][1561355140016][shared][info]["Migrations: Setting context before starting migration","0011_add_history_response_table",{"0000_initial":"finished","0001_add_archived_resources_table":"finished","0002_add_variable_sessions_table":"finished","0003_add_editor_tables":"finished","0004_migrate_ws_session_data":"finished","0005_cleanup_request_response_and_history_body":"finished","0006_add_dbp_to_request_response_and_history":"finished","0007_add_sync_client_buckets_by_order_id_table":"finished","0008_migrate_to_sync_client_buckets_by_order_id":"finished","0009_remove_sync_client_buckets_table":"finished","0010_add_history_owner":"finished","0011_add_history_response_table":"started"}]
[32535][1561355140016][shared][info]["Migrations: Applying migration","0011_add_history_response_table"]
[32535][1561355140016][shared][info]["Migrations: Upgrading IndexedDB to version","0011_add_history_response_table",7]
[32535][1561355140017][shared][info]["Migrations: Adding pending commit to queue","0011_add_history_response_table"]
[32535][1561355140017][shared][info]["Migrations: Starting migration","0012_add_user_data_table"]
[32535][1561355140017][shared][info]["Migrations: Setting context before starting migration","0012_add_user_data_table",{"0000_initial":"finished","0001_add_archived_resources_table":"finished","0002_add_variable_sessions_table":"finished","0003_add_editor_tables":"finished","0004_migrate_ws_session_data":"finished","0005_cleanup_request_response_and_history_body":"finished","0006_add_dbp_to_request_response_and_history":"finished","0007_add_sync_client_buckets_by_order_id_table":"finished","0008_migrate_to_sync_client_buckets_by_order_id":"finished","0009_remove_sync_client_buckets_table":"finished","0010_add_history_owner":"finished","0011_add_history_response_table":"started","0012_add_user_data_table":"started"}]
[32535][1561355140017][shared][info]["Migrations: Applying migration","0012_add_user_data_table"]
[32535][1561355140017][shared][info]["Migrations: Upgrading IndexedDB to version","0012_add_user_data_table",8]
[32535][1561355140018][shared][info]["Migrations: Adding pending commit to queue","0012_add_user_data_table"]
[32535][1561355140018][shared][info]["Migrations: Starting migration","0013_sanitize_request_response_and_history_methods"]
[32535][1561355140018][shared][info]["Migrations: Flushing pending migrations for","0013_sanitize_request_response_and_history_methods"]
[32535][1561355140018][shared][info]["Migrations: Flushing pending commit for type","IndexeddbSchemaMigration"]
[32535][1561355140019][shared][info]["Migrations: Committing IndexedDB upgrade"]
[32535][1561355140023][shared][info]["Migrations: Updating status in migration context",{"0000_initial":"finished","0001_add_archived_resources_table":"finished","0002_add_variable_sessions_table":"finished","0003_add_editor_tables":"finished","0004_migrate_ws_session_data":"finished","0005_cleanup_request_response_and_history_body":"finished","0006_add_dbp_to_request_response_and_history":"finished","0007_add_sync_client_buckets_by_order_id_table":"finished","0008_migrate_to_sync_client_buckets_by_order_id":"finished","0009_remove_sync_client_buckets_table":"finished","0010_add_history_owner":"finished","0011_add_history_response_table":"started","0012_add_user_data_table":"started"}]
[32535][1561355140024][shared][info]["Migrations: Updated status in migration context",{"0000_initial":"finished","0001_add_archived_resources_table":"finished","0002_add_variable_sessions_table":"finished","0003_add_editor_tables":"finished","0004_migrate_ws_session_data":"finished","0005_cleanup_request_response_and_history_body":"finished","0006_add_dbp_to_request_response_and_history":"finished","0007_add_sync_client_buckets_by_order_id_table":"finished","0008_migrate_to_sync_client_buckets_by_order_id":"finished","0009_remove_sync_client_buckets_table":"finished","0010_add_history_owner":"finished","0011_add_history_response_table":"finished","0012_add_user_data_table":"finished"}]
[32535][1561355140024][shared][info]["Migrations: Setting context before starting migration","0013_sanitize_request_response_and_history_methods",{"0000_initial":"finished","0001_add_archived_resources_table":"finished","0002_add_variable_sessions_table":"finished","0003_add_editor_tables":"finished","0004_migrate_ws_session_data":"finished","0005_cleanup_request_response_and_history_body":"finished","0006_add_dbp_to_request_response_and_history":"finished","0007_add_sync_client_buckets_by_order_id_table":"finished","0008_migrate_to_sync_client_buckets_by_order_id":"finished","0009_remove_sync_client_buckets_table":"finished","0010_add_history_owner":"finished","0011_add_history_response_table":"finished","0012_add_user_data_table":"finished","0013_sanitize_request_response_and_history_methods":"started"}]
[32535][1561355140024][shared][info]["Migrations: Applying migration","0013_sanitize_request_response_and_history_methods"]
[32535][1561355140025][shared][info]["Migrations: Processing IndexedDB data migration","0013_sanitize_request_response_and_history_methods"]
[32535][1561355140026][shared][info]["Migrations: Saving migration context after completion","0013_sanitize_request_response_and_history_methods",{"0000_initial":"finished","0001_add_archived_resources_table":"finished","0002_add_variable_sessions_table":"finished","0003_add_editor_tables":"finished","0004_migrate_ws_session_data":"finished","0005_cleanup_request_response_and_history_body":"finished","0006_add_dbp_to_request_response_and_history":"finished","0007_add_sync_client_buckets_by_order_id_table":"finished","0008_migrate_to_sync_client_buckets_by_order_id":"finished","0009_remove_sync_client_buckets_table":"finished","0010_add_history_owner":"finished","0011_add_history_response_table":"finished","0012_add_user_data_table":"finished","0013_sanitize_request_response_and_history_methods":"started"}]
[32535][1561355140027][shared][info]["Migrations: Starting migration","0014_sanitize_response_requestobject_rawmodedata"]
[32535][1561355140027][shared][info]["Migrations: Flushing pending migrations for","0014_sanitize_response_requestobject_rawmodedata"]
[32535][1561355140027][shared][info]["Migrations: Updating status in migration context",{"0000_initial":"finished","0001_add_archived_resources_table":"finished","0002_add_variable_sessions_table":"finished","0003_add_editor_tables":"finished","0004_migrate_ws_session_data":"finished","0005_cleanup_request_response_and_history_body":"finished","0006_add_dbp_to_request_response_and_history":"finished","0007_add_sync_client_buckets_by_order_id_table":"finished","0008_migrate_to_sync_client_buckets_by_order_id":"finished","0009_remove_sync_client_buckets_table":"finished","0010_add_history_owner":"finished","0011_add_history_response_table":"finished","0012_add_user_data_table":"finished","0013_sanitize_request_response_and_history_methods":"finished"}]
[32535][1561355140027][shared][info]["Migrations: Updated status in migration context",{"0000_initial":"finished","0001_add_archived_resources_table":"finished","0002_add_variable_sessions_table":"finished","0003_add_editor_tables":"finished","0004_migrate_ws_session_data":"finished","0005_cleanup_request_response_and_history_body":"finished","0006_add_dbp_to_request_response_and_history":"finished","0007_add_sync_client_buckets_by_order_id_table":"finished","0008_migrate_to_sync_client_buckets_by_order_id":"finished","0009_remove_sync_client_buckets_table":"finished","0010_add_history_owner":"finished","0011_add_history_response_table":"finished","0012_add_user_data_table":"finished","0013_sanitize_request_response_and_history_methods":"finished"}]
[32535][1561355140028][shared][info]["Migrations: Setting context before starting migration","0014_sanitize_response_requestobject_rawmodedata",{"0000_initial":"finished","0001_add_archived_resources_table":"finished","0002_add_variable_sessions_table":"finished","0003_add_editor_tables":"finished","0004_migrate_ws_session_data":"finished","0005_cleanup_request_response_and_history_body":"finished","0006_add_dbp_to_request_response_and_history":"finished","0007_add_sync_client_buckets_by_order_id_table":"finished","0008_migrate_to_sync_client_buckets_by_order_id":"finished","0009_remove_sync_client_buckets_table":"finished","0010_add_history_owner":"finished","0011_add_history_response_table":"finished","0012_add_user_data_table":"finished","0013_sanitize_request_response_and_history_methods":"finished","0014_sanitize_response_requestobject_rawmodedata":"started"}]
[32535][1561355140028][shared][info]["Migrations: Applying migration","0014_sanitize_response_requestobject_rawmodedata"]
[32535][1561355140028][shared][info]["Migrations: Processing IndexedDB data migration","0014_sanitize_response_requestobject_rawmodedata"]
[32535][1561355140029][shared][info]["Migrations: Saving migration context after completion","0014_sanitize_response_requestobject_rawmodedata",{"0000_initial":"finished","0001_add_archived_resources_table":"finished","0002_add_variable_sessions_table":"finished","0003_add_editor_tables":"finished","0004_migrate_ws_session_data":"finished","0005_cleanup_request_response_and_history_body":"finished","0006_add_dbp_to_request_response_and_history":"finished","0007_add_sync_client_buckets_by_order_id_table":"finished","0008_migrate_to_sync_client_buckets_by_order_id":"finished","0009_remove_sync_client_buckets_table":"finished","0010_add_history_owner":"finished","0011_add_history_response_table":"finished","0012_add_user_data_table":"finished","0013_sanitize_request_response_and_history_methods":"finished","0014_sanitize_response_requestobject_rawmodedata":"started"}]
[32535][1561355140030][shared][info]["Migrations: Starting migration","0015_add_favorited_collections_table"]
[32535][1561355140030][shared][info]["Migrations: Setting context before starting migration","0015_add_favorited_collections_table",{"0000_initial":"finished","0001_add_archived_resources_table":"finished","0002_add_variable_sessions_table":"finished","0003_add_editor_tables":"finished","0004_migrate_ws_session_data":"finished","0005_cleanup_request_response_and_history_body":"finished","0006_add_dbp_to_request_response_and_history":"finished","0007_add_sync_client_buckets_by_order_id_table":"finished","0008_migrate_to_sync_client_buckets_by_order_id":"finished","0009_remove_sync_client_buckets_table":"finished","0010_add_history_owner":"finished","0011_add_history_response_table":"finished","0012_add_user_data_table":"finished","0013_sanitize_request_response_and_history_methods":"finished","0014_sanitize_response_requestobject_rawmodedata":"finished","0015_add_favorited_collections_table":"started"}]
[32535][1561355140030][shared][info]["Migrations: Applying migration","0015_add_favorited_collections_table"]
[32535][1561355140030][shared][info]["Migrations: Upgrading IndexedDB to version","0015_add_favorited_collections_table",9]
[32535][1561355140031][shared][info]["Migrations: Adding pending commit to queue","0015_add_favorited_collections_table"]
[32535][1561355140031][shared][info]["Migrations: Starting migration","0016_add_permission_table"]
[32535][1561355140031][shared][info]["Migrations: Setting context before starting migration","0016_add_permission_table",{"0000_initial":"finished","0001_add_archived_resources_table":"finished","0002_add_variable_sessions_table":"finished","0003_add_editor_tables":"finished","0004_migrate_ws_session_data":"finished","0005_cleanup_request_response_and_history_body":"finished","0006_add_dbp_to_request_response_and_history":"finished","0007_add_sync_client_buckets_by_order_id_table":"finished","0008_migrate_to_sync_client_buckets_by_order_id":"finished","0009_remove_sync_client_buckets_table":"finished","0010_add_history_owner":"finished","0011_add_history_response_table":"finished","0012_add_user_data_table":"finished","0013_sanitize_request_response_and_history_methods":"finished","0014_sanitize_response_requestobject_rawmodedata":"finished","0015_add_favorited_collections_table":"started","0016_add_permission_table":"started"}]
[32535][1561355140032][shared][info]["Migrations: Applying migration","0016_add_permission_table"]
[32535][1561355140032][shared][info]["Migrations: Upgrading IndexedDB to version","0016_add_permission_table",10]
[32535][1561355140032][shared][info]["Migrations: Adding pending commit to queue","0016_add_permission_table"]
[32535][1561355140033][shared][info]["Migrations: Starting migration","0017_add_user_preferences_table"]
[32535][1561355140033][shared][info]["Migrations: Setting context before starting migration","0017_add_user_preferences_table",{"0000_initial":"finished","0001_add_archived_resources_table":"finished","0002_add_variable_sessions_table":"finished","0003_add_editor_tables":"finished","0004_migrate_ws_session_data":"finished","0005_cleanup_request_response_and_history_body":"finished","0006_add_dbp_to_request_response_and_history":"finished","0007_add_sync_client_buckets_by_order_id_table":"finished","0008_migrate_to_sync_client_buckets_by_order_id":"finished","0009_remove_sync_client_buckets_table":"finished","0010_add_history_owner":"finished","0011_add_history_response_table":"finished","0012_add_user_data_table":"finished","0013_sanitize_request_response_and_history_methods":"finished","0014_sanitize_response_requestobject_rawmodedata":"finished","0015_add_favorited_collections_table":"started","0016_add_permission_table":"started","0017_add_user_preferences_table":"started"}]
[32535][1561355140033][shared][info]["Migrations: Applying migration","0017_add_user_preferences_table"]
[32535][1561355140033][shared][info]["Migrations: Upgrading IndexedDB to version","0017_add_user_preferences_table",11]
[32535][1561355140034][shared][info]["Migrations: Adding pending commit to queue","0017_add_user_preferences_table"]
[32535][1561355140034][shared][info]["Migrations: Starting migration","0018_index_header_presets"]
[32535][1561355140034][shared][info]["Migrations: Setting context before starting migration","0018_index_header_presets",{"0000_initial":"finished","0001_add_archived_resources_table":"finished","0002_add_variable_sessions_table":"finished","0003_add_editor_tables":"finished","0004_migrate_ws_session_data":"finished","0005_cleanup_request_response_and_history_body":"finished","0006_add_dbp_to_request_response_and_history":"finished","0007_add_sync_client_buckets_by_order_id_table":"finished","0008_migrate_to_sync_client_buckets_by_order_id":"finished","0009_remove_sync_client_buckets_table":"finished","0010_add_history_owner":"finished","0011_add_history_response_table":"finished","0012_add_user_data_table":"finished","0013_sanitize_request_response_and_history_methods":"finished","0014_sanitize_response_requestobject_rawmodedata":"finished","0015_add_favorited_collections_table":"started","0016_add_permission_table":"started","0017_add_user_preferences_table":"started","0018_index_header_presets":"started"}]
[32535][1561355140034][shared][info]["Migrations: Applying migration","0018_index_header_presets"]
[32535][1561355140035][shared][info]["Migrations: Upgrading IndexedDB to version","0018_index_header_presets",12]
[32535][1561355140035][shared][info]["Migrations: Adding pending commit to queue","0018_index_header_presets"]
[32535][1561355140035][shared][info]["Migrations: Starting migration","0019_migrate_favorite_collections_data"]
[32535][1561355140035][shared][info]["Migrations: Flushing pending migrations for","0019_migrate_favorite_collections_data"]
[32535][1561355140035][shared][info]["Migrations: Flushing pending commit for type","IndexeddbSchemaMigration"]
[32535][1561355140036][shared][info]["Migrations: Committing IndexedDB upgrade"]
[32535][1561355140042][shared][info]["Migrations: Updating status in migration context",{"0000_initial":"finished","0001_add_archived_resources_table":"finished","0002_add_variable_sessions_table":"finished","0003_add_editor_tables":"finished","0004_migrate_ws_session_data":"finished","0005_cleanup_request_response_and_history_body":"finished","0006_add_dbp_to_request_response_and_history":"finished","0007_add_sync_client_buckets_by_order_id_table":"finished","0008_migrate_to_sync_client_buckets_by_order_id":"finished","0009_remove_sync_client_buckets_table":"finished","0010_add_history_owner":"finished","0011_add_history_response_table":"finished","0012_add_user_data_table":"finished","0013_sanitize_request_response_and_history_methods":"finished","0014_sanitize_response_requestobject_rawmodedata":"finished","0015_add_favorited_collections_table":"started","0016_add_permission_table":"started","0017_add_user_preferences_table":"started","0018_index_header_presets":"started"}]
[32535][1561355140042][shared][info]["Migrations: Updated status in migration context",{"0000_initial":"finished","0001_add_archived_resources_table":"finished","0002_add_variable_sessions_table":"finished","0003_add_editor_tables":"finished","0004_migrate_ws_session_data":"finished","0005_cleanup_request_response_and_history_body":"finished","0006_add_dbp_to_request_response_and_history":"finished","0007_add_sync_client_buckets_by_order_id_table":"finished","0008_migrate_to_sync_client_buckets_by_order_id":"finished","0009_remove_sync_client_buckets_table":"finished","0010_add_history_owner":"finished","0011_add_history_response_table":"finished","0012_add_user_data_table":"finished","0013_sanitize_request_response_and_history_methods":"finished","0014_sanitize_response_requestobject_rawmodedata":"finished","0015_add_favorited_collections_table":"finished","0016_add_permission_table":"finished","0017_add_user_preferences_table":"finished","0018_index_header_presets":"finished"}]
[32535][1561355140043][shared][info]["Migrations: Setting context before starting migration","0019_migrate_favorite_collections_data",{"0000_initial":"finished","0001_add_archived_resources_table":"finished","0002_add_variable_sessions_table":"finished","0003_add_editor_tables":"finished","0004_migrate_ws_session_data":"finished","0005_cleanup_request_response_and_history_body":"finished","0006_add_dbp_to_request_response_and_history":"finished","0007_add_sync_client_buckets_by_order_id_table":"finished","0008_migrate_to_sync_client_buckets_by_order_id":"finished","0009_remove_sync_client_buckets_table":"finished","0010_add_history_owner":"finished","0011_add_history_response_table":"finished","0012_add_user_data_table":"finished","0013_sanitize_request_response_and_history_methods":"finished","0014_sanitize_response_requestobject_rawmodedata":"finished","0015_add_favorited_collections_table":"finished","0016_add_permission_table":"finished","0017_add_user_preferences_table":"finished","0018_index_header_presets":"finished","0019_migrate_favorite_collections_data":"started"}]
[32535][1561355140043][shared][info]["Migrations: Applying migration","0019_migrate_favorite_collections_data"]
[32535][1561355140043][shared][info]["Migrations: Processing IndexedDB data migration","0019_migrate_favorite_collections_data"]
[32535][1561355140044][shared][info]["Migration~FavoriteCollections: Starting migration"]
[32535][1561355140045][shared][info]["Migrations: Saving migration context after completion","0019_migrate_favorite_collections_data",{"0000_initial":"finished","0001_add_archived_resources_table":"finished","0002_add_variable_sessions_table":"finished","0003_add_editor_tables":"finished","0004_migrate_ws_session_data":"finished","0005_cleanup_request_response_and_history_body":"finished","0006_add_dbp_to_request_response_and_history":"finished","0007_add_sync_client_buckets_by_order_id_table":"finished","0008_migrate_to_sync_client_buckets_by_order_id":"finished","0009_remove_sync_client_buckets_table":"finished","0010_add_history_owner":"finished","0011_add_history_response_table":"finished","0012_add_user_data_table":"finished","0013_sanitize_request_response_and_history_methods":"finished","0014_sanitize_response_requestobject_rawmodedata":"finished","0015_add_favorited_collections_table":"finished","0016_add_permission_table":"finished","0017_add_user_preferences_table":"finished","0018_index_header_presets":"finished","0019_migrate_favorite_collections_data":"started"}]
[32535][1561355140046][shared][info]["Migrations: Starting migration","0020_migrate_sync_client_revision"]
[32535][1561355140046][shared][info]["Migrations: Flushing pending migrations for","0020_migrate_sync_client_revision"]
[32535][1561355140046][shared][info]["Migrations: Updating status in migration context",{"0000_initial":"finished","0001_add_archived_resources_table":"finished","0002_add_variable_sessions_table":"finished","0003_add_editor_tables":"finished","0004_migrate_ws_session_data":"finished","0005_cleanup_request_response_and_history_body":"finished","0006_add_dbp_to_request_response_and_history":"finished","0007_add_sync_client_buckets_by_order_id_table":"finished","0008_migrate_to_sync_client_buckets_by_order_id":"finished","0009_remove_sync_client_buckets_table":"finished","0010_add_history_owner":"finished","0011_add_history_response_table":"finished","0012_add_user_data_table":"finished","0013_sanitize_request_response_and_history_methods":"finished","0014_sanitize_response_requestobject_rawmodedata":"finished","0015_add_favorited_collections_table":"finished","0016_add_permission_table":"finished","0017_add_user_preferences_table":"finished","0018_index_header_presets":"finished","0019_migrate_favorite_collections_data":"finished"}]
[32535][1561355140047][shared][info]["Migrations: Updated status in migration context",{"0000_initial":"finished","0001_add_archived_resources_table":"finished","0002_add_variable_sessions_table":"finished","0003_add_editor_tables":"finished","0004_migrate_ws_session_data":"finished","0005_cleanup_request_response_and_history_body":"finished","0006_add_dbp_to_request_response_and_history":"finished","0007_add_sync_client_buckets_by_order_id_table":"finished","0008_migrate_to_sync_client_buckets_by_order_id":"finished","0009_remove_sync_client_buckets_table":"finished","0010_add_history_owner":"finished","0011_add_history_response_table":"finished","0012_add_user_data_table":"finished","0013_sanitize_request_response_and_history_methods":"finished","0014_sanitize_response_requestobject_rawmodedata":"finished","0015_add_favorited_collections_table":"finished","0016_add_permission_table":"finished","0017_add_user_preferences_table":"finished","0018_index_header_presets":"finished","0019_migrate_favorite_collections_data":"finished"}]
[32535][1561355140047][shared][info]["Migrations: Setting context before starting migration","0020_migrate_sync_client_revision",{"0000_initial":"finished","0001_add_archived_resources_table":"finished","0002_add_variable_sessions_table":"finished","0003_add_editor_tables":"finished","0004_migrate_ws_session_data":"finished","0005_cleanup_request_response_and_history_body":"finished","0006_add_dbp_to_request_response_and_history":"finished","0007_add_sync_client_buckets_by_order_id_table":"finished","0008_migrate_to_sync_client_buckets_by_order_id":"finished","0009_remove_sync_client_buckets_table":"finished","0010_add_history_owner":"finished","0011_add_history_response_table":"finished","0012_add_user_data_table":"finished","0013_sanitize_request_response_and_history_methods":"finished","0014_sanitize_response_requestobject_rawmodedata":"finished","0015_add_favorited_collections_table":"finished","0016_add_permission_table":"finished","0017_add_user_preferences_table":"finished","0018_index_header_presets":"finished","0019_migrate_favorite_collections_data":"finished","0020_migrate_sync_client_revision":"started"}]
[32535][1561355140047][shared][info]["Migrations: Applying migration","0020_migrate_sync_client_revision"]
[32535][1561355140048][shared][info]["Migrations: Processing IndexedDB data migration","0020_migrate_sync_client_revision"]
[32535][1561355140050][shared][info]["Migration~SyncClientRevision: Migrating revision id for timelines"]
[32535][1561355140051][shared][info]["Migrations: Saving migration context after completion","0020_migrate_sync_client_revision",{"0000_initial":"finished","0001_add_archived_resources_table":"finished","0002_add_variable_sessions_table":"finished","0003_add_editor_tables":"finished","0004_migrate_ws_session_data":"finished","0005_cleanup_request_response_and_history_body":"finished","0006_add_dbp_to_request_response_and_history":"finished","0007_add_sync_client_buckets_by_order_id_table":"finished","0008_migrate_to_sync_client_buckets_by_order_id":"finished","0009_remove_sync_client_buckets_table":"finished","0010_add_history_owner":"finished","0011_add_history_response_table":"finished","0012_add_user_data_table":"finished","0013_sanitize_request_response_and_history_methods":"finished","0014_sanitize_response_requestobject_rawmodedata":"finished","0015_add_favorited_collections_table":"finished","0016_add_permission_table":"finished","0017_add_user_preferences_table":"finished","0018_index_header_presets":"finished","0019_migrate_favorite_collections_data":"finished","0020_migrate_sync_client_revision":"started"}]
[32535][1561355140052][shared][info]["Migrations: Starting migration","0021_clear_permissions"]
[32535][1561355140052][shared][info]["Migrations: Flushing pending migrations for","0021_clear_permissions"]
[32535][1561355140052][shared][info]["Migrations: Updating status in migration context",{"0000_initial":"finished","0001_add_archived_resources_table":"finished","0002_add_variable_sessions_table":"finished","0003_add_editor_tables":"finished","0004_migrate_ws_session_data":"finished","0005_cleanup_request_response_and_history_body":"finished","0006_add_dbp_to_request_response_and_history":"finished","0007_add_sync_client_buckets_by_order_id_table":"finished","0008_migrate_to_sync_client_buckets_by_order_id":"finished","0009_remove_sync_client_buckets_table":"finished","0010_add_history_owner":"finished","0011_add_history_response_table":"finished","0012_add_user_data_table":"finished","0013_sanitize_request_response_and_history_methods":"finished","0014_sanitize_response_requestobject_rawmodedata":"finished","0015_add_favorited_collections_table":"finished","0016_add_permission_table":"finished","0017_add_user_preferences_table":"finished","0018_index_header_presets":"finished","0019_migrate_favorite_collections_data":"finished","0020_migrate_sync_client_revision":"finished"}]
[32535][1561355140053][shared][info]["Migrations: Updated status in migration context",{"0000_initial":"finished","0001_add_archived_resources_table":"finished","0002_add_variable_sessions_table":"finished","0003_add_editor_tables":"finished","0004_migrate_ws_session_data":"finished","0005_cleanup_request_response_and_history_body":"finished","0006_add_dbp_to_request_response_and_history":"finished","0007_add_sync_client_buckets_by_order_id_table":"finished","0008_migrate_to_sync_client_buckets_by_order_id":"finished","0009_remove_sync_client_buckets_table":"finished","0010_add_history_owner":"finished","0011_add_history_response_table":"finished","0012_add_user_data_table":"finished","0013_sanitize_request_response_and_history_methods":"finished","0014_sanitize_response_requestobject_rawmodedata":"finished","0015_add_favorited_collections_table":"finished","0016_add_permission_table":"finished","0017_add_user_preferences_table":"finished","0018_index_header_presets":"finished","0019_migrate_favorite_collections_data":"finished","0020_migrate_sync_client_revision":"finished"}]
[32535][1561355140053][shared][info]["Migrations: Setting context before starting migration","0021_clear_permissions",{"0000_initial":"finished","0001_add_archived_resources_table":"finished","0002_add_variable_sessions_table":"finished","0003_add_editor_tables":"finished","0004_migrate_ws_session_data":"finished","0005_cleanup_request_response_and_history_body":"finished","0006_add_dbp_to_request_response_and_history":"finished","0007_add_sync_client_buckets_by_order_id_table":"finished","0008_migrate_to_sync_client_buckets_by_order_id":"finished","0009_remove_sync_client_buckets_table":"finished","0010_add_history_owner":"finished","0011_add_history_response_table":"finished","0012_add_user_data_table":"finished","0013_sanitize_request_response_and_history_methods":"finished","0014_sanitize_response_requestobject_rawmodedata":"finished","0015_add_favorited_collections_table":"finished","0016_add_permission_table":"finished","0017_add_user_preferences_table":"finished","0018_index_header_presets":"finished","0019_migrate_favorite_collections_data":"finished","0020_migrate_sync_client_revision":"finished","0021_clear_permissions":"started"}]
[32535][1561355140054][shared][info]["Migrations: Applying migration","0021_clear_permissions"]
[32535][1561355140054][shared][info]["Migrations: Processing IndexedDB data migration","0021_clear_permissions"]
[32535][1561355140055][shared][info]["Migration~Permissions: Starting migration"]
[32535][1561355140056][shared][info]["Migrations: Saving migration context after completion","0021_clear_permissions",{"0000_initial":"finished","0001_add_archived_resources_table":"finished","0002_add_variable_sessions_table":"finished","0003_add_editor_tables":"finished","0004_migrate_ws_session_data":"finished","0005_cleanup_request_response_and_history_body":"finished","0006_add_dbp_to_request_response_and_history":"finished","0007_add_sync_client_buckets_by_order_id_table":"finished","0008_migrate_to_sync_client_buckets_by_order_id":"finished","0009_remove_sync_client_buckets_table":"finished","0010_add_history_owner":"finished","0011_add_history_response_table":"finished","0012_add_user_data_table":"finished","0013_sanitize_request_response_and_history_methods":"finished","0014_sanitize_response_requestobject_rawmodedata":"finished","0015_add_favorited_collections_table":"finished","0016_add_permission_table":"finished","0017_add_user_preferences_table":"finished","0018_index_header_presets":"finished","0019_migrate_favorite_collections_data":"finished","0020_migrate_sync_client_revision":"finished","0021_clear_permissions":"started"}]
[32535][1561355140056][shared][info]["Migrations: Starting migration","0022_add_workspace_header_presets"]
[32535][1561355140056][shared][info]["Migrations: Flushing pending migrations for","0022_add_workspace_header_presets"]
[32535][1561355140056][shared][info]["Migrations: Updating status in migration context",{"0000_initial":"finished","0001_add_archived_resources_table":"finished","0002_add_variable_sessions_table":"finished","0003_add_editor_tables":"finished","0004_migrate_ws_session_data":"finished","0005_cleanup_request_response_and_history_body":"finished","0006_add_dbp_to_request_response_and_history":"finished","0007_add_sync_client_buckets_by_order_id_table":"finished","0008_migrate_to_sync_client_buckets_by_order_id":"finished","0009_remove_sync_client_buckets_table":"finished","0010_add_history_owner":"finished","0011_add_history_response_table":"finished","0012_add_user_data_table":"finished","0013_sanitize_request_response_and_history_methods":"finished","0014_sanitize_response_requestobject_rawmodedata":"finished","0015_add_favorited_collections_table":"finished","0016_add_permission_table":"finished","0017_add_user_preferences_table":"finished","0018_index_header_presets":"finished","0019_migrate_favorite_collections_data":"finished","0020_migrate_sync_client_revision":"finished","0021_clear_permissions":"finished"}]
[32535][1561355140057][shared][info]["Migrations: Updated status in migration context",{"0000_initial":"finished","0001_add_archived_resources_table":"finished","0002_add_variable_sessions_table":"finished","0003_add_editor_tables":"finished","0004_migrate_ws_session_data":"finished","0005_cleanup_request_response_and_history_body":"finished","0006_add_dbp_to_request_response_and_history":"finished","0007_add_sync_client_buckets_by_order_id_table":"finished","0008_migrate_to_sync_client_buckets_by_order_id":"finished","0009_remove_sync_client_buckets_table":"finished","0010_add_history_owner":"finished","0011_add_history_response_table":"finished","0012_add_user_data_table":"finished","0013_sanitize_request_response_and_history_methods":"finished","0014_sanitize_response_requestobject_rawmodedata":"finished","0015_add_favorited_collections_table":"finished","0016_add_permission_table":"finished","0017_add_user_preferences_table":"finished","0018_index_header_presets":"finished","0019_migrate_favorite_collections_data":"finished","0020_migrate_sync_client_revision":"finished","0021_clear_permissions":"finished"}]
[32535][1561355140057][shared][info]["Migrations: Setting context before starting migration","0022_add_workspace_header_presets",{"0000_initial":"finished","0001_add_archived_resources_table":"finished","0002_add_variable_sessions_table":"finished","0003_add_editor_tables":"finished","0004_migrate_ws_session_data":"finished","0005_cleanup_request_response_and_history_body":"finished","0006_add_dbp_to_request_response_and_history":"finished","0007_add_sync_client_buckets_by_order_id_table":"finished","0008_migrate_to_sync_client_buckets_by_order_id":"finished","0009_remove_sync_client_buckets_table":"finished","0010_add_history_owner":"finished","0011_add_history_response_table":"finished","0012_add_user_data_table":"finished","0013_sanitize_request_response_and_history_methods":"finished","0014_sanitize_response_requestobject_rawmodedata":"finished","0015_add_favorited_collections_table":"finished","0016_add_permission_table":"finished","0017_add_user_preferences_table":"finished","0018_index_header_presets":"finished","0019_migrate_favorite_collections_data":"finished","0020_migrate_sync_client_revision":"finished","0021_clear_permissions":"finished","0022_add_workspace_header_presets":"started"}]
[32535][1561355140058][shared][info]["Migrations: Applying migration","0022_add_workspace_header_presets"]
[32535][1561355140058][shared][info]["Migrations: Processing IndexedDB data migration","0022_add_workspace_header_presets"]
[32535][1561355140059][shared][info]["Migration~HeaderPresets: Add workspace property in header presets"]
[32535][1561355140060][shared][info]["Migrations: Saving migration context after completion","0022_add_workspace_header_presets",{"0000_initial":"finished","0001_add_archived_resources_table":"finished","0002_add_variable_sessions_table":"finished","0003_add_editor_tables":"finished","0004_migrate_ws_session_data":"finished","0005_cleanup_request_response_and_history_body":"finished","0006_add_dbp_to_request_response_and_history":"finished","0007_add_sync_client_buckets_by_order_id_table":"finished","0008_migrate_to_sync_client_buckets_by_order_id":"finished","0009_remove_sync_client_buckets_table":"finished","0010_add_history_owner":"finished","0011_add_history_response_table":"finished","0012_add_user_data_table":"finished","0013_sanitize_request_response_and_history_methods":"finished","0014_sanitize_response_requestobject_rawmodedata":"finished","0015_add_favorited_collections_table":"finished","0016_add_permission_table":"finished","0017_add_user_preferences_table":"finished","0018_index_header_presets":"finished","0019_migrate_favorite_collections_data":"finished","0020_migrate_sync_client_revision":"finished","0021_clear_permissions":"finished","0022_add_workspace_header_presets":"started"}]
[32535][1561355140061][shared][info]["Migrations: Starting migration","0023_remove_collection_permissions_and_shared"]
[32535][1561355140061][shared][info]["Migrations: Flushing pending migrations for","0023_remove_collection_permissions_and_shared"]
[32535][1561355140061][shared][info]["Migrations: Updating status in migration context",{"0000_initial":"finished","0001_add_archived_resources_table":"finished","0002_add_variable_sessions_table":"finished","0003_add_editor_tables":"finished","0004_migrate_ws_session_data":"finished","0005_cleanup_request_response_and_history_body":"finished","0006_add_dbp_to_request_response_and_history":"finished","0007_add_sync_client_buckets_by_order_id_table":"finished","0008_migrate_to_sync_client_buckets_by_order_id":"finished","0009_remove_sync_client_buckets_table":"finished","0010_add_history_owner":"finished","0011_add_history_response_table":"finished","0012_add_user_data_table":"finished","0013_sanitize_request_response_and_history_methods":"finished","0014_sanitize_response_requestobject_rawmodedata":"finished","0015_add_favorited_collections_table":"finished","0016_add_permission_table":"finished","0017_add_user_preferences_table":"finished","0018_index_header_presets":"finished","0019_migrate_favorite_collections_data":"finished","0020_migrate_sync_client_revision":"finished","0021_clear_permissions":"finished","0022_add_workspace_header_presets":"finished"}]
[32535][1561355140062][shared][info]["Migrations: Updated status in migration context",{"0000_initial":"finished","0001_add_archived_resources_table":"finished","0002_add_variable_sessions_table":"finished","0003_add_editor_tables":"finished","0004_migrate_ws_session_data":"finished","0005_cleanup_request_response_and_history_body":"finished","0006_add_dbp_to_request_response_and_history":"finished","0007_add_sync_client_buckets_by_order_id_table":"finished","0008_migrate_to_sync_client_buckets_by_order_id":"finished","0009_remove_sync_client_buckets_table":"finished","0010_add_history_owner":"finished","0011_add_history_response_table":"finished","0012_add_user_data_table":"finished","0013_sanitize_request_response_and_history_methods":"finished","0014_sanitize_response_requestobject_rawmodedata":"finished","0015_add_favorited_collections_table":"finished","0016_add_permission_table":"finished","0017_add_user_preferences_table":"finished","0018_index_header_presets":"finished","0019_migrate_favorite_collections_data":"finished","0020_migrate_sync_client_revision":"finished","0021_clear_permissions":"finished","0022_add_workspace_header_presets":"finished"}]
[32535][1561355140063][shared][info]["Migrations: Setting context before starting migration","0023_remove_collection_permissions_and_shared",{"0000_initial":"finished","0001_add_archived_resources_table":"finished","0002_add_variable_sessions_table":"finished","0003_add_editor_tables":"finished","0004_migrate_ws_session_data":"finished","0005_cleanup_request_response_and_history_body":"finished","0006_add_dbp_to_request_response_and_history":"finished","0007_add_sync_client_buckets_by_order_id_table":"finished","0008_migrate_to_sync_client_buckets_by_order_id":"finished","0009_remove_sync_client_buckets_table":"finished","0010_add_history_owner":"finished","0011_add_history_response_table":"finished","0012_add_user_data_table":"finished","0013_sanitize_request_response_and_history_methods":"finished","0014_sanitize_response_requestobject_rawmodedata":"finished","0015_add_favorited_collections_table":"finished","0016_add_permission_table":"finished","0017_add_user_preferences_table":"finished","0018_index_header_presets":"finished","0019_migrate_favorite_collections_data":"finished","0020_migrate_sync_client_revision":"finished","0021_clear_permissions":"finished","0022_add_workspace_header_presets":"finished","0023_remove_collection_permissions_and_shared":"started"}]
[32535][1561355140063][shared][info]["Migrations: Applying migration","0023_remove_collection_permissions_and_shared"]
[32535][1561355140063][shared][info]["Migrations: Processing IndexedDB data migration","0023_remove_collection_permissions_and_shared"]
[32535][1561355140065][shared][info]["Migrations: Saving migration context after completion","0023_remove_collection_permissions_and_shared",{"0000_initial":"finished","0001_add_archived_resources_table":"finished","0002_add_variable_sessions_table":"finished","0003_add_editor_tables":"finished","0004_migrate_ws_session_data":"finished","0005_cleanup_request_response_and_history_body":"finished","0006_add_dbp_to_request_response_and_history":"finished","0007_add_sync_client_buckets_by_order_id_table":"finished","0008_migrate_to_sync_client_buckets_by_order_id":"finished","0009_remove_sync_client_buckets_table":"finished","0010_add_history_owner":"finished","0011_add_history_response_table":"finished","0012_add_user_data_table":"finished","0013_sanitize_request_response_and_history_methods":"finished","0014_sanitize_response_requestobject_rawmodedata":"finished","0015_add_favorited_collections_table":"finished","0016_add_permission_table":"finished","0017_add_user_preferences_table":"finished","0018_index_header_presets":"finished","0019_migrate_favorite_collections_data":"finished","0020_migrate_sync_client_revision":"finished","0021_clear_permissions":"finished","0022_add_workspace_header_presets":"finished","0023_remove_collection_permissions_and_shared":"started"}]
[32535][1561355140065][shared][info]["Migrations: Flushing pending commit steps"]
[32535][1561355140065][shared][info]["Migrations: Updating status in migration context",{"0000_initial":"finished","0001_add_archived_resources_table":"finished","0002_add_variable_sessions_table":"finished","0003_add_editor_tables":"finished","0004_migrate_ws_session_data":"finished","0005_cleanup_request_response_and_history_body":"finished","0006_add_dbp_to_request_response_and_history":"finished","0007_add_sync_client_buckets_by_order_id_table":"finished","0008_migrate_to_sync_client_buckets_by_order_id":"finished","0009_remove_sync_client_buckets_table":"finished","0010_add_history_owner":"finished","0011_add_history_response_table":"finished","0012_add_user_data_table":"finished","0013_sanitize_request_response_and_history_methods":"finished","0014_sanitize_response_requestobject_rawmodedata":"finished","0015_add_favorited_collections_table":"finished","0016_add_permission_table":"finished","0017_add_user_preferences_table":"finished","0018_index_header_presets":"finished","0019_migrate_favorite_collections_data":"finished","0020_migrate_sync_client_revision":"finished","0021_clear_permissions":"finished","0022_add_workspace_header_presets":"finished","0023_remove_collection_permissions_and_shared":"finished"}]
[32535][1561355140065][shared][info]["Migrations: Updated status in migration context",{"0000_initial":"finished","0001_add_archived_resources_table":"finished","0002_add_variable_sessions_table":"finished","0003_add_editor_tables":"finished","0004_migrate_ws_session_data":"finished","0005_cleanup_request_response_and_history_body":"finished","0006_add_dbp_to_request_response_and_history":"finished","0007_add_sync_client_buckets_by_order_id_table":"finished","0008_migrate_to_sync_client_buckets_by_order_id":"finished","0009_remove_sync_client_buckets_table":"finished","0010_add_history_owner":"finished","0011_add_history_response_table":"finished","0012_add_user_data_table":"finished","0013_sanitize_request_response_and_history_methods":"finished","0014_sanitize_response_requestobject_rawmodedata":"finished","0015_add_favorited_collections_table":"finished","0016_add_permission_table":"finished","0017_add_user_preferences_table":"finished","0018_index_header_presets":"finished","0019_migrate_favorite_collections_data":"finished","0020_migrate_sync_client_revision":"finished","0021_clear_permissions":"finished","0022_add_workspace_header_presets":"finished","0023_remove_collection_permissions_and_shared":"finished"}]
[32535][1561355140066][shared][info]["Migration: Finished all migrations"]
[32535][1561355140148][shared][info]["bootstrapModels - Success"]
[32535][1561355140148][shared][info]["WLModels~boot - Success"]
[32535][1561355140172][shared][info]["initializeConfigurationsValues - Success"]
[32535][1561355140180][shared][info]["Migrate - Bailed out due to:","FRESH_INSTALL"]
[32535][1561355140187][shared][info]["AppModels~boot - Success"]
[32535][1561355140189][shared][info]["SharedRuntimeListeners~boot - Success"]
[32535][1561355140198][shared][info]["Sync~boot - Success"]
[32535][1561355140198][shared][info]["Shared~boot - Success"]
[32535][1561355140199][shared][info]["booted - shared"]
[17783][1563270924478][shared][info]["EventBus~initialize - Success"]
[17783][1563270924480][shared][info]["Messaging~boot - Success"]
[17783][1563270924491][shared][info]["bootCrashReporter~ Success"]
[17783][1563270924493][shared][info]["Telemetry~boot - Success"]
[17783][1563270924494][shared][info]["bootConfigurations~initialize - Success"]
[17783][1563270924495][shared][info]["Settings~boot - Success"]
[17783][1563270924496][shared][info]["Migrations: Skipping migrations. No migrations to apply."]
[17783][1563270924567][shared][info]["bootstrapModels - Success"]
[17783][1563270924567][shared][info]["WLModels~boot - Success"]
[17783][1563270924586][shared][info]["initializeConfigurationsValues - Success"]
[17783][1563270924597][shared][info]["Migrate - Bailed out due to:","FRESH_INSTALL"]
[17783][1563270924623][shared][info]["AppModels~boot - Success"]
[17783][1563270924629][shared][info]["SharedRuntimeListeners~boot - Success"]
[17783][1563270924643][shared][info]["Sync~boot - Success"]
[17783][1563270924645][shared][info]["Shared~boot - Success"]
[17783][1563270924645][shared][info]["booted - shared"]
[13814][1563345867927][shared][info]["EventBus~initialize - Success"]
[13814][1563345867929][shared][info]["Messaging~boot - Success"]
[13814][1563345867941][shared][info]["bootCrashReporter~ Success"]
[13814][1563345867943][shared][info]["Telemetry~boot - Success"]
[13814][1563345867944][shared][info]["bootConfigurations~initialize - Success"]
[13814][1563345867945][shared][info]["Settings~boot - Success"]
[13814][1563345867946][shared][info]["Migrations: Skipping migrations. No migrations to apply."]
[13814][1563345868019][shared][info]["bootstrapModels - Success"]
[13814][1563345868019][shared][info]["WLModels~boot - Success"]
[13814][1563345868038][shared][info]["initializeConfigurationsValues - Success"]
[13814][1563345868048][shared][info]["Migrate - Bailed out due to:","FRESH_INSTALL"]
[13814][1563345868062][shared][info]["AppModels~boot - Success"]
[13814][1563345868066][shared][info]["SharedRuntimeListeners~boot - Success"]
[13814][1563345868078][shared][info]["Sync~boot - Success"]
[13814][1563345868079][shared][info]["Shared~boot - Success"]
[13814][1563345868080][shared][info]["booted - shared"]
[6085][1563856741610][shared][info]["EventBus~initialize - Success"]
[6085][1563856741613][shared][info]["Messaging~boot - Success"]
[6085][1563856741624][shared][info]["bootCrashReporter~ Success"]
[6085][1563856741625][shared][info]["Telemetry~boot - Success"]
[6085][1563856741626][shared][info]["bootConfigurations~initialize - Success"]
[6085][1563856741627][shared][info]["Settings~boot - Success"]
[6085][1563856741627][shared][info]["Migrations: Skipping migrations. No migrations to apply."]
[6085][1563856741700][shared][info]["bootstrapModels - Success"]
[6085][1563856741700][shared][info]["WLModels~boot - Success"]
[6085][1563856741719][shared][info]["initializeConfigurationsValues - Success"]
[6085][1563856741730][shared][info]["Migrate - Bailed out due to:","FRESH_INSTALL"]
[6085][1563856741742][shared][info]["AppModels~boot - Success"]
[6085][1563856741745][shared][info]["SharedRuntimeListeners~boot - Success"]
[6085][1563856741759][shared][info]["Sync~boot - Success"]
[6085][1563856741761][shared][info]["Shared~boot - Success"]
[6085][1563856741761][shared][info]["booted - shared"]
[6085][1563943715577][shared][info]["SyncManagerNew~createSocket - Bailed out as websocket disabled"]
[6085][1563943719484][shared][info]["SyncManagerNew~createSocket - Bailed out as websocket disabled"]
[6085][1564028006569][shared][info]["SyncManagerNew~createSocket - Bailed out as websocket disabled"]
[6085][1564028010500][shared][info]["SyncManagerNew~createSocket - Bailed out as websocket disabled"]
[21333][1564724123262][shared][info]["EventBus~initialize - Success"]
[21333][1564724123264][shared][info]["Messaging~boot - Success"]
[21333][1564724123275][shared][info]["bootCrashReporter~ Success"]
[21333][1564724123276][shared][info]["Telemetry~boot - Success"]
[21333][1564724123277][shared][info]["bootConfigurations~initialize - Success"]
[21333][1564724123278][shared][info]["Settings~boot - Success"]
[21333][1564724123279][shared][info]["Migrations: Skipping migrations. No migrations to apply."]
[21333][1564724123358][shared][info]["bootstrapModels - Success"]
[21333][1564724123358][shared][info]["WLModels~boot - Success"]
[21333][1564724123378][shared][info]["initializeConfigurationsValues - Success"]
[21333][1564724123388][shared][info]["Migrate - Bailed out due to:","FRESH_INSTALL"]
[21333][1564724123394][shared][info]["AppModels~boot - Success"]
[21333][1564724123395][shared][info]["SharedRuntimeListeners~boot - Success"]
[21333][1564724123403][shared][info]["Sync~boot - Success"]
[21333][1564724123404][shared][info]["Shared~boot - Success"]
[21333][1564724123404][shared][info]["booted - shared"]
[19887][1564737743241][shared][info]["EventBus~initialize - Success"]
[19887][1564737743244][shared][info]["Messaging~boot - Success"]
[19887][1564737743254][shared][info]["bootCrashReporter~ Success"]
[19887][1564737743255][shared][info]["Telemetry~boot - Success"]
[19887][1564737743255][shared][info]["bootConfigurations~initialize - Success"]
[19887][1564737743257][shared][info]["Settings~boot - Success"]
[19887][1564737743257][shared][info]["Migrations: Skipping migrations. No migrations to apply."]
[19887][1564737743318][shared][info]["bootstrapModels - Success"]
[19887][1564737743318][shared][info]["WLModels~boot - Success"]
[19887][1564737743336][shared][info]["initializeConfigurationsValues - Success"]
[19887][1564737743345][shared][info]["Migrate - Bailed out due to:","FRESH_INSTALL"]
[19887][1564737743355][shared][info]["AppModels~boot - Success"]
[19887][1564737743357][shared][info]["SharedRuntimeListeners~boot - Success"]
[19887][1564737743362][shared][info]["Sync~boot - Success"]
[19887][1564737743363][shared][info]["Shared~boot - Success"]
[19887][1564737743364][shared][info]["booted - shared"]
[19887][1564737744808][shared][info]["AppUpdateHandler: Finished backing up user data"]
[19887][1564737745741][shared][info]["UI pulled the session locked information on init"]
[14481][1565760859518][shared][info]["EventBus~initialize - Success"]
[14481][1565760859520][shared][info]["Messaging~boot - Success"]
[14481][1565760859531][shared][info]["bootCrashReporter~ Success"]
[14481][1565760859533][shared][info]["Telemetry~boot - Success"]
[14481][1565760859534][shared][info]["bootConfigurations~initialize - Success"]
[14481][1565760859535][shared][info]["Settings~boot - Success"]
[14481][1565760859535][shared][info]["Migrations: Skipping migrations. No migrations to apply."]
[14481][1565760859608][shared][info]["bootstrapModels - Success"]
[14481][1565760859608][shared][info]["WLModels~boot - Success"]
[14481][1565760859622][shared][info]["initializeConfigurationsValues - Success"]
[14481][1565760859630][shared][info]["Migrate - Bailed out due to:","FRESH_INSTALL"]
[14481][1565760859640][shared][info]["AppModels~boot - Success"]
[14481][1565760859641][shared][info]["SharedRuntimeListeners~boot - Success"]
[14481][1565760859647][shared][info]["Sync~boot - Success"]
[14481][1565760859647][shared][info]["Shared~boot - Success"]
[14481][1565760859648][shared][info]["booted - shared"]
[14481][1565760861082][shared][info]["AppUpdateHandler: Finished backing up user data"]
[14481][1565760862116][shared][info]["UI pulled the session locked information on init"]
[24758][1565842097276][shared][info]["EventBus~initialize - Success"]
[24758][1565842097277][shared][info]["Messaging~boot - Success"]
[24758][1565842097289][shared][info]["bootCrashReporter~ Success"]
[24758][1565842097290][shared][info]["Telemetry~boot - Success"]
[24758][1565842097291][shared][info]["bootConfigurations~initialize - Success"]
[24758][1565842097293][shared][info]["Settings~boot - Success"]
[24758][1565842097293][shared][info]["Migrations: Skipping migrations. No migrations to apply."]
[24758][1565842097354][shared][info]["bootstrapModels - Success"]
[24758][1565842097354][shared][info]["WLModels~boot - Success"]
[24758][1565842097368][shared][info]["initializeConfigurationsValues - Success"]
[24758][1565842097376][shared][info]["Migrate - Bailed out due to:","FRESH_INSTALL"]
[24758][1565842097387][shared][info]["AppModels~boot - Success"]
[24758][1565842097388][shared][info]["SharedRuntimeListeners~boot - Success"]
[24758][1565842097396][shared][info]["Sync~boot - Success"]
[24758][1565842097397][shared][info]["Shared~boot - Success"]
[24758][1565842097398][shared][info]["booted - shared"]
[24758][1565842098828][shared][info]["AppUpdateHandler: Finished backing up user data"]
[24758][1565842099771][shared][info]["UI pulled the session locked information on init"]
[28067][1565844005380][shared][info]["EventBus~initialize - Success"]
[28067][1565844005384][shared][info]["Messaging~boot - Success"]
[28067][1565844005395][shared][info]["bootCrashReporter~ Success"]
[28067][1565844005396][shared][info]["Telemetry~boot - Success"]
[28067][1565844005398][shared][info]["bootConfigurations~initialize - Success"]
[28067][1565844005399][shared][info]["Settings~boot - Success"]
[28067][1565844005399][shared][info]["Migrations: Skipping migrations. No migrations to apply."]
[28067][1565844005472][shared][info]["bootstrapModels - Success"]
[28067][1565844005472][shared][info]["WLModels~boot - Success"]
[28067][1565844005486][shared][info]["initializeConfigurationsValues - Success"]
[28067][1565844005494][shared][info]["Migrate - Bailed out due to:","FRESH_INSTALL"]
[28067][1565844005504][shared][info]["AppModels~boot - Success"]
[28067][1565844005506][shared][info]["SharedRuntimeListeners~boot - Success"]
[28067][1565844005512][shared][info]["Sync~boot - Success"]
[28067][1565844005513][shared][info]["Shared~boot - Success"]
[28067][1565844005513][shared][info]["booted - shared"]
[28067][1565844007996][shared][info]["UI pulled the session locked information on init"]
[10287][1565874057814][shared][info]["EventBus~initialize - Success"]
[10287][1565874057816][shared][info]["Messaging~boot - Success"]
[10287][1565874057826][shared][info]["bootCrashReporter~ Success"]
[10287][1565874057827][shared][info]["Telemetry~boot - Success"]
[10287][1565874057828][shared][info]["bootConfigurations~initialize - Success"]
[10287][1565874057829][shared][info]["Settings~boot - Success"]
[10287][1565874057829][shared][info]["Migrations: Skipping migrations. No migrations to apply."]
[10287][1565874057890][shared][info]["bootstrapModels - Success"]
[10287][1565874057890][shared][info]["WLModels~boot - Success"]
[10287][1565874057904][shared][info]["initializeConfigurationsValues - Success"]
[10287][1565874057912][shared][info]["Migrate - Bailed out due to:","FRESH_INSTALL"]
[10287][1565874057922][shared][info]["AppModels~boot - Success"]
[10287][1565874057924][shared][info]["SharedRuntimeListeners~boot - Success"]
[10287][1565874057929][shared][info]["Sync~boot - Success"]
[10287][1565874057930][shared][info]["Shared~boot - Success"]
[10287][1565874057930][shared][info]["booted - shared"]
[10287][1565874060122][shared][info]["UI pulled the session locked information on init"]
[10287][1565928047362][shared][info]["SyncManagerNew~createSocket - Bailed out as websocket disabled"]
[20996][1565935909040][shared][info]["EventBus~initialize - Success"]
[20996][1565935909041][shared][info]["Messaging~boot - Success"]
[20996][1565935909051][shared][info]["bootCrashReporter~ Success"]
[20996][1565935909052][shared][info]["Telemetry~boot - Success"]
[20996][1565935909052][shared][info]["bootConfigurations~initialize - Success"]
[20996][1565935909054][shared][info]["Settings~boot - Success"]
[20996][1565935909054][shared][info]["Migrations: Skipping migrations. No migrations to apply."]
[20996][1565935909116][shared][info]["bootstrapModels - Success"]
[20996][1565935909116][shared][info]["WLModels~boot - Success"]
[20996][1565935909131][shared][info]["initializeConfigurationsValues - Success"]
[20996][1565935909141][shared][info]["Migrate - Bailed out due to:","FRESH_INSTALL"]
[20996][1565935909163][shared][info]["AppModels~boot - Success"]
[20996][1565935909168][shared][info]["SharedRuntimeListeners~boot - Success"]
[20996][1565935909179][shared][info]["Sync~boot - Success"]
[20996][1565935909180][shared][info]["Shared~boot - Success"]
[20996][1565935909181][shared][info]["booted - shared"]
[20996][1565935911503][shared][info]["UI pulled the session locked information on init"]
[5726][1565946489100][shared][info]["EventBus~initialize - Success"]
[5726][1565946489103][shared][info]["Messaging~boot - Success"]
[5726][1565946489113][shared][info]["bootCrashReporter~ Success"]
[5726][1565946489115][shared][info]["Telemetry~boot - Success"]
[5726][1565946489115][shared][info]["bootConfigurations~initialize - Success"]
[5726][1565946489116][shared][info]["Settings~boot - Success"]
[5726][1565946489116][shared][info]["Migrations: Skipping migrations. No migrations to apply."]
[5726][1565946489179][shared][info]["bootstrapModels - Success"]
[5726][1565946489179][shared][info]["WLModels~boot - Success"]
[5726][1565946489193][shared][info]["initializeConfigurationsValues - Success"]
[5726][1565946489201][shared][info]["Migrate - Bailed out due to:","FRESH_INSTALL"]
[5726][1565946489212][shared][info]["AppModels~boot - Success"]
[5726][1565946489214][shared][info]["SharedRuntimeListeners~boot - Success"]
[5726][1565946489220][shared][info]["Sync~boot - Success"]
[5726][1565946489220][shared][info]["Shared~boot - Success"]
[5726][1565946489221][shared][info]["booted - shared"]
[5726][1565946491522][shared][info]["UI pulled the session locked information on init"]
[14891][1566195752985][shared][info]["EventBus~initialize - Success"]
[14891][1566195752987][shared][info]["Messaging~boot - Success"]
[14891][1566195752996][shared][info]["bootCrashReporter~ Success"]
[14891][1566195752997][shared][info]["Telemetry~boot - Success"]
[14891][1566195752999][shared][info]["bootConfigurations~initialize - Success"]
[14891][1566195753000][shared][info]["Settings~boot - Success"]
[14891][1566195753000][shared][info]["Migrations: Skipping migrations. No migrations to apply."]
[14891][1566195753063][shared][info]["bootstrapModels - Success"]
[14891][1566195753063][shared][info]["WLModels~boot - Success"]
[14891][1566195753078][shared][info]["initializeConfigurationsValues - Success"]
[14891][1566195753088][shared][info]["Migrate - Bailed out due to:","FRESH_INSTALL"]
[14891][1566195753113][shared][info]["AppModels~boot - Success"]
[14891][1566195753119][shared][info]["SharedRuntimeListeners~boot - Success"]
[14891][1566195753131][shared][info]["Sync~boot - Success"]
[14891][1566195753133][shared][info]["Shared~boot - Success"]
[14891][1566195753133][shared][info]["booted - shared"]
[14891][1566195755381][shared][info]["UI pulled the session locked information on init"]
[8451][1566274725237][shared][info]["EventBus~initialize - Success"]
[8451][1566274725239][shared][info]["Messaging~boot - Success"]
[8451][1566274725250][shared][info]["bootCrashReporter~ Success"]
[8451][1566274725251][shared][info]["Telemetry~boot - Success"]
[8451][1566274725251][shared][info]["bootConfigurations~initialize - Success"]
[8451][1566274725253][shared][info]["Settings~boot - Success"]
[8451][1566274725253][shared][info]["Migrations: Skipping migrations. No migrations to apply."]
[8451][1566274725317][shared][info]["bootstrapModels - Success"]
[8451][1566274725317][shared][info]["WLModels~boot - Success"]
[8451][1566274725332][shared][info]["initializeConfigurationsValues - Success"]
[8451][1566274725341][shared][info]["Migrate - Bailed out due to:","FRESH_INSTALL"]
[8451][1566274725380][shared][info]["AppModels~boot - Success"]
[8451][1566274725388][shared][info]["SharedRuntimeListeners~boot - Success"]
[8451][1566274725407][shared][info]["Sync~boot - Success"]
[8451][1566274725409][shared][info]["Shared~boot - Success"]
[8451][1566274725409][shared][info]["booted - shared"]
[8451][1566274727662][shared][info]["UI pulled the session locked information on init"]
[12657][1566564254937][shared][info]["EventBus~initialize - Success"]
[12657][1566564254939][shared][info]["Messaging~boot - Success"]
[12657][1566564254948][shared][info]["bootCrashReporter~ Success"]
[12657][1566564254949][shared][info]["Telemetry~boot - Success"]
[12657][1566564254950][shared][info]["bootConfigurations~initialize - Success"]
[12657][1566564254951][shared][info]["Settings~boot - Success"]
[12657][1566564254951][shared][info]["Migrations: Skipping migrations. No migrations to apply."]
[12657][1566564255013][shared][info]["bootstrapModels - Success"]
[12657][1566564255014][shared][info]["WLModels~boot - Success"]
[12657][1566564255029][shared][info]["initializeConfigurationsValues - Success"]
[12657][1566564255038][shared][info]["Migrate - Bailed out due to:","FRESH_INSTALL"]
[12657][1566564255046][shared][info]["AppModels~boot - Success"]
[12657][1566564255048][shared][info]["SharedRuntimeListeners~boot - Success"]
[12657][1566564255053][shared][info]["Sync~boot - Success"]
[12657][1566564255055][shared][info]["Shared~boot - Success"]
[12657][1566564255055][shared][info]["booted - shared"]
[12657][1566564257317][shared][info]["UI pulled the session locked information on init"]
[12657][1566792620483][shared][info]["SyncManagerNew~createSocket - Bailed out as websocket disabled"]
[12657][1566878802684][shared][info]["SyncManagerNew~createSocket - Bailed out as websocket disabled"]
[12657][1566964810859][shared][info]["SyncManagerNew~createSocket - Bailed out as websocket disabled"]
[6814][1567429446370][shared][info]["EventBus~initialize - Success"]
[6814][1567429446372][shared][info]["Messaging~boot - Success"]
[6814][1567429446381][shared][info]["bootCrashReporter~ Success"]
[6814][1567429446381][shared][info]["Telemetry~boot - Success"]
[6814][1567429446382][shared][info]["bootConfigurations~initialize - Success"]
[6814][1567429446383][shared][info]["Settings~boot - Success"]
[6814][1567429446384][shared][info]["Migrations: Skipping migrations. No migrations to apply."]
[6814][1567429446443][shared][info]["bootstrapModels - Success"]
[6814][1567429446443][shared][info]["WLModels~boot - Success"]
[6814][1567429446457][shared][info]["initializeConfigurationsValues - Success"]
[6814][1567429446465][shared][info]["Migrate - Bailed out due to:","FRESH_INSTALL"]
[6814][1567429446475][shared][info]["AppModels~boot - Success"]
[6814][1567429446477][shared][info]["SharedRuntimeListeners~boot - Success"]
[6814][1567429446483][shared][info]["Sync~boot - Success"]
[6814][1567429446484][shared][info]["Shared~boot - Success"]
[6814][1567429446484][shared][info]["booted - shared"]
[6814][1567429448728][shared][info]["UI pulled the session locked information on init"]
[10360][1568116326388][shared][info]["EventBus~initialize - Success"]
[10360][1568116326389][shared][info]["Messaging~boot - Success"]
[10360][1568116326399][shared][info]["bootCrashReporter~ Success"]
[10360][1568116326399][shared][info]["Telemetry~boot - Success"]
[10360][1568116326399][shared][info]["bootConfigurations~initialize - Success"]
[10360][1568116326401][shared][info]["Settings~boot - Success"]
[10360][1568116326401][shared][info]["Migrations: Skipping migrations. No migrations to apply."]
[10360][1568116326458][shared][info]["bootstrapModels - Success"]
[10360][1568116326458][shared][info]["WLModels~boot - Success"]
[10360][1568116326473][shared][info]["initializeConfigurationsValues - Success"]
[10360][1568116326481][shared][info]["Migrate - Bailed out due to:","FRESH_INSTALL"]
[10360][1568116326491][shared][info]["AppModels~boot - Success"]
[10360][1568116326493][shared][info]["SharedRuntimeListeners~boot - Success"]
[10360][1568116326499][shared][info]["Sync~boot - Success"]
[10360][1568116326501][shared][info]["Shared~boot - Success"]
[10360][1568116326501][shared][info]["booted - shared"]
[10360][1568116328695][shared][info]["UI pulled the session locked information on init"]
[6535][1568266212189][shared][info]["EventBus~initialize - Success"]
[6535][1568266212191][shared][info]["Messaging~boot - Success"]
[6535][1568266212225][shared][info]["bootCrashReporter~ Success"]
[6535][1568266212226][shared][info]["Telemetry~boot - Success"]
[6535][1568266212227][shared][info]["bootConfigurations~initialize - Success"]
[6535][1568266212228][shared][info]["Settings~boot - Success"]
[6535][1568266212229][shared][info]["Migrations: Skipping migrations. No migrations to apply."]
[6535][1568266212296][shared][info]["bootstrapModels - Success"]
[6535][1568266212297][shared][info]["WLModels~boot - Success"]
[6535][1568266212315][shared][info]["initializeConfigurationsValues - Success"]
[6535][1568266212324][shared][info]["Migrate - Bailed out due to:","FRESH_INSTALL"]
[6535][1568266212337][shared][info]["AppModels~boot - Success"]
[6535][1568266212339][shared][info]["SharedRuntimeListeners~boot - Success"]
[6535][1568266212346][shared][info]["Sync~boot - Success"]
[6535][1568266212346][shared][info]["Shared~boot - Success"]
[6535][1568266212346][shared][info]["booted - shared"]
[6535][1568266213751][shared][info]["AppUpdateHandler: Finished backing up user data"]
[6535][1568266214579][shared][info]["UI pulled the session locked information on init"]
[16288][1568869965124][shared][info]["EventBus~initialize - Success"]
[16288][1568869965126][shared][info]["Messaging~boot - Success"]
[16288][1568869965135][shared][info]["bootCrashReporter~ Success"]
[16288][1568869965136][shared][info]["Telemetry~boot - Success"]
[16288][1568869965137][shared][info]["bootConfigurations~initialize - Success"]
[16288][1568869965137][shared][info]["Settings~boot - Success"]
[16288][1568869965138][shared][info]["Migrations: Skipping migrations. No migrations to apply."]
[16288][1568869965192][shared][info]["bootstrapModels - Success"]
[16288][1568869965192][shared][info]["WLModels~boot - Success"]
[16288][1568869965206][shared][info]["initializeConfigurationsValues - Success"]
[16288][1568869965215][shared][info]["Migrate - Bailed out due to:","FRESH_INSTALL"]
[16288][1568869965227][shared][info]["AppModels~boot - Success"]
[16288][1568869965228][shared][info]["SharedRuntimeListeners~boot - Success"]
[16288][1568869965234][shared][info]["Sync~boot - Success"]
[16288][1568869965235][shared][info]["Shared~boot - Success"]
[16288][1568869965235][shared][info]["booted - shared"]
[16288][1568869966829][shared][info]["UI pulled the session locked information on init"]
[16221][1571208687807][shared][info]["EventBus~initialize - Success"]
[16221][1571208687808][shared][info]["Messaging~boot - Success"]
[16221][1571208687818][shared][info]["bootCrashReporter~ Success"]
[16221][1571208687819][shared][info]["Telemetry~boot - Success"]
[16221][1571208687819][shared][info]["bootConfigurations~initialize - Success"]
[16221][1571208687820][shared][info]["Settings~boot - Success"]
[16221][1571208687820][shared][info]["Migrations: Skipping migrations. No migrations to apply."]
[16221][1571208687885][shared][info]["bootstrapModels - Success"]
[16221][1571208687885][shared][info]["WLModels~boot - Success"]
[16221][1571208687899][shared][info]["initializeConfigurationsValues - Success"]
[16221][1571208687908][shared][info]["Migrate - Bailed out due to:","FRESH_INSTALL"]
[16221][1571208687917][shared][info]["AppModels~boot - Success"]
[16221][1571208687919][shared][info]["SharedRuntimeListeners~boot - Success"]
[16221][1571208687925][shared][info]["Sync~boot - Success"]
[16221][1571208687925][shared][info]["Shared~boot - Success"]
[16221][1571208687925][shared][info]["booted - shared"]
[16221][1571208689181][shared][info]["AppUpdateHandler: Finished backing up user data"]
[16221][1571208689968][shared][info]["UI pulled the session locked information on init"]
