[32535][1561355138481][shell][info]["EventBus~initialize - Success"]
[32535][1561355138485][shell][info]["shellController~init: Success"]
[32535][1561355138485][shell][info]["shellMeta~init: Success"]
[32535][1561355138495][shell][info]["init~setViewAttributes - Initializing view with opts:",{"devtools":false,"id":2,"startTime":1561355138249,"type":"shared","partitionId":"default"}]
[32535][1561355138497][shell][info]["init~setViewAttributes - Success"]
[32535][1561355140369][shell][info]["EventBus~initialize - Success"]
[32535][1561355140373][shell][info]["shellController~init: Success"]
[32535][1561355140373][shell][info]["shellMeta~init: Success"]
[32535][1561355140379][shell][info]["init~setViewAttributes - Initializing view with opts:",{"allIds":[4],"devtools":false,"id":4,"primaryId":4,"startTime":1561355140215,"type":"requester","partitionId":"default"}]
[32535][1561355140380][shell][info]["init~setViewAttributes - Success"]
[17783][1563270923060][shell][info]["EventBus~initialize - Success"]
[17783][1563270923063][shell][info]["shellController~init: Success"]
[17783][1563270923064][shell][info]["shellMeta~init: Success"]
[17783][1563270923072][shell][info]["init~setViewAttributes - Initializing view with opts:",{"devtools":false,"id":2,"startTime":1563270922750,"type":"shared","partitionId":"default"}]
[17783][1563270923073][shell][info]["init~setViewAttributes - Success"]
[17783][1563270924856][shell][info]["EventBus~initialize - Success"]
[17783][1563270924860][shell][info]["shellController~init: Success"]
[17783][1563270924860][shell][info]["shellMeta~init: Success"]
[17783][1563270924868][shell][info]["init~setViewAttributes - Initializing view with opts:",{"allIds":[3],"devtools":false,"id":3,"primaryId":3,"startTime":1563270924672,"type":"requester","partitionId":"default"}]
[17783][1563270924869][shell][info]["init~setViewAttributes - Success"]
[13814][1563345866480][shell][info]["EventBus~initialize - Success"]
[13814][1563345866484][shell][info]["shellController~init: Success"]
[13814][1563345866484][shell][info]["shellMeta~init: Success"]
[13814][1563345866491][shell][info]["init~setViewAttributes - Initializing view with opts:",{"devtools":false,"id":2,"startTime":1563345866107,"type":"shared","partitionId":"default"}]
[13814][1563345866492][shell][info]["init~setViewAttributes - Success"]
[13814][1563345868265][shell][info]["EventBus~initialize - Success"]
[13814][1563345868268][shell][info]["shellController~init: Success"]
[13814][1563345868269][shell][info]["shellMeta~init: Success"]
[13814][1563345868276][shell][info]["init~setViewAttributes - Initializing view with opts:",{"allIds":[3],"devtools":false,"id":3,"primaryId":3,"startTime":1563345868089,"type":"requester","partitionId":"default"}]
[13814][1563345868277][shell][info]["init~setViewAttributes - Success"]
[6085][1563856740240][shell][info]["EventBus~initialize - Success"]
[6085][1563856740243][shell][info]["shellController~init: Success"]
[6085][1563856740244][shell][info]["shellMeta~init: Success"]
[6085][1563856740251][shell][info]["init~setViewAttributes - Initializing view with opts:",{"devtools":false,"id":2,"startTime":1563856739954,"type":"shared","partitionId":"default"}]
[6085][1563856740252][shell][info]["init~setViewAttributes - Success"]
[6085][1563856741983][shell][info]["EventBus~initialize - Success"]
[6085][1563856741986][shell][info]["shellController~init: Success"]
[6085][1563856741987][shell][info]["shellMeta~init: Success"]
[6085][1563856741994][shell][info]["init~setViewAttributes - Initializing view with opts:",{"allIds":[3],"devtools":false,"id":3,"primaryId":3,"startTime":1563856741797,"type":"requester","partitionId":"default"}]
[6085][1563856741995][shell][info]["init~setViewAttributes - Success"]
[21333][1564724121851][shell][info]["EventBus~initialize - Success"]
[21333][1564724121855][shell][info]["shellController~init: Success"]
[21333][1564724121856][shell][info]["shellMeta~init: Success"]
[21333][1564724121863][shell][info]["init~setViewAttributes - Initializing view with opts:",{"devtools":false,"id":2,"startTime":1564724121571,"type":"shared","partitionId":"default"}]
[21333][1564724121864][shell][info]["init~setViewAttributes - Success"]
[21333][1564724123611][shell][info]["EventBus~initialize - Success"]
[21333][1564724123614][shell][info]["shellController~init: Success"]
[21333][1564724123615][shell][info]["shellMeta~init: Success"]
[21333][1564724123622][shell][info]["init~setViewAttributes - Initializing view with opts:",{"allIds":[3],"devtools":false,"id":3,"primaryId":3,"startTime":1564724123439,"type":"requester","partitionId":"default"}]
[21333][1564724123623][shell][info]["init~setViewAttributes - Success"]
[19887][1564737741858][shell][info]["EventBus~initialize - Success"]
[19887][1564737741862][shell][info]["shellController~init: Success"]
[19887][1564737741862][shell][info]["shellMeta~init: Success"]
[19887][1564737741970][shell][info]["init~setViewAttributes - Initializing view with opts:",{"devtools":false,"id":2,"startTime":1564737741548,"type":"shared","partitionId":"default"}]
[19887][1564737741971][shell][info]["init~setViewAttributes - Success"]
[19887][1564737743581][shell][info]["EventBus~initialize - Success"]
[19887][1564737743584][shell][info]["shellController~init: Success"]
[19887][1564737743585][shell][info]["shellMeta~init: Success"]
[19887][1564737743593][shell][info]["init~setViewAttributes - Initializing view with opts:",{"allIds":[3],"devtools":false,"id":3,"primaryId":3,"startTime":1564737743385,"type":"requester","partitionId":"default"}]
[19887][1564737743594][shell][info]["init~setViewAttributes - Success"]
[14481][1565760858353][shell][info]["EventBus~initialize - Success"]
[14481][1565760858357][shell][info]["shellController~init: Success"]
[14481][1565760858357][shell][info]["shellMeta~init: Success"]
[14481][1565760858372][shell][info]["init~setViewAttributes - Initializing view with opts:",{"devtools":false,"id":2,"startTime":1565760857848,"type":"shared","partitionId":"default"}]
[14481][1565760858373][shell][info]["init~setViewAttributes - Success"]
[14481][1565760859849][shell][info]["EventBus~initialize - Success"]
[14481][1565760859851][shell][info]["shellController~init: Success"]
[14481][1565760859852][shell][info]["shellMeta~init: Success"]
[14481][1565760859860][shell][info]["init~setViewAttributes - Initializing view with opts:",{"allIds":[3],"devtools":false,"id":3,"primaryId":3,"startTime":1565760859668,"type":"requester","partitionId":"default"}]
[14481][1565760859862][shell][info]["init~setViewAttributes - Success"]
[24758][1565842095906][shell][info]["EventBus~initialize - Success"]
[24758][1565842095912][shell][info]["shellController~init: Success"]
[24758][1565842095912][shell][info]["shellMeta~init: Success"]
[24758][1565842095932][shell][info]["init~setViewAttributes - Initializing view with opts:",{"devtools":false,"id":2,"startTime":1565842095487,"type":"shared","partitionId":"default"}]
[24758][1565842095933][shell][info]["init~setViewAttributes - Success"]
[24758][1565842097611][shell][info]["EventBus~initialize - Success"]
[24758][1565842097613][shell][info]["shellController~init: Success"]
[24758][1565842097613][shell][info]["shellMeta~init: Success"]
[24758][1565842097623][shell][info]["init~setViewAttributes - Initializing view with opts:",{"allIds":[3],"devtools":false,"id":3,"primaryId":3,"startTime":1565842097416,"type":"requester","partitionId":"default"}]
[24758][1565842097623][shell][info]["init~setViewAttributes - Success"]
[28067][1565844004293][shell][info]["EventBus~initialize - Success"]
[28067][1565844004295][shell][info]["shellController~init: Success"]
[28067][1565844004295][shell][info]["shellMeta~init: Success"]
[28067][1565844004304][shell][info]["init~setViewAttributes - Initializing view with opts:",{"devtools":false,"id":2,"startTime":1565844004035,"type":"shared","partitionId":"default"}]
[28067][1565844004306][shell][info]["init~setViewAttributes - Success"]
[28067][1565844005717][shell][info]["EventBus~initialize - Success"]
[28067][1565844005721][shell][info]["shellController~init: Success"]
[28067][1565844005721][shell][info]["shellMeta~init: Success"]
[28067][1565844005729][shell][info]["init~setViewAttributes - Initializing view with opts:",{"allIds":[3],"devtools":false,"id":3,"primaryId":3,"startTime":1565844005533,"type":"requester","partitionId":"default"}]
[28067][1565844005730][shell][info]["init~setViewAttributes - Success"]
[10287][1565874056655][shell][info]["EventBus~initialize - Success"]
[10287][1565874056657][shell][info]["shellController~init: Success"]
[10287][1565874056657][shell][info]["shellMeta~init: Success"]
[10287][1565874056669][shell][info]["init~setViewAttributes - Initializing view with opts:",{"devtools":false,"id":2,"startTime":1565874056389,"type":"shared","partitionId":"default"}]
[10287][1565874056670][shell][info]["init~setViewAttributes - Success"]
[10287][1565874058107][shell][info]["EventBus~initialize - Success"]
[10287][1565874058110][shell][info]["shellController~init: Success"]
[10287][1565874058110][shell][info]["shellMeta~init: Success"]
[10287][1565874058119][shell][info]["init~setViewAttributes - Initializing view with opts:",{"allIds":[3],"devtools":false,"id":3,"primaryId":3,"startTime":1565874057938,"type":"requester","partitionId":"default"}]
[10287][1565874058120][shell][info]["init~setViewAttributes - Success"]
[20996][1565935907880][shell][info]["EventBus~initialize - Success"]
[20996][1565935907884][shell][info]["shellController~init: Success"]
[20996][1565935907884][shell][info]["shellMeta~init: Success"]
[20996][1565935907895][shell][info]["init~setViewAttributes - Initializing view with opts:",{"devtools":false,"id":2,"startTime":1565935907568,"type":"shared","partitionId":"default"}]
[20996][1565935907895][shell][info]["init~setViewAttributes - Success"]
[20996][1565935909371][shell][info]["EventBus~initialize - Success"]
[20996][1565935909374][shell][info]["shellController~init: Success"]
[20996][1565935909374][shell][info]["shellMeta~init: Success"]
[20996][1565935909382][shell][info]["init~setViewAttributes - Initializing view with opts:",{"allIds":[3],"devtools":false,"id":3,"primaryId":3,"startTime":1565935909203,"type":"requester","partitionId":"default"}]
[20996][1565935909384][shell][info]["init~setViewAttributes - Success"]
[5726][1565946487949][shell][info]["EventBus~initialize - Success"]
[5726][1565946487952][shell][info]["shellController~init: Success"]
[5726][1565946487952][shell][info]["shellMeta~init: Success"]
[5726][1565946487962][shell][info]["init~setViewAttributes - Initializing view with opts:",{"devtools":false,"id":2,"startTime":1565946487689,"type":"shared","partitionId":"default"}]
[5726][1565946487965][shell][info]["init~setViewAttributes - Success"]
[5726][1565946489425][shell][info]["EventBus~initialize - Success"]
[5726][1565946489428][shell][info]["shellController~init: Success"]
[5726][1565946489429][shell][info]["shellMeta~init: Success"]
[5726][1565946489439][shell][info]["init~setViewAttributes - Initializing view with opts:",{"allIds":[3],"devtools":false,"id":3,"primaryId":3,"startTime":1565946489240,"type":"requester","partitionId":"default"}]
[5726][1565946489440][shell][info]["init~setViewAttributes - Success"]
[14891][1566195751842][shell][info]["EventBus~initialize - Success"]
[14891][1566195751845][shell][info]["shellController~init: Success"]
[14891][1566195751846][shell][info]["shellMeta~init: Success"]
[14891][1566195751857][shell][info]["init~setViewAttributes - Initializing view with opts:",{"devtools":false,"id":2,"startTime":1566195751559,"type":"shared","partitionId":"default"}]
[14891][1566195751858][shell][info]["init~setViewAttributes - Success"]
[14891][1566195753328][shell][info]["EventBus~initialize - Success"]
[14891][1566195753331][shell][info]["shellController~init: Success"]
[14891][1566195753332][shell][info]["shellMeta~init: Success"]
[14891][1566195753339][shell][info]["init~setViewAttributes - Initializing view with opts:",{"allIds":[3],"devtools":false,"id":3,"primaryId":3,"startTime":1566195753155,"type":"requester","partitionId":"default"}]
[14891][1566195753340][shell][info]["init~setViewAttributes - Success"]
[8451][1566274724125][shell][info]["EventBus~initialize - Success"]
[8451][1566274724129][shell][info]["shellController~init: Success"]
[8451][1566274724129][shell][info]["shellMeta~init: Success"]
[8451][1566274724139][shell][info]["init~setViewAttributes - Initializing view with opts:",{"devtools":false,"id":2,"startTime":1566274723840,"type":"shared","partitionId":"default"}]
[8451][1566274724140][shell][info]["init~setViewAttributes - Success"]
[8451][1566274725627][shell][info]["EventBus~initialize - Success"]
[8451][1566274725631][shell][info]["shellController~init: Success"]
[8451][1566274725631][shell][info]["shellMeta~init: Success"]
[8451][1566274725639][shell][info]["init~setViewAttributes - Initializing view with opts:",{"allIds":[3],"devtools":false,"id":3,"primaryId":3,"startTime":1566274725435,"type":"requester","partitionId":"default"}]
[8451][1566274725639][shell][info]["init~setViewAttributes - Success"]
[12657][1566564253787][shell][info]["EventBus~initialize - Success"]
[12657][1566564253791][shell][info]["shellController~init: Success"]
[12657][1566564253791][shell][info]["shellMeta~init: Success"]
[12657][1566564253803][shell][info]["init~setViewAttributes - Initializing view with opts:",{"devtools":false,"id":2,"startTime":1566564253495,"type":"shared","partitionId":"default"}]
[12657][1566564253803][shell][info]["init~setViewAttributes - Success"]
[12657][1566564255246][shell][info]["EventBus~initialize - Success"]
[12657][1566564255250][shell][info]["shellController~init: Success"]
[12657][1566564255250][shell][info]["shellMeta~init: Success"]
[12657][1566564255259][shell][info]["init~setViewAttributes - Initializing view with opts:",{"allIds":[3],"devtools":false,"id":3,"primaryId":3,"startTime":1566564255072,"type":"requester","partitionId":"default"}]
[12657][1566564255260][shell][info]["init~setViewAttributes - Success"]
[6814][1567429445252][shell][info]["EventBus~initialize - Success"]
[6814][1567429445255][shell][info]["shellController~init: Success"]
[6814][1567429445255][shell][info]["shellMeta~init: Success"]
[6814][1567429445265][shell][info]["init~setViewAttributes - Initializing view with opts:",{"devtools":false,"id":2,"startTime":1567429444958,"type":"shared","partitionId":"default"}]
[6814][1567429445266][shell][info]["init~setViewAttributes - Success"]
[6814][1567429446670][shell][info]["EventBus~initialize - Success"]
[6814][1567429446672][shell][info]["shellController~init: Success"]
[6814][1567429446673][shell][info]["shellMeta~init: Success"]
[6814][1567429446681][shell][info]["init~setViewAttributes - Initializing view with opts:",{"allIds":[3],"devtools":false,"id":3,"primaryId":3,"startTime":1567429446504,"type":"requester","partitionId":"default"}]
[6814][1567429446682][shell][info]["init~setViewAttributes - Success"]
[10360][1568116325065][shell][info]["EventBus~initialize - Success"]
[10360][1568116325069][shell][info]["shellController~init: Success"]
[10360][1568116325070][shell][info]["shellMeta~init: Success"]
[10360][1568116325155][shell][info]["init~setViewAttributes - Initializing view with opts:",{"devtools":false,"id":2,"startTime":1568116324650,"type":"shared","partitionId":"default"}]
[10360][1568116325157][shell][info]["init~setViewAttributes - Success"]
[10360][1568116326689][shell][info]["EventBus~initialize - Success"]
[10360][1568116326692][shell][info]["shellController~init: Success"]
[10360][1568116326692][shell][info]["shellMeta~init: Success"]
[10360][1568116326701][shell][info]["init~setViewAttributes - Initializing view with opts:",{"allIds":[3],"devtools":false,"id":3,"primaryId":3,"startTime":1568116326519,"type":"requester","partitionId":"default"}]
[10360][1568116326703][shell][info]["init~setViewAttributes - Success"]
[6535][1568266210756][shell][info]["EventBus~initialize - Success"]
[6535][1568266210760][shell][info]["shellController~init: Success"]
[6535][1568266210761][shell][info]["shellMeta~init: Success"]
[6535][1568266210880][shell][info]["init~setViewAttributes - Initializing view with opts:",{"devtools":false,"id":2,"startTime":1568266210420,"type":"shared","partitionId":"default"}]
[6535][1568266210882][shell][info]["init~setViewAttributes - Success"]
[6535][1568266212619][shell][info]["EventBus~initialize - Success"]
[6535][1568266212624][shell][info]["shellController~init: Success"]
[6535][1568266212624][shell][info]["shellMeta~init: Success"]
[6535][1568266212638][shell][info]["init~setViewAttributes - Initializing view with opts:",{"allIds":[3],"devtools":false,"id":3,"primaryId":3,"startTime":1568266212374,"type":"requester","partitionId":"default"}]
[6535][1568266212640][shell][info]["init~setViewAttributes - Success"]
[16288][1568869964205][shell][info]["EventBus~initialize - Success"]
[16288][1568869964209][shell][info]["shellController~init: Success"]
[16288][1568869964209][shell][info]["shellMeta~init: Success"]
[16288][1568869964219][shell][info]["init~setViewAttributes - Initializing view with opts:",{"devtools":false,"id":2,"startTime":1568869963958,"type":"shared","partitionId":"default"}]
[16288][1568869964221][shell][info]["init~setViewAttributes - Success"]
[16288][1568869965420][shell][info]["EventBus~initialize - Success"]
[16288][1568869965422][shell][info]["shellController~init: Success"]
[16288][1568869965422][shell][info]["shellMeta~init: Success"]
[16288][1568869965431][shell][info]["init~setViewAttributes - Initializing view with opts:",{"allIds":[3],"devtools":false,"id":3,"primaryId":3,"startTime":1568869965256,"type":"requester","partitionId":"default"}]
[16288][1568869965431][shell][info]["init~setViewAttributes - Success"]
[16221][1571208686833][shell][info]["EventBus~initialize - Success"]
[16221][1571208686838][shell][info]["shellController~init: Success"]
[16221][1571208686838][shell][info]["shellMeta~init: Success"]
[16221][1571208686872][shell][info]["init~setViewAttributes - Initializing view with opts:",{"devtools":false,"id":2,"startTime":1571208686346,"type":"shared","partitionId":"default"}]
[16221][1571208686873][shell][info]["init~setViewAttributes - Success"]
[16221][1571208688134][shell][info]["EventBus~initialize - Success"]
[16221][1571208688136][shell][info]["shellController~init: Success"]
[16221][1571208688137][shell][info]["shellMeta~init: Success"]
[16221][1571208688145][shell][info]["init~setViewAttributes - Initializing view with opts:",{"allIds":[3],"devtools":false,"id":3,"primaryId":3,"startTime":1571208687944,"type":"requester","partitionId":"default"}]
[16221][1571208688146][shell][info]["init~setViewAttributes - Success"]
