[2019-10-14 15:06:33.469] [exthost] [info] extension host started
[2019-10-14 15:06:33.515] [exthost] [info] ExtensionService#_doActivateExtension vscode.extension-editing {"startup":false,"activationEvent":"onLanguage:typescript"}
[2019-10-14 15:06:33.515] [exthost] [info] ExtensionService#loadCommonJSModule /usr/share/code/resources/app/extensions/extension-editing/dist/extension
[2019-10-14 15:06:33.552] [exthost] [info] ExtensionService#_doActivateExtension vscode.typescript-language-features {"startup":false,"activationEvent":"onLanguage:typescript"}
[2019-10-14 15:06:33.552] [exthost] [info] ExtensionService#loadCommonJSModule /usr/share/code/resources/app/extensions/typescript-language-features/dist/extension
[2019-10-14 15:06:33.613] [exthost] [info] ExtensionService#_doActivateExtension vscode.debug-auto-launch {"startup":true,"activationEvent":"*"}
[2019-10-14 15:06:33.613] [exthost] [info] ExtensionService#loadCommonJSModule /usr/share/code/resources/app/extensions/debug-auto-launch/dist/extension
[2019-10-14 15:06:33.615] [exthost] [info] ExtensionService#_doActivateExtension vscode.emmet {"startup":true,"activationEvent":"*"}
[2019-10-14 15:06:33.615] [exthost] [info] ExtensionService#loadCommonJSModule /usr/share/code/resources/app/extensions/emmet/dist/extension
[2019-10-14 15:06:33.652] [exthost] [info] ExtensionService#_doActivateExtension vscode.git {"startup":true,"activationEvent":"*"}
[2019-10-14 15:06:33.652] [exthost] [info] ExtensionService#loadCommonJSModule /usr/share/code/resources/app/extensions/git/dist/main
[2019-10-14 15:06:33.729] [exthost] [info] ExtensionService#_doActivateExtension vscode.merge-conflict {"startup":true,"activationEvent":"*"}
[2019-10-14 15:06:33.729] [exthost] [info] ExtensionService#loadCommonJSModule /usr/share/code/resources/app/extensions/merge-conflict/dist/extension
[2019-10-14 15:06:33.735] [exthost] [info] ExtensionService#_doActivateExtension vscode.npm {"startup":true,"activationEvent":"workspaceContains:package.json"}
[2019-10-14 15:06:33.735] [exthost] [info] ExtensionService#loadCommonJSModule /usr/share/code/resources/app/extensions/npm/dist/main
[2019-10-14 15:06:33.866] [exthost] [info] eager extensions activated
[2019-10-14 15:06:34.031] [exthost] [info] ExtensionService#_doActivateExtension vscode.grunt {"startup":false,"activationEvent":"onCommand:workbench.action.tasks.runTask"}
[2019-10-14 15:06:34.031] [exthost] [info] ExtensionService#loadCommonJSModule /usr/share/code/resources/app/extensions/grunt/dist/main
[2019-10-14 15:06:34.035] [exthost] [info] ExtensionService#_doActivateExtension vscode.gulp {"startup":false,"activationEvent":"onCommand:workbench.action.tasks.runTask"}
[2019-10-14 15:06:34.035] [exthost] [info] ExtensionService#loadCommonJSModule /usr/share/code/resources/app/extensions/gulp/dist/main
[2019-10-14 15:06:34.040] [exthost] [info] ExtensionService#_doActivateExtension vscode.jake {"startup":false,"activationEvent":"onCommand:workbench.action.tasks.runTask"}
[2019-10-14 15:06:34.040] [exthost] [info] ExtensionService#loadCommonJSModule /usr/share/code/resources/app/extensions/jake/dist/main
[2019-10-14 15:06:46.636] [exthost] [info] ExtensionService#_doActivateExtension vscode.configuration-editing {"startup":false,"activationEvent":"onLanguage:jsonc"}
[2019-10-14 15:06:46.636] [exthost] [info] ExtensionService#loadCommonJSModule /usr/share/code/resources/app/extensions/configuration-editing/dist/extension
[2019-10-14 15:06:46.643] [exthost] [info] ExtensionService#_doActivateExtension vscode.json-language-features {"startup":false,"activationEvent":"onLanguage:jsonc"}
[2019-10-14 15:06:46.643] [exthost] [info] ExtensionService#loadCommonJSModule /usr/share/code/resources/app/extensions/json-language-features/client/dist/jsonMain
