[Info  - 12:13:14 PM] Using tsserver from: /usr/share/code/resources/app/extensions/node_modules/typescript/lib
[Info  - 12:13:14 PM] <syntax> Forking...
[Info  - 12:13:14 PM] <syntax> Starting...
[Info  - 12:13:14 PM] <semantic> Forking...
[Info  - 12:13:14 PM] <semantic> Starting...
[Info  - 12:09:34 AM] TSServer exited
[Info  - 12:09:34 AM] Using tsserver from: /usr/share/code/resources/app/extensions/node_modules/typescript/lib
[Info  - 12:09:35 AM] <syntax> Forking...
[Info  - 12:09:35 AM] <syntax> Starting...
[Info  - 12:09:35 AM] <semantic> Forking...
[Info  - 12:09:35 AM] <semantic> Starting...
[Info  - 1:27:28 AM] TSServer exited
[Info  - 1:27:28 AM] Using tsserver from: /usr/share/code/resources/app/extensions/node_modules/typescript/lib
[Info  - 1:27:28 AM] <syntax> Forking...
[Info  - 1:27:28 AM] <syntax> Starting...
[Info  - 1:27:28 AM] <semantic> Forking...
[Info  - 1:27:28 AM] <semantic> Starting...
[Info  - 2:30:20 AM] TSServer exited
[Info  - 2:30:20 AM] Using tsserver from: /usr/share/code/resources/app/extensions/node_modules/typescript/lib
[Info  - 2:30:20 AM] <syntax> Forking...
[Info  - 2:30:20 AM] <syntax> Starting...
[Info  - 2:30:20 AM] <semantic> Forking...
[Info  - 2:30:20 AM] <semantic> Starting...
[Info  - 3:37:55 AM] TSServer exited
[Info  - 3:37:55 AM] Using tsserver from: /usr/share/code/resources/app/extensions/node_modules/typescript/lib
[Info  - 3:37:55 AM] <syntax> Forking...
[Info  - 3:37:55 AM] <syntax> Starting...
[Info  - 3:37:55 AM] <semantic> Forking...
[Info  - 3:37:55 AM] <semantic> Starting...
