[2019-10-03 05:46:04.850] [renderer1] [error] Error: [File Watcher (chokidar)] terminated unexpectedly and is restarted again...
[2019-10-03 05:46:11.874] [renderer1] [error] [File Watcher (chokidar)] terminated unexpectedly and is restarted again...
[2019-10-03 06:05:52.217] [renderer1] [error] Error: [File Watcher (chokidar)] terminated unexpectedly and is restarted again...
[2019-10-03 06:05:53.096] [renderer1] [error] [File Watcher (chokidar)] terminated unexpectedly and is restarted again...
[2019-10-03 06:30:35.916] [renderer1] [error] Error: [File Watcher (chokidar)] terminated unexpectedly and is restarted again...
[2019-10-03 06:30:38.431] [renderer1] [error] [File Watcher (chokidar)] terminated unexpectedly and is restarted again...
[2019-10-03 10:06:05.615] [renderer1] [error] connect ECONNREFUSED /run/user/1000/vscode-d9811f1e-1.37.1-shared.sock: Error: connect ECONNREFUSED /run/user/1000/vscode-d9811f1e-1.37.1-shared.sock
    at PipeConnectWrap.afterConnect [as oncomplete] (net.js:1113:14)
[2019-10-03 10:06:08.278] [renderer1] [error] Error: connect ECONNREFUSED /run/user/1000/vscode-d9811f1e-1.37.1-shared.sock
    at PipeConnectWrap.afterConnect [as oncomplete] (net.js:1113:14)
[2019-10-03 10:06:08.280] [renderer1] [error] connect ECONNREFUSED /run/user/1000/vscode-d9811f1e-1.37.1-shared.sock: Error: connect ECONNREFUSED /run/user/1000/vscode-d9811f1e-1.37.1-shared.sock
    at PipeConnectWrap.afterConnect [as oncomplete] (net.js:1113:14)
[2019-10-03 10:11:08.278] [renderer1] [error] Error: connect ECONNREFUSED /run/user/1000/vscode-d9811f1e-1.37.1-shared.sock
    at PipeConnectWrap.afterConnect [as oncomplete] (net.js:1113:14)
[2019-10-03 10:16:08.278] [renderer1] [error] Error: connect ECONNREFUSED /run/user/1000/vscode-d9811f1e-1.37.1-shared.sock
    at PipeConnectWrap.afterConnect [as oncomplete] (net.js:1113:14)
[2019-10-03 10:21:08.279] [renderer1] [error] Error: connect ECONNREFUSED /run/user/1000/vscode-d9811f1e-1.37.1-shared.sock
    at PipeConnectWrap.afterConnect [as oncomplete] (net.js:1113:14)
[2019-10-03 10:26:08.279] [renderer1] [error] Error: connect ECONNREFUSED /run/user/1000/vscode-d9811f1e-1.37.1-shared.sock
    at PipeConnectWrap.afterConnect [as oncomplete] (net.js:1113:14)
[2019-10-03 10:31:08.280] [renderer1] [error] Error: connect ECONNREFUSED /run/user/1000/vscode-d9811f1e-1.37.1-shared.sock
    at PipeConnectWrap.afterConnect [as oncomplete] (net.js:1113:14)
[2019-10-03 10:36:08.280] [renderer1] [error] Error: connect ECONNREFUSED /run/user/1000/vscode-d9811f1e-1.37.1-shared.sock
    at PipeConnectWrap.afterConnect [as oncomplete] (net.js:1113:14)
[2019-10-03 10:41:08.281] [renderer1] [error] Error: connect ECONNREFUSED /run/user/1000/vscode-d9811f1e-1.37.1-shared.sock
    at PipeConnectWrap.afterConnect [as oncomplete] (net.js:1113:14)
[2019-10-03 10:46:08.281] [renderer1] [error] Error: connect ECONNREFUSED /run/user/1000/vscode-d9811f1e-1.37.1-shared.sock
    at PipeConnectWrap.afterConnect [as oncomplete] (net.js:1113:14)
[2019-10-03 10:51:08.281] [renderer1] [error] Error: connect ECONNREFUSED /run/user/1000/vscode-d9811f1e-1.37.1-shared.sock
    at PipeConnectWrap.afterConnect [as oncomplete] (net.js:1113:14)
[2019-10-03 10:56:08.282] [renderer1] [error] Error: connect ECONNREFUSED /run/user/1000/vscode-d9811f1e-1.37.1-shared.sock
    at PipeConnectWrap.afterConnect [as oncomplete] (net.js:1113:14)
[2019-10-03 11:01:08.282] [renderer1] [error] Error: connect ECONNREFUSED /run/user/1000/vscode-d9811f1e-1.37.1-shared.sock
    at PipeConnectWrap.afterConnect [as oncomplete] (net.js:1113:14)
[2019-10-03 11:06:08.283] [renderer1] [error] Error: connect ECONNREFUSED /run/user/1000/vscode-d9811f1e-1.37.1-shared.sock
    at PipeConnectWrap.afterConnect [as oncomplete] (net.js:1113:14)
[2019-10-03 11:11:08.283] [renderer1] [error] Error: connect ECONNREFUSED /run/user/1000/vscode-d9811f1e-1.37.1-shared.sock
    at PipeConnectWrap.afterConnect [as oncomplete] (net.js:1113:14)
[2019-10-03 11:16:08.284] [renderer1] [error] Error: connect ECONNREFUSED /run/user/1000/vscode-d9811f1e-1.37.1-shared.sock
    at PipeConnectWrap.afterConnect [as oncomplete] (net.js:1113:14)
[2019-10-03 11:21:08.284] [renderer1] [error] Error: connect ECONNREFUSED /run/user/1000/vscode-d9811f1e-1.37.1-shared.sock
    at PipeConnectWrap.afterConnect [as oncomplete] (net.js:1113:14)
[2019-10-03 11:26:08.285] [renderer1] [error] Error: connect ECONNREFUSED /run/user/1000/vscode-d9811f1e-1.37.1-shared.sock
    at PipeConnectWrap.afterConnect [as oncomplete] (net.js:1113:14)
[2019-10-03 11:31:08.285] [renderer1] [error] Error: connect ECONNREFUSED /run/user/1000/vscode-d9811f1e-1.37.1-shared.sock
    at PipeConnectWrap.afterConnect [as oncomplete] (net.js:1113:14)
[2019-10-03 11:36:08.285] [renderer1] [error] Error: connect ECONNREFUSED /run/user/1000/vscode-d9811f1e-1.37.1-shared.sock
    at PipeConnectWrap.afterConnect [as oncomplete] (net.js:1113:14)
[2019-10-03 11:41:08.285] [renderer1] [error] Error: connect ECONNREFUSED /run/user/1000/vscode-d9811f1e-1.37.1-shared.sock
    at PipeConnectWrap.afterConnect [as oncomplete] (net.js:1113:14)
[2019-10-03 11:46:08.286] [renderer1] [error] Error: connect ECONNREFUSED /run/user/1000/vscode-d9811f1e-1.37.1-shared.sock
    at PipeConnectWrap.afterConnect [as oncomplete] (net.js:1113:14)
[2019-10-03 11:51:08.286] [renderer1] [error] Error: connect ECONNREFUSED /run/user/1000/vscode-d9811f1e-1.37.1-shared.sock
    at PipeConnectWrap.afterConnect [as oncomplete] (net.js:1113:14)
[2019-10-03 11:56:08.287] [renderer1] [error] Error: connect ECONNREFUSED /run/user/1000/vscode-d9811f1e-1.37.1-shared.sock
    at PipeConnectWrap.afterConnect [as oncomplete] (net.js:1113:14)
[2019-10-03 12:01:08.287] [renderer1] [error] Error: connect ECONNREFUSED /run/user/1000/vscode-d9811f1e-1.37.1-shared.sock
    at PipeConnectWrap.afterConnect [as oncomplete] (net.js:1113:14)
[2019-10-03 12:06:08.288] [renderer1] [error] Error: connect ECONNREFUSED /run/user/1000/vscode-d9811f1e-1.37.1-shared.sock
    at PipeConnectWrap.afterConnect [as oncomplete] (net.js:1113:14)
[2019-10-03 12:11:08.288] [renderer1] [error] Error: connect ECONNREFUSED /run/user/1000/vscode-d9811f1e-1.37.1-shared.sock
    at PipeConnectWrap.afterConnect [as oncomplete] (net.js:1113:14)
[2019-10-03 12:16:08.288] [renderer1] [error] Error: connect ECONNREFUSED /run/user/1000/vscode-d9811f1e-1.37.1-shared.sock
    at PipeConnectWrap.afterConnect [as oncomplete] (net.js:1113:14)
[2019-10-03 12:21:08.289] [renderer1] [error] Error: connect ECONNREFUSED /run/user/1000/vscode-d9811f1e-1.37.1-shared.sock
    at PipeConnectWrap.afterConnect [as oncomplete] (net.js:1113:14)
[2019-10-03 12:26:08.289] [renderer1] [error] Error: connect ECONNREFUSED /run/user/1000/vscode-d9811f1e-1.37.1-shared.sock
    at PipeConnectWrap.afterConnect [as oncomplete] (net.js:1113:14)
[2019-10-03 12:31:08.290] [renderer1] [error] Error: connect ECONNREFUSED /run/user/1000/vscode-d9811f1e-1.37.1-shared.sock
    at PipeConnectWrap.afterConnect [as oncomplete] (net.js:1113:14)
[2019-10-03 12:36:08.290] [renderer1] [error] Error: connect ECONNREFUSED /run/user/1000/vscode-d9811f1e-1.37.1-shared.sock
    at PipeConnectWrap.afterConnect [as oncomplete] (net.js:1113:14)
[2019-10-03 12:41:08.291] [renderer1] [error] Error: connect ECONNREFUSED /run/user/1000/vscode-d9811f1e-1.37.1-shared.sock
    at PipeConnectWrap.afterConnect [as oncomplete] (net.js:1113:14)
[2019-10-03 12:46:08.291] [renderer1] [error] Error: connect ECONNREFUSED /run/user/1000/vscode-d9811f1e-1.37.1-shared.sock
    at PipeConnectWrap.afterConnect [as oncomplete] (net.js:1113:14)
[2019-10-03 12:51:08.292] [renderer1] [error] Error: connect ECONNREFUSED /run/user/1000/vscode-d9811f1e-1.37.1-shared.sock
    at PipeConnectWrap.afterConnect [as oncomplete] (net.js:1113:14)
[2019-10-03 12:56:08.292] [renderer1] [error] Error: connect ECONNREFUSED /run/user/1000/vscode-d9811f1e-1.37.1-shared.sock
    at PipeConnectWrap.afterConnect [as oncomplete] (net.js:1113:14)
[2019-10-03 13:01:08.292] [renderer1] [error] Error: connect ECONNREFUSED /run/user/1000/vscode-d9811f1e-1.37.1-shared.sock
    at PipeConnectWrap.afterConnect [as oncomplete] (net.js:1113:14)
[2019-10-03 13:06:08.293] [renderer1] [error] Error: connect ECONNREFUSED /run/user/1000/vscode-d9811f1e-1.37.1-shared.sock
    at PipeConnectWrap.afterConnect [as oncomplete] (net.js:1113:14)
[2019-10-03 13:11:08.293] [renderer1] [error] Error: connect ECONNREFUSED /run/user/1000/vscode-d9811f1e-1.37.1-shared.sock
    at PipeConnectWrap.afterConnect [as oncomplete] (net.js:1113:14)
[2019-10-03 13:16:08.294] [renderer1] [error] Error: connect ECONNREFUSED /run/user/1000/vscode-d9811f1e-1.37.1-shared.sock
    at PipeConnectWrap.afterConnect [as oncomplete] (net.js:1113:14)
[2019-10-03 13:21:08.294] [renderer1] [error] Error: connect ECONNREFUSED /run/user/1000/vscode-d9811f1e-1.37.1-shared.sock
    at PipeConnectWrap.afterConnect [as oncomplete] (net.js:1113:14)
[2019-10-03 13:26:08.295] [renderer1] [error] Error: connect ECONNREFUSED /run/user/1000/vscode-d9811f1e-1.37.1-shared.sock
    at PipeConnectWrap.afterConnect [as oncomplete] (net.js:1113:14)
[2019-10-03 13:31:08.295] [renderer1] [error] Error: connect ECONNREFUSED /run/user/1000/vscode-d9811f1e-1.37.1-shared.sock
    at PipeConnectWrap.afterConnect [as oncomplete] (net.js:1113:14)
[2019-10-03 13:36:08.295] [renderer1] [error] Error: connect ECONNREFUSED /run/user/1000/vscode-d9811f1e-1.37.1-shared.sock
    at PipeConnectWrap.afterConnect [as oncomplete] (net.js:1113:14)
[2019-10-03 13:41:08.296] [renderer1] [error] Error: connect ECONNREFUSED /run/user/1000/vscode-d9811f1e-1.37.1-shared.sock
    at PipeConnectWrap.afterConnect [as oncomplete] (net.js:1113:14)
[2019-10-03 13:46:08.296] [renderer1] [error] Error: connect ECONNREFUSED /run/user/1000/vscode-d9811f1e-1.37.1-shared.sock
    at PipeConnectWrap.afterConnect [as oncomplete] (net.js:1113:14)
[2019-10-03 13:51:08.297] [renderer1] [error] Error: connect ECONNREFUSED /run/user/1000/vscode-d9811f1e-1.37.1-shared.sock
    at PipeConnectWrap.afterConnect [as oncomplete] (net.js:1113:14)
[2019-10-03 13:56:08.297] [renderer1] [error] Error: connect ECONNREFUSED /run/user/1000/vscode-d9811f1e-1.37.1-shared.sock
    at PipeConnectWrap.afterConnect [as oncomplete] (net.js:1113:14)
[2019-10-03 14:01:08.298] [renderer1] [error] Error: connect ECONNREFUSED /run/user/1000/vscode-d9811f1e-1.37.1-shared.sock
    at PipeConnectWrap.afterConnect [as oncomplete] (net.js:1113:14)
[2019-10-03 14:06:08.298] [renderer1] [error] Error: connect ECONNREFUSED /run/user/1000/vscode-d9811f1e-1.37.1-shared.sock
    at PipeConnectWrap.afterConnect [as oncomplete] (net.js:1113:14)
[2019-10-03 14:11:08.299] [renderer1] [error] Error: connect ECONNREFUSED /run/user/1000/vscode-d9811f1e-1.37.1-shared.sock
    at PipeConnectWrap.afterConnect [as oncomplete] (net.js:1113:14)
[2019-10-03 14:16:08.299] [renderer1] [error] Error: connect ECONNREFUSED /run/user/1000/vscode-d9811f1e-1.37.1-shared.sock
    at PipeConnectWrap.afterConnect [as oncomplete] (net.js:1113:14)
[2019-10-03 14:21:08.300] [renderer1] [error] Error: connect ECONNREFUSED /run/user/1000/vscode-d9811f1e-1.37.1-shared.sock
    at PipeConnectWrap.afterConnect [as oncomplete] (net.js:1113:14)
[2019-10-03 14:26:08.300] [renderer1] [error] Error: connect ECONNREFUSED /run/user/1000/vscode-d9811f1e-1.37.1-shared.sock
    at PipeConnectWrap.afterConnect [as oncomplete] (net.js:1113:14)
[2019-10-03 14:31:08.301] [renderer1] [error] Error: connect ECONNREFUSED /run/user/1000/vscode-d9811f1e-1.37.1-shared.sock
    at PipeConnectWrap.afterConnect [as oncomplete] (net.js:1113:14)
[2019-10-03 14:36:08.301] [renderer1] [error] Error: connect ECONNREFUSED /run/user/1000/vscode-d9811f1e-1.37.1-shared.sock
    at PipeConnectWrap.afterConnect [as oncomplete] (net.js:1113:14)
[2019-10-03 14:41:08.301] [renderer1] [error] Error: connect ECONNREFUSED /run/user/1000/vscode-d9811f1e-1.37.1-shared.sock
    at PipeConnectWrap.afterConnect [as oncomplete] (net.js:1113:14)
[2019-10-03 14:46:08.302] [renderer1] [error] Error: connect ECONNREFUSED /run/user/1000/vscode-d9811f1e-1.37.1-shared.sock
    at PipeConnectWrap.afterConnect [as oncomplete] (net.js:1113:14)
[2019-10-03 14:51:08.302] [renderer1] [error] Error: connect ECONNREFUSED /run/user/1000/vscode-d9811f1e-1.37.1-shared.sock
    at PipeConnectWrap.afterConnect [as oncomplete] (net.js:1113:14)
[2019-10-03 14:56:08.303] [renderer1] [error] Error: connect ECONNREFUSED /run/user/1000/vscode-d9811f1e-1.37.1-shared.sock
    at PipeConnectWrap.afterConnect [as oncomplete] (net.js:1113:14)
[2019-10-03 15:01:08.303] [renderer1] [error] Error: connect ECONNREFUSED /run/user/1000/vscode-d9811f1e-1.37.1-shared.sock
    at PipeConnectWrap.afterConnect [as oncomplete] (net.js:1113:14)
[2019-10-03 15:06:08.304] [renderer1] [error] Error: connect ECONNREFUSED /run/user/1000/vscode-d9811f1e-1.37.1-shared.sock
    at PipeConnectWrap.afterConnect [as oncomplete] (net.js:1113:14)
[2019-10-03 15:11:08.304] [renderer1] [error] Error: connect ECONNREFUSED /run/user/1000/vscode-d9811f1e-1.37.1-shared.sock
    at PipeConnectWrap.afterConnect [as oncomplete] (net.js:1113:14)
[2019-10-03 15:16:08.304] [renderer1] [error] Error: connect ECONNREFUSED /run/user/1000/vscode-d9811f1e-1.37.1-shared.sock
    at PipeConnectWrap.afterConnect [as oncomplete] (net.js:1113:14)
[2019-10-03 15:21:08.305] [renderer1] [error] Error: connect ECONNREFUSED /run/user/1000/vscode-d9811f1e-1.37.1-shared.sock
    at PipeConnectWrap.afterConnect [as oncomplete] (net.js:1113:14)
[2019-10-03 15:26:08.305] [renderer1] [error] Error: connect ECONNREFUSED /run/user/1000/vscode-d9811f1e-1.37.1-shared.sock
    at PipeConnectWrap.afterConnect [as oncomplete] (net.js:1113:14)
[2019-10-03 15:31:08.306] [renderer1] [error] Error: connect ECONNREFUSED /run/user/1000/vscode-d9811f1e-1.37.1-shared.sock
    at PipeConnectWrap.afterConnect [as oncomplete] (net.js:1113:14)
[2019-10-03 15:36:08.306] [renderer1] [error] Error: connect ECONNREFUSED /run/user/1000/vscode-d9811f1e-1.37.1-shared.sock
    at PipeConnectWrap.afterConnect [as oncomplete] (net.js:1113:14)
[2019-10-03 15:41:08.307] [renderer1] [error] Error: connect ECONNREFUSED /run/user/1000/vscode-d9811f1e-1.37.1-shared.sock
    at PipeConnectWrap.afterConnect [as oncomplete] (net.js:1113:14)
[2019-10-03 15:46:08.307] [renderer1] [error] Error: connect ECONNREFUSED /run/user/1000/vscode-d9811f1e-1.37.1-shared.sock
    at PipeConnectWrap.afterConnect [as oncomplete] (net.js:1113:14)
[2019-10-03 15:51:08.308] [renderer1] [error] Error: connect ECONNREFUSED /run/user/1000/vscode-d9811f1e-1.37.1-shared.sock
    at PipeConnectWrap.afterConnect [as oncomplete] (net.js:1113:14)
[2019-10-03 15:56:08.308] [renderer1] [error] Error: connect ECONNREFUSED /run/user/1000/vscode-d9811f1e-1.37.1-shared.sock
    at PipeConnectWrap.afterConnect [as oncomplete] (net.js:1113:14)
[2019-10-03 16:01:08.308] [renderer1] [error] Error: connect ECONNREFUSED /run/user/1000/vscode-d9811f1e-1.37.1-shared.sock
    at PipeConnectWrap.afterConnect [as oncomplete] (net.js:1113:14)
[2019-10-03 16:06:08.309] [renderer1] [error] Error: connect ECONNREFUSED /run/user/1000/vscode-d9811f1e-1.37.1-shared.sock
    at PipeConnectWrap.afterConnect [as oncomplete] (net.js:1113:14)
[2019-10-03 16:11:08.309] [renderer1] [error] Error: connect ECONNREFUSED /run/user/1000/vscode-d9811f1e-1.37.1-shared.sock
    at PipeConnectWrap.afterConnect [as oncomplete] (net.js:1113:14)
[2019-10-03 16:16:08.310] [renderer1] [error] Error: connect ECONNREFUSED /run/user/1000/vscode-d9811f1e-1.37.1-shared.sock
    at PipeConnectWrap.afterConnect [as oncomplete] (net.js:1113:14)
[2019-10-03 16:21:08.311] [renderer1] [error] Error: connect ECONNREFUSED /run/user/1000/vscode-d9811f1e-1.37.1-shared.sock
    at PipeConnectWrap.afterConnect [as oncomplete] (net.js:1113:14)
[2019-10-03 16:26:08.311] [renderer1] [error] Error: connect ECONNREFUSED /run/user/1000/vscode-d9811f1e-1.37.1-shared.sock
    at PipeConnectWrap.afterConnect [as oncomplete] (net.js:1113:14)
[2019-10-03 16:31:08.311] [renderer1] [error] Error: connect ECONNREFUSED /run/user/1000/vscode-d9811f1e-1.37.1-shared.sock
    at PipeConnectWrap.afterConnect [as oncomplete] (net.js:1113:14)
[2019-10-03 16:36:08.312] [renderer1] [error] Error: connect ECONNREFUSED /run/user/1000/vscode-d9811f1e-1.37.1-shared.sock
    at PipeConnectWrap.afterConnect [as oncomplete] (net.js:1113:14)
[2019-10-03 16:41:08.312] [renderer1] [error] Error: connect ECONNREFUSED /run/user/1000/vscode-d9811f1e-1.37.1-shared.sock
    at PipeConnectWrap.afterConnect [as oncomplete] (net.js:1113:14)
[2019-10-03 16:46:08.313] [renderer1] [error] Error: connect ECONNREFUSED /run/user/1000/vscode-d9811f1e-1.37.1-shared.sock
    at PipeConnectWrap.afterConnect [as oncomplete] (net.js:1113:14)
[2019-10-03 16:51:08.313] [renderer1] [error] Error: connect ECONNREFUSED /run/user/1000/vscode-d9811f1e-1.37.1-shared.sock
    at PipeConnectWrap.afterConnect [as oncomplete] (net.js:1113:14)
[2019-10-03 16:56:08.313] [renderer1] [error] Error: connect ECONNREFUSED /run/user/1000/vscode-d9811f1e-1.37.1-shared.sock
    at PipeConnectWrap.afterConnect [as oncomplete] (net.js:1113:14)
[2019-10-03 17:01:08.314] [renderer1] [error] Error: connect ECONNREFUSED /run/user/1000/vscode-d9811f1e-1.37.1-shared.sock
    at PipeConnectWrap.afterConnect [as oncomplete] (net.js:1113:14)
[2019-10-03 17:06:08.314] [renderer1] [error] Error: connect ECONNREFUSED /run/user/1000/vscode-d9811f1e-1.37.1-shared.sock
    at PipeConnectWrap.afterConnect [as oncomplete] (net.js:1113:14)
[2019-10-03 17:11:08.314] [renderer1] [error] Error: connect ECONNREFUSED /run/user/1000/vscode-d9811f1e-1.37.1-shared.sock
    at PipeConnectWrap.afterConnect [as oncomplete] (net.js:1113:14)
[2019-10-03 17:16:08.315] [renderer1] [error] Error: connect ECONNREFUSED /run/user/1000/vscode-d9811f1e-1.37.1-shared.sock
    at PipeConnectWrap.afterConnect [as oncomplete] (net.js:1113:14)
[2019-10-03 17:21:08.315] [renderer1] [error] Error: connect ECONNREFUSED /run/user/1000/vscode-d9811f1e-1.37.1-shared.sock
    at PipeConnectWrap.afterConnect [as oncomplete] (net.js:1113:14)
[2019-10-03 17:26:08.316] [renderer1] [error] Error: connect ECONNREFUSED /run/user/1000/vscode-d9811f1e-1.37.1-shared.sock
    at PipeConnectWrap.afterConnect [as oncomplete] (net.js:1113:14)
[2019-10-03 17:31:08.316] [renderer1] [error] Error: connect ECONNREFUSED /run/user/1000/vscode-d9811f1e-1.37.1-shared.sock
    at PipeConnectWrap.afterConnect [as oncomplete] (net.js:1113:14)
[2019-10-03 17:36:08.317] [renderer1] [error] Error: connect ECONNREFUSED /run/user/1000/vscode-d9811f1e-1.37.1-shared.sock
    at PipeConnectWrap.afterConnect [as oncomplete] (net.js:1113:14)
[2019-10-03 17:41:08.317] [renderer1] [error] Error: connect ECONNREFUSED /run/user/1000/vscode-d9811f1e-1.37.1-shared.sock
    at PipeConnectWrap.afterConnect [as oncomplete] (net.js:1113:14)
[2019-10-03 17:46:08.318] [renderer1] [error] Error: connect ECONNREFUSED /run/user/1000/vscode-d9811f1e-1.37.1-shared.sock
    at PipeConnectWrap.afterConnect [as oncomplete] (net.js:1113:14)
[2019-10-03 17:51:08.318] [renderer1] [error] Error: connect ECONNREFUSED /run/user/1000/vscode-d9811f1e-1.37.1-shared.sock
    at PipeConnectWrap.afterConnect [as oncomplete] (net.js:1113:14)
[2019-10-03 17:56:08.319] [renderer1] [error] Error: connect ECONNREFUSED /run/user/1000/vscode-d9811f1e-1.37.1-shared.sock
    at PipeConnectWrap.afterConnect [as oncomplete] (net.js:1113:14)
[2019-10-03 18:01:08.319] [renderer1] [error] Error: connect ECONNREFUSED /run/user/1000/vscode-d9811f1e-1.37.1-shared.sock
    at PipeConnectWrap.afterConnect [as oncomplete] (net.js:1113:14)
[2019-10-03 18:06:08.320] [renderer1] [error] Error: connect ECONNREFUSED /run/user/1000/vscode-d9811f1e-1.37.1-shared.sock
    at PipeConnectWrap.afterConnect [as oncomplete] (net.js:1113:14)
[2019-10-03 18:11:08.320] [renderer1] [error] Error: connect ECONNREFUSED /run/user/1000/vscode-d9811f1e-1.37.1-shared.sock
    at PipeConnectWrap.afterConnect [as oncomplete] (net.js:1113:14)
[2019-10-03 18:16:08.321] [renderer1] [error] Error: connect ECONNREFUSED /run/user/1000/vscode-d9811f1e-1.37.1-shared.sock
    at PipeConnectWrap.afterConnect [as oncomplete] (net.js:1113:14)
[2019-10-03 18:21:08.321] [renderer1] [error] Error: connect ECONNREFUSED /run/user/1000/vscode-d9811f1e-1.37.1-shared.sock
    at PipeConnectWrap.afterConnect [as oncomplete] (net.js:1113:14)
[2019-10-03 18:26:08.321] [renderer1] [error] Error: connect ECONNREFUSED /run/user/1000/vscode-d9811f1e-1.37.1-shared.sock
    at PipeConnectWrap.afterConnect [as oncomplete] (net.js:1113:14)
[2019-10-03 18:31:08.322] [renderer1] [error] Error: connect ECONNREFUSED /run/user/1000/vscode-d9811f1e-1.37.1-shared.sock
    at PipeConnectWrap.afterConnect [as oncomplete] (net.js:1113:14)
[2019-10-03 18:36:08.323] [renderer1] [error] Error: connect ECONNREFUSED /run/user/1000/vscode-d9811f1e-1.37.1-shared.sock
    at PipeConnectWrap.afterConnect [as oncomplete] (net.js:1113:14)
[2019-10-03 18:41:08.323] [renderer1] [error] Error: connect ECONNREFUSED /run/user/1000/vscode-d9811f1e-1.37.1-shared.sock
    at PipeConnectWrap.afterConnect [as oncomplete] (net.js:1113:14)
[2019-10-03 18:46:08.324] [renderer1] [error] Error: connect ECONNREFUSED /run/user/1000/vscode-d9811f1e-1.37.1-shared.sock
    at PipeConnectWrap.afterConnect [as oncomplete] (net.js:1113:14)
[2019-10-03 18:51:08.324] [renderer1] [error] Error: connect ECONNREFUSED /run/user/1000/vscode-d9811f1e-1.37.1-shared.sock
    at PipeConnectWrap.afterConnect [as oncomplete] (net.js:1113:14)
[2019-10-03 18:56:08.324] [renderer1] [error] Error: connect ECONNREFUSED /run/user/1000/vscode-d9811f1e-1.37.1-shared.sock
    at PipeConnectWrap.afterConnect [as oncomplete] (net.js:1113:14)
